status file for recon-all
Thu Jan 18 02:05:29 UTC 2018
#@# MotionCor Thu Jan 18 02:05:36 UTC 2018
#@# Talairach Thu Jan 18 02:06:00 UTC 2018
#@# Talairach Failure Detection Thu Jan 18 02:10:26 UTC 2018
#@# Nu Intensity Correction Thu Jan 18 02:10:27 UTC 2018
#@# Intensity Normalization Thu Jan 18 02:15:53 UTC 2018
#@# Skull Stripping Thu Jan 18 02:21:14 UTC 2018
#@# EM Registration Thu Jan 18 03:10:58 UTC 2018
#@# CA Normalize Thu Jan 18 04:00:04 UTC 2018
#@# CA Reg Thu Jan 18 04:03:56 UTC 2018
#@# SubCort Seg Thu Jan 18 11:16:05 UTC 2018
#@# Merge ASeg Thu Jan 18 13:59:17 UTC 2018
#@# Intensity Normalization2 Thu Jan 18 13:59:17 UTC 2018
#@# Mask BFS Thu Jan 18 14:06:35 UTC 2018
#@# WM Segmentation Thu Jan 18 14:06:39 UTC 2018
#@# Fill Thu Jan 18 14:12:01 UTC 2018
#@# Tessellate lh Thu Jan 18 14:13:47 UTC 2018
#@# Tessellate rh Thu Jan 18 14:14:00 UTC 2018
#@# Smooth1 lh Thu Jan 18 14:14:14 UTC 2018
#@# Smooth1 rh Thu Jan 18 14:14:25 UTC 2018
#@# Inflation1 lh Thu Jan 18 14:14:35 UTC 2018
#@# Inflation1 rh Thu Jan 18 14:15:38 UTC 2018
#@# QSphere lh Thu Jan 18 14:16:41 UTC 2018
#@# QSphere rh Thu Jan 18 14:23:11 UTC 2018
#@# Fix Topology Copy lh Thu Jan 18 14:29:31 UTC 2018
#@# Fix Topology Copy rh Thu Jan 18 14:29:31 UTC 2018
#@# Fix Topology lh Thu Jan 18 14:29:31 UTC 2018
#@# Fix Topology rh Thu Jan 18 15:39:40 UTC 2018
#@# Make White Surf lh Thu Jan 18 16:42:37 UTC 2018
#@# Make White Surf rh Thu Jan 18 16:51:58 UTC 2018
#@# Smooth2 lh Thu Jan 18 17:00:52 UTC 2018
#@# Smooth2 rh Thu Jan 18 17:01:03 UTC 2018
#@# Inflation2 lh Thu Jan 18 17:01:13 UTC 2018
#@# Inflation2 rh Thu Jan 18 17:02:20 UTC 2018
#@# Curv .H and .K lh Thu Jan 18 17:03:24 UTC 2018
#@# Curv .H and .K rh Thu Jan 18 17:05:59 UTC 2018
#@# Curvature Stats lh Thu Jan 18 17:08:34 UTC 2018
#@# Curvature Stats rh Thu Jan 18 17:08:40 UTC 2018
#@# Sphere lh Thu Jan 18 17:08:47 UTC 2018
#@# Sphere rh Thu Jan 18 19:07:35 UTC 2018
#@# Surf Reg lh Thu Jan 18 20:36:15 UTC 2018
#@# Surf Reg rh Thu Jan 18 22:23:37 UTC 2018
#@# Jacobian white lh Fri Jan 19 00:04:24 UTC 2018
#@# Jacobian white rh Fri Jan 19 00:04:28 UTC 2018
#@# AvgCurv lh Fri Jan 19 00:04:31 UTC 2018
#@# AvgCurv rh Fri Jan 19 00:04:34 UTC 2018
#@# Cortical Parc lh Fri Jan 19 00:04:37 UTC 2018
#@# Cortical Parc rh Fri Jan 19 00:05:05 UTC 2018
#@# Make Pial Surf lh Fri Jan 19 00:05:30 UTC 2018
#@# Make Pial Surf rh Fri Jan 19 00:33:05 UTC 2018
#@# Surf Volume lh Fri Jan 19 01:00:32 UTC 2018
#@# Surf Volume rh Fri Jan 19 01:00:39 UTC 2018
#@# Cortical ribbon mask Fri Jan 19 01:00:46 UTC 2018
#@# Parcellation Stats lh Fri Jan 19 01:25:56 UTC 2018
#@# Parcellation Stats rh Fri Jan 19 01:28:37 UTC 2018
#@# Cortical Parc 2 lh Fri Jan 19 01:31:19 UTC 2018
#@# Cortical Parc 2 rh Fri Jan 19 01:31:56 UTC 2018
#@# Parcellation Stats 2 lh Fri Jan 19 01:32:33 UTC 2018
#@# Parcellation Stats 2 rh Fri Jan 19 01:33:57 UTC 2018
#@# Cortical Parc 3 lh Fri Jan 19 01:35:21 UTC 2018
#@# Cortical Parc 3 rh Fri Jan 19 01:35:52 UTC 2018
#@# Parcellation Stats 3 lh Fri Jan 19 01:36:21 UTC 2018
#@# Parcellation Stats 3 rh Fri Jan 19 01:37:40 UTC 2018
#@# WM/GM Contrast lh Fri Jan 19 01:38:59 UTC 2018
#@# WM/GM Contrast rh Fri Jan 19 01:39:11 UTC 2018
#@# Relabel Hypointensities Fri Jan 19 01:39:24 UTC 2018
#@# AParc-to-ASeg aparc Fri Jan 19 01:40:16 UTC 2018
#@# AParc-to-ASeg a2009s Fri Jan 19 01:50:44 UTC 2018
#@# AParc-to-ASeg DKTatlas Fri Jan 19 02:01:12 UTC 2018
#@# APas-to-ASeg Fri Jan 19 02:11:40 UTC 2018
#@# ASeg Stats Fri Jan 19 02:11:55 UTC 2018
#@# WMParc Fri Jan 19 02:20:44 UTC 2018
#@# BA_exvivo Labels lh Fri Jan 19 02:40:34 UTC 2018
#@# BA_exvivo Labels rh Fri Jan 19 02:49:21 UTC 2018
recon-all -s 4099 finished without error at Fri Jan 19 02:57:57 UTC 2018
