status file for recon-all
Sat Jan 13 22:34:41 UTC 2018
#@# MotionCor Sat Jan 13 22:34:46 UTC 2018
#@# Talairach Sat Jan 13 22:35:08 UTC 2018
#@# Talairach Failure Detection Sat Jan 13 22:39:30 UTC 2018
#@# Nu Intensity Correction Sat Jan 13 22:39:33 UTC 2018
#@# Intensity Normalization Sat Jan 13 22:44:40 UTC 2018
#@# Skull Stripping Sat Jan 13 22:50:15 UTC 2018
#@# EM Registration Sat Jan 13 23:29:14 UTC 2018
#@# CA Normalize Sun Jan 14 00:08:19 UTC 2018
#@# CA Reg Sun Jan 14 00:11:58 UTC 2018
#@# SubCort Seg Sun Jan 14 07:20:31 UTC 2018
#@# Merge ASeg Sun Jan 14 09:34:39 UTC 2018
#@# Intensity Normalization2 Sun Jan 14 09:34:39 UTC 2018
#@# Mask BFS Sun Jan 14 09:43:22 UTC 2018
#@# WM Segmentation Sun Jan 14 09:43:27 UTC 2018
#@# Fill Sun Jan 14 09:48:00 UTC 2018
#@# Tessellate lh Sun Jan 14 09:50:14 UTC 2018
#@# Tessellate rh Sun Jan 14 09:50:30 UTC 2018
#@# Smooth1 lh Sun Jan 14 09:50:45 UTC 2018
#@# Smooth1 rh Sun Jan 14 09:50:56 UTC 2018
#@# Inflation1 lh Sun Jan 14 09:51:06 UTC 2018
#@# Inflation1 rh Sun Jan 14 09:52:13 UTC 2018
#@# QSphere lh Sun Jan 14 09:53:21 UTC 2018
#@# QSphere rh Sun Jan 14 10:00:40 UTC 2018
#@# Fix Topology Copy lh Sun Jan 14 10:07:33 UTC 2018
#@# Fix Topology Copy rh Sun Jan 14 10:07:33 UTC 2018
#@# Fix Topology lh Sun Jan 14 10:07:33 UTC 2018
#@# Fix Topology rh Sun Jan 14 10:48:28 UTC 2018
#@# Make White Surf lh Sun Jan 14 11:20:22 UTC 2018
#@# Make White Surf rh Sun Jan 14 11:30:52 UTC 2018
#@# Smooth2 lh Sun Jan 14 11:41:16 UTC 2018
#@# Smooth2 rh Sun Jan 14 11:41:27 UTC 2018
#@# Inflation2 lh Sun Jan 14 11:41:38 UTC 2018
#@# Inflation2 rh Sun Jan 14 11:42:46 UTC 2018
#@# Curv .H and .K lh Sun Jan 14 11:43:52 UTC 2018
#@# Curv .H and .K rh Sun Jan 14 11:46:24 UTC 2018
#@# Curvature Stats lh Sun Jan 14 11:48:57 UTC 2018
#@# Curvature Stats rh Sun Jan 14 11:49:05 UTC 2018
#@# Sphere lh Sun Jan 14 11:49:13 UTC 2018
#@# Sphere rh Sun Jan 14 13:20:17 UTC 2018
#@# Surf Reg lh Sun Jan 14 14:14:52 UTC 2018
#@# Surf Reg rh Sun Jan 14 15:47:26 UTC 2018
#@# Jacobian white lh Sun Jan 14 17:29:05 UTC 2018
#@# Jacobian white rh Sun Jan 14 17:29:08 UTC 2018
#@# AvgCurv lh Sun Jan 14 17:29:12 UTC 2018
#@# AvgCurv rh Sun Jan 14 17:29:15 UTC 2018
#@# Cortical Parc lh Sun Jan 14 17:29:18 UTC 2018
#@# Cortical Parc rh Sun Jan 14 17:29:49 UTC 2018
#@# Make Pial Surf lh Sun Jan 14 17:30:18 UTC 2018
#@# Make Pial Surf rh Sun Jan 14 17:59:42 UTC 2018
#@# Surf Volume lh Sun Jan 14 18:29:04 UTC 2018
#@# Surf Volume rh Sun Jan 14 18:29:11 UTC 2018
#@# Cortical ribbon mask Sun Jan 14 18:29:18 UTC 2018
#@# Parcellation Stats lh Sun Jan 14 18:54:48 UTC 2018
#@# Parcellation Stats rh Sun Jan 14 18:57:50 UTC 2018
#@# Cortical Parc 2 lh Sun Jan 14 19:00:52 UTC 2018
#@# Cortical Parc 2 rh Sun Jan 14 19:01:32 UTC 2018
#@# Parcellation Stats 2 lh Sun Jan 14 19:02:13 UTC 2018
#@# Parcellation Stats 2 rh Sun Jan 14 19:03:41 UTC 2018
#@# Cortical Parc 3 lh Sun Jan 14 19:05:10 UTC 2018
#@# Cortical Parc 3 rh Sun Jan 14 19:05:43 UTC 2018
#@# Parcellation Stats 3 lh Sun Jan 14 19:06:16 UTC 2018
#@# Parcellation Stats 3 rh Sun Jan 14 19:07:49 UTC 2018
#@# WM/GM Contrast lh Sun Jan 14 19:09:21 UTC 2018
#@# WM/GM Contrast rh Sun Jan 14 19:09:35 UTC 2018
#@# Relabel Hypointensities Sun Jan 14 19:09:49 UTC 2018
#@# AParc-to-ASeg aparc Sun Jan 14 19:10:46 UTC 2018
#@# AParc-to-ASeg a2009s Sun Jan 14 19:22:48 UTC 2018
#@# AParc-to-ASeg DKTatlas Sun Jan 14 19:34:14 UTC 2018
#@# APas-to-ASeg Sun Jan 14 19:45:31 UTC 2018
#@# ASeg Stats Sun Jan 14 19:45:48 UTC 2018
#@# WMParc Sun Jan 14 19:55:34 UTC 2018
#@# BA_exvivo Labels lh Sun Jan 14 20:17:53 UTC 2018
#@# BA_exvivo Labels rh Sun Jan 14 20:27:46 UTC 2018
recon-all -s 3523 finished without error at Sun Jan 14 20:37:13 UTC 2018
