status file for recon-all
Tue Jan 16 21:11:43 UTC 2018
#@# MotionCor Tue Jan 16 21:11:51 UTC 2018
#@# Talairach Tue Jan 16 21:12:19 UTC 2018
#@# Talairach Failure Detection Tue Jan 16 21:16:14 UTC 2018
#@# Nu Intensity Correction Tue Jan 16 21:16:15 UTC 2018
#@# Intensity Normalization Tue Jan 16 21:21:05 UTC 2018
#@# Skull Stripping Tue Jan 16 21:26:07 UTC 2018
#@# EM Registration Tue Jan 16 22:07:44 UTC 2018
#@# CA Normalize Tue Jan 16 22:53:54 UTC 2018
#@# CA Reg Tue Jan 16 22:57:24 UTC 2018
#@# SubCort Seg Wed Jan 17 05:50:25 UTC 2018
#@# Merge ASeg Wed Jan 17 08:44:18 UTC 2018
#@# Intensity Normalization2 Wed Jan 17 08:44:18 UTC 2018
#@# Mask BFS Wed Jan 17 08:52:05 UTC 2018
#@# WM Segmentation Wed Jan 17 08:52:10 UTC 2018
#@# Fill Wed Jan 17 08:57:37 UTC 2018
#@# Tessellate lh Wed Jan 17 08:59:33 UTC 2018
#@# Tessellate rh Wed Jan 17 08:59:47 UTC 2018
#@# Smooth1 lh Wed Jan 17 09:00:00 UTC 2018
#@# Smooth1 rh Wed Jan 17 09:00:11 UTC 2018
#@# Inflation1 lh Wed Jan 17 09:00:22 UTC 2018
#@# Inflation1 rh Wed Jan 17 09:01:27 UTC 2018
#@# QSphere lh Wed Jan 17 09:02:33 UTC 2018
#@# QSphere rh Wed Jan 17 09:09:16 UTC 2018
#@# Fix Topology Copy lh Wed Jan 17 09:16:17 UTC 2018
#@# Fix Topology Copy rh Wed Jan 17 09:16:17 UTC 2018
#@# Fix Topology lh Wed Jan 17 09:16:17 UTC 2018
#@# Fix Topology rh Wed Jan 17 10:26:18 UTC 2018
#@# Make White Surf lh Wed Jan 17 11:43:04 UTC 2018
#@# Make White Surf rh Wed Jan 17 11:52:48 UTC 2018
#@# Smooth2 lh Wed Jan 17 12:02:27 UTC 2018
#@# Smooth2 rh Wed Jan 17 12:02:38 UTC 2018
#@# Inflation2 lh Wed Jan 17 12:02:49 UTC 2018
#@# Inflation2 rh Wed Jan 17 12:03:54 UTC 2018
#@# Curv .H and .K lh Wed Jan 17 12:04:59 UTC 2018
#@# Curv .H and .K rh Wed Jan 17 12:07:43 UTC 2018
#@# Curvature Stats lh Wed Jan 17 12:10:30 UTC 2018
#@# Curvature Stats rh Wed Jan 17 12:10:37 UTC 2018
#@# Sphere lh Wed Jan 17 12:10:45 UTC 2018
#@# Sphere rh Wed Jan 17 13:32:06 UTC 2018
#@# Surf Reg lh Wed Jan 17 15:06:08 UTC 2018
#@# Surf Reg rh Wed Jan 17 16:48:50 UTC 2018
#@# Jacobian white lh Wed Jan 17 18:52:18 UTC 2018
#@# Jacobian white rh Wed Jan 17 18:52:23 UTC 2018
#@# AvgCurv lh Wed Jan 17 18:52:27 UTC 2018
#@# AvgCurv rh Wed Jan 17 18:52:31 UTC 2018
#@# Cortical Parc lh Wed Jan 17 18:52:34 UTC 2018
#@# Cortical Parc rh Wed Jan 17 18:53:10 UTC 2018
#@# Make Pial Surf lh Wed Jan 17 18:53:45 UTC 2018
#@# Make Pial Surf rh Wed Jan 17 19:24:29 UTC 2018
#@# Surf Volume lh Wed Jan 17 19:55:51 UTC 2018
#@# Surf Volume rh Wed Jan 17 19:55:59 UTC 2018
#@# Cortical ribbon mask Wed Jan 17 19:56:06 UTC 2018
#@# Parcellation Stats lh Wed Jan 17 20:27:22 UTC 2018
#@# Parcellation Stats rh Wed Jan 17 20:30:39 UTC 2018
#@# Cortical Parc 2 lh Wed Jan 17 20:33:53 UTC 2018
#@# Cortical Parc 2 rh Wed Jan 17 20:34:38 UTC 2018
#@# Parcellation Stats 2 lh Wed Jan 17 20:35:20 UTC 2018
#@# Parcellation Stats 2 rh Wed Jan 17 20:37:03 UTC 2018
#@# Cortical Parc 3 lh Wed Jan 17 20:38:45 UTC 2018
#@# Cortical Parc 3 rh Wed Jan 17 20:39:22 UTC 2018
#@# Parcellation Stats 3 lh Wed Jan 17 20:39:57 UTC 2018
#@# Parcellation Stats 3 rh Wed Jan 17 20:41:36 UTC 2018
#@# WM/GM Contrast lh Wed Jan 17 20:43:14 UTC 2018
#@# WM/GM Contrast rh Wed Jan 17 20:43:29 UTC 2018
#@# Relabel Hypointensities Wed Jan 17 20:43:43 UTC 2018
#@# AParc-to-ASeg aparc Wed Jan 17 20:44:43 UTC 2018
#@# AParc-to-ASeg a2009s Wed Jan 17 20:55:06 UTC 2018
#@# AParc-to-ASeg DKTatlas Wed Jan 17 21:05:19 UTC 2018
#@# APas-to-ASeg Wed Jan 17 21:15:46 UTC 2018
#@# ASeg Stats Wed Jan 17 21:16:03 UTC 2018
#@# WMParc Wed Jan 17 21:26:33 UTC 2018
#@# BA_exvivo Labels lh Wed Jan 17 21:52:20 UTC 2018
#@# BA_exvivo Labels rh Wed Jan 17 22:03:48 UTC 2018
recon-all -s 4118 finished without error at Wed Jan 17 22:14:50 UTC 2018
