status file for recon-all
Tue Jan 16 21:10:52 UTC 2018
#@# MotionCor Tue Jan 16 21:10:58 UTC 2018
#@# Talairach Tue Jan 16 21:11:23 UTC 2018
#@# Talairach Failure Detection Tue Jan 16 21:15:48 UTC 2018
#@# Nu Intensity Correction Tue Jan 16 21:15:48 UTC 2018
#@# Intensity Normalization Tue Jan 16 21:21:28 UTC 2018
#@# Skull Stripping Tue Jan 16 21:26:59 UTC 2018
#@# EM Registration Tue Jan 16 22:13:53 UTC 2018
#@# CA Normalize Tue Jan 16 22:48:19 UTC 2018
#@# CA Reg Tue Jan 16 22:51:59 UTC 2018
#@# SubCort Seg Wed Jan 17 05:49:28 UTC 2018
#@# Merge ASeg Wed Jan 17 09:02:45 UTC 2018
#@# Intensity Normalization2 Wed Jan 17 09:02:45 UTC 2018
#@# Mask BFS Wed Jan 17 09:10:58 UTC 2018
#@# WM Segmentation Wed Jan 17 09:11:03 UTC 2018
#@# Fill Wed Jan 17 09:16:45 UTC 2018
#@# Tessellate lh Wed Jan 17 09:18:50 UTC 2018
#@# Tessellate rh Wed Jan 17 09:19:04 UTC 2018
#@# Smooth1 lh Wed Jan 17 09:19:18 UTC 2018
#@# Smooth1 rh Wed Jan 17 09:19:31 UTC 2018
#@# Inflation1 lh Wed Jan 17 09:19:44 UTC 2018
#@# Inflation1 rh Wed Jan 17 09:20:56 UTC 2018
#@# QSphere lh Wed Jan 17 09:22:11 UTC 2018
#@# QSphere rh Wed Jan 17 09:29:38 UTC 2018
#@# Fix Topology Copy lh Wed Jan 17 09:37:58 UTC 2018
#@# Fix Topology Copy rh Wed Jan 17 09:37:58 UTC 2018
#@# Fix Topology lh Wed Jan 17 09:37:58 UTC 2018
#@# Fix Topology rh Wed Jan 17 10:31:56 UTC 2018
#@# Make White Surf lh Wed Jan 17 11:11:07 UTC 2018
#@# Make White Surf rh Wed Jan 17 11:21:05 UTC 2018
#@# Smooth2 lh Wed Jan 17 11:31:13 UTC 2018
#@# Smooth2 rh Wed Jan 17 11:31:24 UTC 2018
#@# Inflation2 lh Wed Jan 17 11:31:36 UTC 2018
#@# Inflation2 rh Wed Jan 17 11:32:51 UTC 2018
#@# Curv .H and .K lh Wed Jan 17 11:34:06 UTC 2018
#@# Curv .H and .K rh Wed Jan 17 11:37:01 UTC 2018
#@# Curvature Stats lh Wed Jan 17 11:40:00 UTC 2018
#@# Curvature Stats rh Wed Jan 17 11:40:09 UTC 2018
#@# Sphere lh Wed Jan 17 11:40:17 UTC 2018
#@# Sphere rh Wed Jan 17 13:09:15 UTC 2018
#@# Surf Reg lh Wed Jan 17 14:52:57 UTC 2018
#@# Surf Reg rh Wed Jan 17 16:53:07 UTC 2018
#@# Jacobian white lh Wed Jan 17 18:53:10 UTC 2018
#@# Jacobian white rh Wed Jan 17 18:53:15 UTC 2018
#@# AvgCurv lh Wed Jan 17 18:53:20 UTC 2018
#@# AvgCurv rh Wed Jan 17 18:53:23 UTC 2018
#@# Cortical Parc lh Wed Jan 17 18:53:27 UTC 2018
#@# Cortical Parc rh Wed Jan 17 18:54:03 UTC 2018
#@# Make Pial Surf lh Wed Jan 17 18:54:39 UTC 2018
#@# Make Pial Surf rh Wed Jan 17 19:27:38 UTC 2018
#@# Surf Volume lh Wed Jan 17 20:01:18 UTC 2018
#@# Surf Volume rh Wed Jan 17 20:01:27 UTC 2018
#@# Cortical ribbon mask Wed Jan 17 20:01:35 UTC 2018
#@# Parcellation Stats lh Wed Jan 17 20:32:55 UTC 2018
#@# Parcellation Stats rh Wed Jan 17 20:36:23 UTC 2018
#@# Cortical Parc 2 lh Wed Jan 17 20:39:56 UTC 2018
#@# Cortical Parc 2 rh Wed Jan 17 20:40:42 UTC 2018
#@# Parcellation Stats 2 lh Wed Jan 17 20:41:30 UTC 2018
#@# Parcellation Stats 2 rh Wed Jan 17 20:43:21 UTC 2018
#@# Cortical Parc 3 lh Wed Jan 17 20:45:07 UTC 2018
#@# Cortical Parc 3 rh Wed Jan 17 20:45:44 UTC 2018
#@# Parcellation Stats 3 lh Wed Jan 17 20:46:22 UTC 2018
#@# Parcellation Stats 3 rh Wed Jan 17 20:47:58 UTC 2018
#@# WM/GM Contrast lh Wed Jan 17 20:49:31 UTC 2018
#@# WM/GM Contrast rh Wed Jan 17 20:49:47 UTC 2018
#@# Relabel Hypointensities Wed Jan 17 20:50:02 UTC 2018
#@# AParc-to-ASeg aparc Wed Jan 17 20:51:00 UTC 2018
#@# AParc-to-ASeg a2009s Wed Jan 17 21:01:49 UTC 2018
#@# AParc-to-ASeg DKTatlas Wed Jan 17 21:12:42 UTC 2018
#@# APas-to-ASeg Wed Jan 17 21:23:21 UTC 2018
#@# ASeg Stats Wed Jan 17 21:23:37 UTC 2018
#@# WMParc Wed Jan 17 21:34:54 UTC 2018
#@# BA_exvivo Labels lh Wed Jan 17 22:02:35 UTC 2018
#@# BA_exvivo Labels rh Wed Jan 17 22:14:14 UTC 2018
recon-all -s 4114 finished without error at Wed Jan 17 22:25:30 UTC 2018
