status file for recon-all
Thu Jan 18 02:04:54 UTC 2018
#@# MotionCor Thu Jan 18 02:05:00 UTC 2018
#@# Talairach Thu Jan 18 02:05:23 UTC 2018
#@# Talairach Failure Detection Thu Jan 18 02:09:13 UTC 2018
#@# Nu Intensity Correction Thu Jan 18 02:09:13 UTC 2018
#@# Intensity Normalization Thu Jan 18 02:14:08 UTC 2018
#@# Skull Stripping Thu Jan 18 02:19:45 UTC 2018
#@# EM Registration Thu Jan 18 03:02:46 UTC 2018
#@# CA Normalize Thu Jan 18 03:59:05 UTC 2018
#@# CA Reg Thu Jan 18 04:03:08 UTC 2018
#@# SubCort Seg Thu Jan 18 11:52:57 UTC 2018
#@# Merge ASeg Thu Jan 18 14:25:08 UTC 2018
#@# Intensity Normalization2 Thu Jan 18 14:25:08 UTC 2018
#@# Mask BFS Thu Jan 18 14:32:55 UTC 2018
#@# WM Segmentation Thu Jan 18 14:32:59 UTC 2018
#@# Fill Thu Jan 18 14:38:17 UTC 2018
#@# Tessellate lh Thu Jan 18 14:40:06 UTC 2018
#@# Tessellate rh Thu Jan 18 14:40:19 UTC 2018
#@# Smooth1 lh Thu Jan 18 14:40:31 UTC 2018
#@# Smooth1 rh Thu Jan 18 14:40:41 UTC 2018
#@# Inflation1 lh Thu Jan 18 14:40:51 UTC 2018
#@# Inflation1 rh Thu Jan 18 14:41:54 UTC 2018
#@# QSphere lh Thu Jan 18 14:42:55 UTC 2018
#@# QSphere rh Thu Jan 18 14:49:26 UTC 2018
#@# Fix Topology Copy lh Thu Jan 18 14:55:57 UTC 2018
#@# Fix Topology Copy rh Thu Jan 18 14:55:57 UTC 2018
#@# Fix Topology lh Thu Jan 18 14:55:57 UTC 2018
#@# Fix Topology rh Thu Jan 18 16:15:38 UTC 2018
#@# Make White Surf lh Thu Jan 18 17:24:17 UTC 2018
#@# Make White Surf rh Thu Jan 18 17:33:26 UTC 2018
#@# Smooth2 lh Thu Jan 18 17:42:26 UTC 2018
#@# Smooth2 rh Thu Jan 18 17:42:36 UTC 2018
#@# Inflation2 lh Thu Jan 18 17:42:46 UTC 2018
#@# Inflation2 rh Thu Jan 18 17:43:50 UTC 2018
#@# Curv .H and .K lh Thu Jan 18 17:44:51 UTC 2018
#@# Curv .H and .K rh Thu Jan 18 17:47:25 UTC 2018
#@# Curvature Stats lh Thu Jan 18 17:49:56 UTC 2018
#@# Curvature Stats rh Thu Jan 18 17:50:03 UTC 2018
#@# Sphere lh Thu Jan 18 17:50:10 UTC 2018
#@# Sphere rh Thu Jan 18 19:09:41 UTC 2018
#@# Surf Reg lh Thu Jan 18 20:33:05 UTC 2018
#@# Surf Reg rh Thu Jan 18 22:08:16 UTC 2018
#@# Jacobian white lh Thu Jan 18 23:42:46 UTC 2018
#@# Jacobian white rh Thu Jan 18 23:42:51 UTC 2018
#@# AvgCurv lh Thu Jan 18 23:42:55 UTC 2018
#@# AvgCurv rh Thu Jan 18 23:42:58 UTC 2018
#@# Cortical Parc lh Thu Jan 18 23:43:01 UTC 2018
#@# Cortical Parc rh Thu Jan 18 23:43:33 UTC 2018
#@# Make Pial Surf lh Thu Jan 18 23:44:01 UTC 2018
#@# Make Pial Surf rh Fri Jan 19 00:12:12 UTC 2018
#@# Surf Volume lh Fri Jan 19 00:39:54 UTC 2018
#@# Surf Volume rh Fri Jan 19 00:40:00 UTC 2018
#@# Cortical ribbon mask Fri Jan 19 00:40:06 UTC 2018
#@# Parcellation Stats lh Fri Jan 19 01:04:14 UTC 2018
#@# Parcellation Stats rh Fri Jan 19 01:06:57 UTC 2018
#@# Cortical Parc 2 lh Fri Jan 19 01:09:37 UTC 2018
#@# Cortical Parc 2 rh Fri Jan 19 01:10:14 UTC 2018
#@# Parcellation Stats 2 lh Fri Jan 19 01:10:48 UTC 2018
#@# Parcellation Stats 2 rh Fri Jan 19 01:12:11 UTC 2018
#@# Cortical Parc 3 lh Fri Jan 19 01:13:30 UTC 2018
#@# Cortical Parc 3 rh Fri Jan 19 01:13:58 UTC 2018
#@# Parcellation Stats 3 lh Fri Jan 19 01:14:28 UTC 2018
#@# Parcellation Stats 3 rh Fri Jan 19 01:15:46 UTC 2018
#@# WM/GM Contrast lh Fri Jan 19 01:17:05 UTC 2018
#@# WM/GM Contrast rh Fri Jan 19 01:17:18 UTC 2018
#@# Relabel Hypointensities Fri Jan 19 01:17:30 UTC 2018
#@# AParc-to-ASeg aparc Fri Jan 19 01:18:21 UTC 2018
#@# AParc-to-ASeg a2009s Fri Jan 19 01:28:46 UTC 2018
#@# AParc-to-ASeg DKTatlas Fri Jan 19 01:39:25 UTC 2018
#@# APas-to-ASeg Fri Jan 19 01:49:52 UTC 2018
#@# ASeg Stats Fri Jan 19 01:50:07 UTC 2018
#@# WMParc Fri Jan 19 01:59:51 UTC 2018
#@# BA_exvivo Labels lh Fri Jan 19 02:20:42 UTC 2018
#@# BA_exvivo Labels rh Fri Jan 19 02:30:06 UTC 2018
recon-all -s 4096 finished without error at Fri Jan 19 02:39:01 UTC 2018
