status file for recon-all
Mon Jan 15 18:01:43 UTC 2018
#@# MotionCor Mon Jan 15 18:01:48 UTC 2018
#@# Talairach Mon Jan 15 18:02:10 UTC 2018
#@# Talairach Failure Detection Mon Jan 15 18:06:05 UTC 2018
#@# Nu Intensity Correction Mon Jan 15 18:06:06 UTC 2018
#@# Intensity Normalization Mon Jan 15 18:11:47 UTC 2018
#@# Skull Stripping Mon Jan 15 18:17:45 UTC 2018
#@# EM Registration Mon Jan 15 19:12:38 UTC 2018
#@# CA Normalize Mon Jan 15 20:13:33 UTC 2018
#@# CA Reg Mon Jan 15 20:17:51 UTC 2018
#@# SubCort Seg Tue Jan 16 03:40:14 UTC 2018
#@# Merge ASeg Tue Jan 16 05:51:11 UTC 2018
#@# Intensity Normalization2 Tue Jan 16 05:51:11 UTC 2018
#@# Mask BFS Tue Jan 16 05:59:25 UTC 2018
#@# WM Segmentation Tue Jan 16 05:59:29 UTC 2018
#@# Fill Tue Jan 16 06:04:09 UTC 2018
#@# Tessellate lh Tue Jan 16 06:05:58 UTC 2018
#@# Tessellate rh Tue Jan 16 06:06:10 UTC 2018
#@# Smooth1 lh Tue Jan 16 06:06:23 UTC 2018
#@# Smooth1 rh Tue Jan 16 06:06:31 UTC 2018
#@# Inflation1 lh Tue Jan 16 06:06:38 UTC 2018
#@# Inflation1 rh Tue Jan 16 06:07:24 UTC 2018
#@# QSphere lh Tue Jan 16 06:08:10 UTC 2018
#@# QSphere rh Tue Jan 16 06:13:10 UTC 2018
#@# Fix Topology Copy lh Tue Jan 16 06:18:07 UTC 2018
#@# Fix Topology Copy rh Tue Jan 16 06:18:07 UTC 2018
#@# Fix Topology lh Tue Jan 16 06:18:07 UTC 2018
#@# Fix Topology rh Tue Jan 16 08:57:44 UTC 2018
#@# Make White Surf lh Tue Jan 16 10:26:41 UTC 2018
#@# Make White Surf rh Tue Jan 16 10:33:58 UTC 2018
#@# Smooth2 lh Tue Jan 16 10:41:18 UTC 2018
#@# Smooth2 rh Tue Jan 16 10:41:24 UTC 2018
#@# Inflation2 lh Tue Jan 16 10:41:31 UTC 2018
#@# Inflation2 rh Tue Jan 16 10:42:14 UTC 2018
#@# Curv .H and .K lh Tue Jan 16 10:42:59 UTC 2018
#@# Curv .H and .K rh Tue Jan 16 10:44:47 UTC 2018
#@# Curvature Stats lh Tue Jan 16 10:46:39 UTC 2018
#@# Curvature Stats rh Tue Jan 16 10:46:44 UTC 2018
#@# Sphere lh Tue Jan 16 10:46:48 UTC 2018
#@# Sphere rh Tue Jan 16 11:34:33 UTC 2018
#@# Surf Reg lh Tue Jan 16 13:23:36 UTC 2018
#@# Surf Reg rh Tue Jan 16 14:53:29 UTC 2018
#@# Jacobian white lh Tue Jan 16 15:55:22 UTC 2018
#@# Jacobian white rh Tue Jan 16 15:55:24 UTC 2018
#@# AvgCurv lh Tue Jan 16 15:55:27 UTC 2018
#@# AvgCurv rh Tue Jan 16 15:55:29 UTC 2018
#@# Cortical Parc lh Tue Jan 16 15:55:31 UTC 2018
#@# Cortical Parc rh Tue Jan 16 15:55:49 UTC 2018
#@# Make Pial Surf lh Tue Jan 16 15:56:08 UTC 2018
#@# Make Pial Surf rh Tue Jan 16 16:14:39 UTC 2018
#@# Surf Volume lh Tue Jan 16 16:34:46 UTC 2018
#@# Surf Volume rh Tue Jan 16 16:34:50 UTC 2018
#@# Cortical ribbon mask Tue Jan 16 16:34:54 UTC 2018
#@# Parcellation Stats lh Tue Jan 16 16:45:43 UTC 2018
#@# Parcellation Stats rh Tue Jan 16 16:47:43 UTC 2018
#@# Cortical Parc 2 lh Tue Jan 16 16:49:49 UTC 2018
#@# Cortical Parc 2 rh Tue Jan 16 16:50:16 UTC 2018
#@# Parcellation Stats 2 lh Tue Jan 16 16:50:42 UTC 2018
#@# Parcellation Stats 2 rh Tue Jan 16 16:51:46 UTC 2018
#@# Cortical Parc 3 lh Tue Jan 16 16:52:52 UTC 2018
#@# Cortical Parc 3 rh Tue Jan 16 16:53:14 UTC 2018
#@# Parcellation Stats 3 lh Tue Jan 16 16:53:35 UTC 2018
#@# Parcellation Stats 3 rh Tue Jan 16 16:54:37 UTC 2018
#@# WM/GM Contrast lh Tue Jan 16 16:55:38 UTC 2018
#@# WM/GM Contrast rh Tue Jan 16 16:55:47 UTC 2018
#@# Relabel Hypointensities Tue Jan 16 16:55:56 UTC 2018
#@# AParc-to-ASeg aparc Tue Jan 16 16:56:33 UTC 2018
#@# AParc-to-ASeg a2009s Tue Jan 16 17:05:17 UTC 2018
#@# AParc-to-ASeg DKTatlas Tue Jan 16 17:14:04 UTC 2018
#@# APas-to-ASeg Tue Jan 16 17:22:47 UTC 2018
#@# ASeg Stats Tue Jan 16 17:23:04 UTC 2018
#@# WMParc Tue Jan 16 17:30:22 UTC 2018
#@# BA_exvivo Labels lh Tue Jan 16 17:46:48 UTC 2018
#@# BA_exvivo Labels rh Tue Jan 16 17:53:38 UTC 2018
recon-all -s 3972 finished without error at Tue Jan 16 18:00:38 UTC 2018
