status file for recon-all
Sun Dec 31 01:05:03 UTC 2017
#@# MotionCor Sun Dec 31 01:05:15 UTC 2017
#@# Talairach Sun Dec 31 01:05:45 UTC 2017
#@# Talairach Failure Detection Sun Dec 31 01:13:07 UTC 2017
#@# Nu Intensity Correction Sun Dec 31 01:13:07 UTC 2017
#@# Intensity Normalization Sun Dec 31 01:20:40 UTC 2017
#@# Skull Stripping Sun Dec 31 01:26:59 UTC 2017
#@# EM Registration Sun Dec 31 02:25:05 UTC 2017
#@# CA Normalize Sun Dec 31 03:20:52 UTC 2017
#@# CA Reg Sun Dec 31 03:25:46 UTC 2017
#@# SubCort Seg Sun Dec 31 11:31:58 UTC 2017
#@# Merge ASeg Sun Dec 31 14:14:54 UTC 2017
#@# Intensity Normalization2 Sun Dec 31 14:14:54 UTC 2017
#@# Mask BFS Sun Dec 31 14:24:41 UTC 2017
#@# WM Segmentation Sun Dec 31 14:24:48 UTC 2017
#@# Fill Sun Dec 31 14:30:42 UTC 2017
#@# Tessellate lh Sun Dec 31 14:32:54 UTC 2017
#@# Tessellate rh Sun Dec 31 14:33:12 UTC 2017
#@# Smooth1 lh Sun Dec 31 14:33:30 UTC 2017
#@# Smooth1 rh Sun Dec 31 14:33:45 UTC 2017
#@# Inflation1 lh Sun Dec 31 14:34:00 UTC 2017
#@# Inflation1 rh Sun Dec 31 14:35:30 UTC 2017
#@# QSphere lh Sun Dec 31 14:37:07 UTC 2017
#@# QSphere rh Sun Dec 31 14:47:01 UTC 2017
#@# Fix Topology Copy lh Sun Dec 31 14:58:24 UTC 2017
#@# Fix Topology Copy rh Sun Dec 31 14:58:24 UTC 2017
#@# Fix Topology lh Sun Dec 31 14:58:24 UTC 2017
#@# Fix Topology rh Sun Dec 31 16:21:16 UTC 2017
#@# Make White Surf lh Sun Dec 31 17:41:36 UTC 2017
#@# Make White Surf rh Sun Dec 31 17:54:53 UTC 2017
#@# Smooth2 lh Sun Dec 31 18:07:50 UTC 2017
#@# Smooth2 rh Sun Dec 31 18:08:03 UTC 2017
#@# Inflation2 lh Sun Dec 31 18:08:16 UTC 2017
#@# Inflation2 rh Sun Dec 31 18:09:45 UTC 2017
#@# Curv .H and .K lh Sun Dec 31 18:11:14 UTC 2017
#@# Curv .H and .K rh Sun Dec 31 18:14:43 UTC 2017
#@# Curvature Stats lh Sun Dec 31 18:18:17 UTC 2017
#@# Curvature Stats rh Sun Dec 31 18:18:27 UTC 2017
#@# Sphere lh Sun Dec 31 18:18:36 UTC 2017
#@# Sphere rh Sun Dec 31 20:22:38 UTC 2017
#@# Surf Reg lh Sun Dec 31 22:28:59 UTC 2017
#@# Surf Reg rh Mon Jan  1 00:47:10 UTC 2018
#@# Jacobian white lh Mon Jan  1 02:48:49 UTC 2018
#@# Jacobian white rh Mon Jan  1 02:48:53 UTC 2018
#@# AvgCurv lh Mon Jan  1 02:48:56 UTC 2018
#@# AvgCurv rh Mon Jan  1 02:48:59 UTC 2018
#@# Cortical Parc lh Mon Jan  1 02:49:02 UTC 2018
#@# Cortical Parc rh Mon Jan  1 02:49:30 UTC 2018
#@# Make Pial Surf lh Mon Jan  1 02:49:58 UTC 2018
#@# Make Pial Surf rh Mon Jan  1 03:17:35 UTC 2018
#@# Surf Volume lh Mon Jan  1 03:46:23 UTC 2018
#@# Surf Volume rh Mon Jan  1 03:46:30 UTC 2018
#@# Cortical ribbon mask Mon Jan  1 03:46:36 UTC 2018
#@# Parcellation Stats lh Mon Jan  1 04:19:07 UTC 2018
#@# Parcellation Stats rh Mon Jan  1 04:22:39 UTC 2018
#@# Cortical Parc 2 lh Mon Jan  1 04:26:09 UTC 2018
#@# Cortical Parc 2 rh Mon Jan  1 04:26:53 UTC 2018
#@# Parcellation Stats 2 lh Mon Jan  1 04:27:36 UTC 2018
#@# Parcellation Stats 2 rh Mon Jan  1 04:29:20 UTC 2018
#@# Cortical Parc 3 lh Mon Jan  1 04:30:58 UTC 2018
#@# Cortical Parc 3 rh Mon Jan  1 04:31:45 UTC 2018
#@# Parcellation Stats 3 lh Mon Jan  1 04:32:18 UTC 2018
#@# Parcellation Stats 3 rh Mon Jan  1 04:33:54 UTC 2018
#@# WM/GM Contrast lh Mon Jan  1 04:35:42 UTC 2018
#@# WM/GM Contrast rh Mon Jan  1 04:35:58 UTC 2018
#@# Relabel Hypointensities Mon Jan  1 04:36:11 UTC 2018
#@# AParc-to-ASeg aparc Mon Jan  1 04:37:04 UTC 2018
#@# AParc-to-ASeg a2009s Mon Jan  1 04:45:51 UTC 2018
#@# AParc-to-ASeg DKTatlas Mon Jan  1 04:54:16 UTC 2018
#@# APas-to-ASeg Mon Jan  1 05:02:49 UTC 2018
#@# ASeg Stats Mon Jan  1 05:03:01 UTC 2018
#@# WMParc Mon Jan  1 05:09:08 UTC 2018
#@# BA_exvivo Labels lh Mon Jan  1 05:26:33 UTC 2018
#@# BA_exvivo Labels rh Mon Jan  1 05:35:38 UTC 2018
recon-all -s 3115 finished without error at Mon Jan  1 05:44:48 UTC 2018
