status file for recon-all
Sat Jan 13 22:36:05 UTC 2018
#@# MotionCor Sat Jan 13 22:36:13 UTC 2018
#@# Talairach Sat Jan 13 22:36:40 UTC 2018
#@# Talairach Failure Detection Sat Jan 13 22:42:18 UTC 2018
#@# Nu Intensity Correction Sat Jan 13 22:42:18 UTC 2018
#@# Intensity Normalization Sat Jan 13 22:46:58 UTC 2018
#@# Skull Stripping Sat Jan 13 22:52:40 UTC 2018
#@# EM Registration Sat Jan 13 23:38:31 UTC 2018
#@# CA Normalize Sun Jan 14 00:12:02 UTC 2018
#@# CA Reg Sun Jan 14 00:15:31 UTC 2018
#@# SubCort Seg Sun Jan 14 07:34:55 UTC 2018
#@# Merge ASeg Sun Jan 14 10:03:17 UTC 2018
#@# Intensity Normalization2 Sun Jan 14 10:03:17 UTC 2018
#@# Mask BFS Sun Jan 14 10:11:56 UTC 2018
#@# WM Segmentation Sun Jan 14 10:12:02 UTC 2018
#@# Fill Sun Jan 14 10:16:41 UTC 2018
#@# Tessellate lh Sun Jan 14 10:18:53 UTC 2018
#@# Tessellate rh Sun Jan 14 10:19:09 UTC 2018
#@# Smooth1 lh Sun Jan 14 10:19:24 UTC 2018
#@# Smooth1 rh Sun Jan 14 10:19:36 UTC 2018
#@# Inflation1 lh Sun Jan 14 10:19:49 UTC 2018
#@# Inflation1 rh Sun Jan 14 10:21:06 UTC 2018
#@# QSphere lh Sun Jan 14 10:22:21 UTC 2018
#@# QSphere rh Sun Jan 14 10:30:06 UTC 2018
#@# Fix Topology Copy lh Sun Jan 14 10:38:14 UTC 2018
#@# Fix Topology Copy rh Sun Jan 14 10:38:14 UTC 2018
#@# Fix Topology lh Sun Jan 14 10:38:14 UTC 2018
#@# Fix Topology rh Sun Jan 14 11:19:12 UTC 2018
#@# Make White Surf lh Sun Jan 14 11:40:10 UTC 2018
#@# Make White Surf rh Sun Jan 14 11:52:18 UTC 2018
#@# Smooth2 lh Sun Jan 14 12:04:10 UTC 2018
#@# Smooth2 rh Sun Jan 14 12:04:22 UTC 2018
#@# Inflation2 lh Sun Jan 14 12:04:34 UTC 2018
#@# Inflation2 rh Sun Jan 14 12:05:50 UTC 2018
#@# Curv .H and .K lh Sun Jan 14 12:07:09 UTC 2018
#@# Curv .H and .K rh Sun Jan 14 12:10:12 UTC 2018
#@# Curvature Stats lh Sun Jan 14 12:13:07 UTC 2018
#@# Curvature Stats rh Sun Jan 14 12:13:15 UTC 2018
#@# Sphere lh Sun Jan 14 12:13:24 UTC 2018
#@# Sphere rh Sun Jan 14 13:54:50 UTC 2018
#@# Surf Reg lh Sun Jan 14 16:04:17 UTC 2018
#@# Surf Reg rh Sun Jan 14 17:51:35 UTC 2018
#@# Jacobian white lh Sun Jan 14 19:40:16 UTC 2018
#@# Jacobian white rh Sun Jan 14 19:40:21 UTC 2018
#@# AvgCurv lh Sun Jan 14 19:40:25 UTC 2018
#@# AvgCurv rh Sun Jan 14 19:40:29 UTC 2018
#@# Cortical Parc lh Sun Jan 14 19:40:32 UTC 2018
#@# Cortical Parc rh Sun Jan 14 19:41:05 UTC 2018
#@# Make Pial Surf lh Sun Jan 14 19:41:38 UTC 2018
#@# Make Pial Surf rh Sun Jan 14 20:12:05 UTC 2018
#@# Surf Volume lh Sun Jan 14 20:41:35 UTC 2018
#@# Surf Volume rh Sun Jan 14 20:41:41 UTC 2018
#@# Cortical ribbon mask Sun Jan 14 20:41:47 UTC 2018
#@# Parcellation Stats lh Sun Jan 14 21:06:17 UTC 2018
#@# Parcellation Stats rh Sun Jan 14 21:09:08 UTC 2018
#@# Cortical Parc 2 lh Sun Jan 14 21:12:01 UTC 2018
#@# Cortical Parc 2 rh Sun Jan 14 21:12:40 UTC 2018
#@# Parcellation Stats 2 lh Sun Jan 14 21:13:18 UTC 2018
#@# Parcellation Stats 2 rh Sun Jan 14 21:14:41 UTC 2018
#@# Cortical Parc 3 lh Sun Jan 14 21:16:07 UTC 2018
#@# Cortical Parc 3 rh Sun Jan 14 21:16:37 UTC 2018
#@# Parcellation Stats 3 lh Sun Jan 14 21:17:08 UTC 2018
#@# Parcellation Stats 3 rh Sun Jan 14 21:18:30 UTC 2018
#@# WM/GM Contrast lh Sun Jan 14 21:19:56 UTC 2018
#@# WM/GM Contrast rh Sun Jan 14 21:20:09 UTC 2018
#@# Relabel Hypointensities Sun Jan 14 21:20:23 UTC 2018
#@# AParc-to-ASeg aparc Sun Jan 14 21:21:09 UTC 2018
#@# AParc-to-ASeg a2009s Sun Jan 14 21:30:44 UTC 2018
#@# AParc-to-ASeg DKTatlas Sun Jan 14 21:40:26 UTC 2018
#@# APas-to-ASeg Sun Jan 14 21:50:20 UTC 2018
#@# ASeg Stats Sun Jan 14 21:50:35 UTC 2018
#@# WMParc Sun Jan 14 21:58:48 UTC 2018
#@# BA_exvivo Labels lh Sun Jan 14 22:22:06 UTC 2018
#@# BA_exvivo Labels rh Sun Jan 14 22:32:20 UTC 2018
recon-all -s 3530 finished without error at Sun Jan 14 22:42:25 UTC 2018
