status file for recon-all
Mon Jan 15 18:03:20 UTC 2018
#@# MotionCor Mon Jan 15 18:03:27 UTC 2018
#@# Talairach Mon Jan 15 18:03:56 UTC 2018
#@# Talairach Failure Detection Mon Jan 15 18:08:10 UTC 2018
#@# Nu Intensity Correction Mon Jan 15 18:08:11 UTC 2018
#@# Intensity Normalization Mon Jan 15 18:14:10 UTC 2018
#@# Skull Stripping Mon Jan 15 18:20:03 UTC 2018
#@# EM Registration Mon Jan 15 19:15:34 UTC 2018
#@# CA Normalize Mon Jan 15 20:02:37 UTC 2018
#@# CA Reg Mon Jan 15 20:07:00 UTC 2018
#@# SubCort Seg Tue Jan 16 03:29:48 UTC 2018
#@# Merge ASeg Tue Jan 16 05:31:46 UTC 2018
#@# Intensity Normalization2 Tue Jan 16 05:31:46 UTC 2018
#@# Mask BFS Tue Jan 16 05:39:26 UTC 2018
#@# WM Segmentation Tue Jan 16 05:39:30 UTC 2018
#@# Fill Tue Jan 16 05:44:03 UTC 2018
#@# Tessellate lh Tue Jan 16 05:45:52 UTC 2018
#@# Tessellate rh Tue Jan 16 05:46:05 UTC 2018
#@# Smooth1 lh Tue Jan 16 05:46:19 UTC 2018
#@# Smooth1 rh Tue Jan 16 05:46:28 UTC 2018
#@# Inflation1 lh Tue Jan 16 05:46:38 UTC 2018
#@# Inflation1 rh Tue Jan 16 05:47:33 UTC 2018
#@# QSphere lh Tue Jan 16 05:48:31 UTC 2018
#@# QSphere rh Tue Jan 16 05:54:21 UTC 2018
#@# Fix Topology Copy lh Tue Jan 16 06:01:10 UTC 2018
#@# Fix Topology Copy rh Tue Jan 16 06:01:10 UTC 2018
#@# Fix Topology lh Tue Jan 16 06:01:10 UTC 2018
#@# Fix Topology rh Tue Jan 16 06:54:49 UTC 2018
#@# Make White Surf lh Tue Jan 16 07:38:51 UTC 2018
#@# Make White Surf rh Tue Jan 16 07:47:18 UTC 2018
#@# Smooth2 lh Tue Jan 16 07:55:52 UTC 2018
#@# Smooth2 rh Tue Jan 16 07:56:01 UTC 2018
#@# Inflation2 lh Tue Jan 16 07:56:11 UTC 2018
#@# Inflation2 rh Tue Jan 16 07:57:07 UTC 2018
#@# Curv .H and .K lh Tue Jan 16 07:58:04 UTC 2018
#@# Curv .H and .K rh Tue Jan 16 08:00:19 UTC 2018
#@# Curvature Stats lh Tue Jan 16 08:02:41 UTC 2018
#@# Curvature Stats rh Tue Jan 16 08:02:47 UTC 2018
#@# Sphere lh Tue Jan 16 08:02:53 UTC 2018
#@# Sphere rh Tue Jan 16 09:09:21 UTC 2018
#@# Surf Reg lh Tue Jan 16 10:31:54 UTC 2018
#@# Surf Reg rh Tue Jan 16 11:39:59 UTC 2018
#@# Jacobian white lh Tue Jan 16 12:59:45 UTC 2018
#@# Jacobian white rh Tue Jan 16 12:59:48 UTC 2018
#@# AvgCurv lh Tue Jan 16 12:59:51 UTC 2018
#@# AvgCurv rh Tue Jan 16 12:59:54 UTC 2018
#@# Cortical Parc lh Tue Jan 16 12:59:56 UTC 2018
#@# Cortical Parc rh Tue Jan 16 13:00:22 UTC 2018
#@# Make Pial Surf lh Tue Jan 16 13:00:48 UTC 2018
#@# Make Pial Surf rh Tue Jan 16 13:24:45 UTC 2018
#@# Surf Volume lh Tue Jan 16 13:50:33 UTC 2018
#@# Surf Volume rh Tue Jan 16 13:50:39 UTC 2018
#@# Cortical ribbon mask Tue Jan 16 13:50:45 UTC 2018
#@# Parcellation Stats lh Tue Jan 16 14:13:39 UTC 2018
#@# Parcellation Stats rh Tue Jan 16 14:16:19 UTC 2018
#@# Cortical Parc 2 lh Tue Jan 16 14:19:03 UTC 2018
#@# Cortical Parc 2 rh Tue Jan 16 14:19:41 UTC 2018
#@# Parcellation Stats 2 lh Tue Jan 16 14:20:20 UTC 2018
#@# Parcellation Stats 2 rh Tue Jan 16 14:21:43 UTC 2018
#@# Cortical Parc 3 lh Tue Jan 16 14:23:03 UTC 2018
#@# Cortical Parc 3 rh Tue Jan 16 14:23:34 UTC 2018
#@# Parcellation Stats 3 lh Tue Jan 16 14:24:06 UTC 2018
#@# Parcellation Stats 3 rh Tue Jan 16 14:25:27 UTC 2018
#@# WM/GM Contrast lh Tue Jan 16 14:26:51 UTC 2018
#@# WM/GM Contrast rh Tue Jan 16 14:27:02 UTC 2018
#@# Relabel Hypointensities Tue Jan 16 14:27:14 UTC 2018
#@# AParc-to-ASeg aparc Tue Jan 16 14:28:08 UTC 2018
#@# AParc-to-ASeg a2009s Tue Jan 16 14:39:05 UTC 2018
#@# AParc-to-ASeg DKTatlas Tue Jan 16 14:49:08 UTC 2018
#@# APas-to-ASeg Tue Jan 16 14:58:33 UTC 2018
#@# ASeg Stats Tue Jan 16 14:58:49 UTC 2018
#@# WMParc Tue Jan 16 15:07:10 UTC 2018
#@# BA_exvivo Labels lh Tue Jan 16 15:30:06 UTC 2018
#@# BA_exvivo Labels rh Tue Jan 16 15:38:58 UTC 2018
recon-all -s 4005 finished without error at Tue Jan 16 15:48:00 UTC 2018
