status file for recon-all
Mon Jan 15 18:00:59 UTC 2018
#@# MotionCor Mon Jan 15 18:01:04 UTC 2018
#@# Talairach Mon Jan 15 18:01:25 UTC 2018
#@# Talairach Failure Detection Mon Jan 15 18:04:38 UTC 2018
#@# Nu Intensity Correction Mon Jan 15 18:04:38 UTC 2018
#@# Intensity Normalization Mon Jan 15 18:09:50 UTC 2018
#@# Skull Stripping Mon Jan 15 18:16:25 UTC 2018
#@# EM Registration Mon Jan 15 19:02:35 UTC 2018
#@# CA Normalize Mon Jan 15 19:41:58 UTC 2018
#@# CA Reg Mon Jan 15 19:46:09 UTC 2018
#@# SubCort Seg Tue Jan 16 03:08:07 UTC 2018
#@# Merge ASeg Tue Jan 16 05:21:59 UTC 2018
#@# Intensity Normalization2 Tue Jan 16 05:21:59 UTC 2018
#@# Mask BFS Tue Jan 16 05:29:51 UTC 2018
#@# WM Segmentation Tue Jan 16 05:29:55 UTC 2018
#@# Fill Tue Jan 16 05:34:17 UTC 2018
#@# Tessellate lh Tue Jan 16 05:36:05 UTC 2018
#@# Tessellate rh Tue Jan 16 05:36:17 UTC 2018
#@# Smooth1 lh Tue Jan 16 05:36:28 UTC 2018
#@# Smooth1 rh Tue Jan 16 05:36:37 UTC 2018
#@# Inflation1 lh Tue Jan 16 05:36:46 UTC 2018
#@# Inflation1 rh Tue Jan 16 05:37:38 UTC 2018
#@# QSphere lh Tue Jan 16 05:38:29 UTC 2018
#@# QSphere rh Tue Jan 16 05:44:04 UTC 2018
#@# Fix Topology Copy lh Tue Jan 16 05:49:34 UTC 2018
#@# Fix Topology Copy rh Tue Jan 16 05:49:34 UTC 2018
#@# Fix Topology lh Tue Jan 16 05:49:34 UTC 2018
#@# Fix Topology rh Tue Jan 16 07:44:57 UTC 2018
#@# Make White Surf lh Tue Jan 16 09:05:01 UTC 2018
#@# Make White Surf rh Tue Jan 16 09:13:38 UTC 2018
#@# Smooth2 lh Tue Jan 16 09:22:33 UTC 2018
#@# Smooth2 rh Tue Jan 16 09:22:42 UTC 2018
#@# Inflation2 lh Tue Jan 16 09:22:51 UTC 2018
#@# Inflation2 rh Tue Jan 16 09:23:43 UTC 2018
#@# Curv .H and .K lh Tue Jan 16 09:24:35 UTC 2018
#@# Curv .H and .K rh Tue Jan 16 09:26:43 UTC 2018
#@# Curvature Stats lh Tue Jan 16 09:28:51 UTC 2018
#@# Curvature Stats rh Tue Jan 16 09:28:57 UTC 2018
#@# Sphere lh Tue Jan 16 09:29:04 UTC 2018
#@# Sphere rh Tue Jan 16 10:48:51 UTC 2018
#@# Surf Reg lh Tue Jan 16 12:08:01 UTC 2018
#@# Surf Reg rh Tue Jan 16 13:21:25 UTC 2018
#@# Jacobian white lh Tue Jan 16 15:05:51 UTC 2018
#@# Jacobian white rh Tue Jan 16 15:05:54 UTC 2018
#@# AvgCurv lh Tue Jan 16 15:05:57 UTC 2018
#@# AvgCurv rh Tue Jan 16 15:05:59 UTC 2018
#@# Cortical Parc lh Tue Jan 16 15:06:02 UTC 2018
#@# Cortical Parc rh Tue Jan 16 15:06:26 UTC 2018
#@# Make Pial Surf lh Tue Jan 16 15:06:51 UTC 2018
#@# Make Pial Surf rh Tue Jan 16 15:30:10 UTC 2018
#@# Surf Volume lh Tue Jan 16 15:53:15 UTC 2018
#@# Surf Volume rh Tue Jan 16 15:53:19 UTC 2018
#@# Cortical ribbon mask Tue Jan 16 15:53:24 UTC 2018
#@# Parcellation Stats lh Tue Jan 16 16:11:59 UTC 2018
#@# Parcellation Stats rh Tue Jan 16 16:14:11 UTC 2018
#@# Cortical Parc 2 lh Tue Jan 16 16:16:23 UTC 2018
#@# Cortical Parc 2 rh Tue Jan 16 16:16:51 UTC 2018
#@# Parcellation Stats 2 lh Tue Jan 16 16:17:19 UTC 2018
#@# Parcellation Stats 2 rh Tue Jan 16 16:18:26 UTC 2018
#@# Cortical Parc 3 lh Tue Jan 16 16:19:33 UTC 2018
#@# Cortical Parc 3 rh Tue Jan 16 16:19:57 UTC 2018
#@# Parcellation Stats 3 lh Tue Jan 16 16:20:20 UTC 2018
#@# Parcellation Stats 3 rh Tue Jan 16 16:21:25 UTC 2018
#@# WM/GM Contrast lh Tue Jan 16 16:22:31 UTC 2018
#@# WM/GM Contrast rh Tue Jan 16 16:22:41 UTC 2018
#@# Relabel Hypointensities Tue Jan 16 16:22:50 UTC 2018
#@# AParc-to-ASeg aparc Tue Jan 16 16:23:30 UTC 2018
#@# AParc-to-ASeg a2009s Tue Jan 16 16:35:57 UTC 2018
#@# AParc-to-ASeg DKTatlas Tue Jan 16 16:48:17 UTC 2018
#@# APas-to-ASeg Tue Jan 16 17:00:44 UTC 2018
#@# ASeg Stats Tue Jan 16 17:01:00 UTC 2018
#@# WMParc Tue Jan 16 17:09:34 UTC 2018
#@# BA_exvivo Labels lh Tue Jan 16 17:29:16 UTC 2018
#@# BA_exvivo Labels rh Tue Jan 16 17:37:11 UTC 2018
recon-all -s 3969 finished without error at Tue Jan 16 17:45:06 UTC 2018
