status file for recon-all
Fri Jan 19 07:53:16 UTC 2018
#@# MotionCor Fri Jan 19 07:53:24 UTC 2018
#@# Talairach Fri Jan 19 07:53:50 UTC 2018
#@# Talairach Failure Detection Fri Jan 19 07:58:01 UTC 2018
#@# Nu Intensity Correction Fri Jan 19 07:58:01 UTC 2018
#@# Intensity Normalization Fri Jan 19 08:03:03 UTC 2018
#@# Skull Stripping Fri Jan 19 08:08:00 UTC 2018
#@# EM Registration Fri Jan 19 09:00:44 UTC 2018
#@# CA Normalize Fri Jan 19 09:39:10 UTC 2018
#@# CA Reg Fri Jan 19 09:42:59 UTC 2018
#@# SubCort Seg Fri Jan 19 17:23:40 UTC 2018
#@# Merge ASeg Fri Jan 19 20:12:45 UTC 2018
#@# Intensity Normalization2 Fri Jan 19 20:12:45 UTC 2018
#@# Mask BFS Fri Jan 19 20:21:47 UTC 2018
#@# WM Segmentation Fri Jan 19 20:21:53 UTC 2018
#@# Fill Fri Jan 19 20:27:31 UTC 2018
#@# Tessellate lh Fri Jan 19 20:29:39 UTC 2018
#@# Tessellate rh Fri Jan 19 20:29:55 UTC 2018
#@# Smooth1 lh Fri Jan 19 20:30:13 UTC 2018
#@# Smooth1 rh Fri Jan 19 20:30:27 UTC 2018
#@# Inflation1 lh Fri Jan 19 20:30:42 UTC 2018
#@# Inflation1 rh Fri Jan 19 20:32:13 UTC 2018
#@# QSphere lh Fri Jan 19 20:33:46 UTC 2018
#@# QSphere rh Fri Jan 19 20:43:11 UTC 2018
#@# Fix Topology Copy lh Fri Jan 19 20:53:21 UTC 2018
#@# Fix Topology Copy rh Fri Jan 19 20:53:21 UTC 2018
#@# Fix Topology lh Fri Jan 19 20:53:21 UTC 2018
#@# Fix Topology rh Fri Jan 19 23:17:04 UTC 2018
#@# Make White Surf lh Sat Jan 20 01:49:01 UTC 2018
#@# Make White Surf rh Sat Jan 20 02:01:17 UTC 2018
#@# Smooth2 lh Sat Jan 20 02:13:39 UTC 2018
#@# Smooth2 rh Sat Jan 20 02:13:53 UTC 2018
#@# Inflation2 lh Sat Jan 20 02:14:07 UTC 2018
#@# Inflation2 rh Sat Jan 20 02:15:37 UTC 2018
#@# Curv .H and .K lh Sat Jan 20 02:17:06 UTC 2018
#@# Curv .H and .K rh Sat Jan 20 02:20:33 UTC 2018
#@# Curvature Stats lh Sat Jan 20 02:24:03 UTC 2018
#@# Curvature Stats rh Sat Jan 20 02:24:13 UTC 2018
#@# Sphere lh Sat Jan 20 02:24:22 UTC 2018
#@# Sphere rh Sat Jan 20 04:28:39 UTC 2018
#@# Surf Reg lh Sat Jan 20 06:34:25 UTC 2018
#@# Surf Reg rh Sat Jan 20 08:29:16 UTC 2018
#@# Jacobian white lh Sat Jan 20 10:29:04 UTC 2018
#@# Jacobian white rh Sat Jan 20 10:29:08 UTC 2018
#@# AvgCurv lh Sat Jan 20 10:29:12 UTC 2018
#@# AvgCurv rh Sat Jan 20 10:29:15 UTC 2018
#@# Cortical Parc lh Sat Jan 20 10:29:19 UTC 2018
#@# Cortical Parc rh Sat Jan 20 10:29:49 UTC 2018
#@# Make Pial Surf lh Sat Jan 20 10:30:19 UTC 2018
#@# Make Pial Surf rh Sat Jan 20 11:01:28 UTC 2018
#@# Surf Volume lh Sat Jan 20 11:33:12 UTC 2018
#@# Surf Volume rh Sat Jan 20 11:33:19 UTC 2018
#@# Cortical ribbon mask Sat Jan 20 11:33:26 UTC 2018
#@# Parcellation Stats lh Sat Jan 20 12:05:37 UTC 2018
#@# Parcellation Stats rh Sat Jan 20 12:08:38 UTC 2018
#@# Cortical Parc 2 lh Sat Jan 20 12:11:42 UTC 2018
#@# Cortical Parc 2 rh Sat Jan 20 12:12:21 UTC 2018
#@# Parcellation Stats 2 lh Sat Jan 20 12:12:59 UTC 2018
#@# Parcellation Stats 2 rh Sat Jan 20 12:14:35 UTC 2018
#@# Cortical Parc 3 lh Sat Jan 20 12:16:09 UTC 2018
#@# Cortical Parc 3 rh Sat Jan 20 12:16:39 UTC 2018
#@# Parcellation Stats 3 lh Sat Jan 20 12:17:10 UTC 2018
#@# Parcellation Stats 3 rh Sat Jan 20 12:18:41 UTC 2018
#@# WM/GM Contrast lh Sat Jan 20 12:20:09 UTC 2018
#@# WM/GM Contrast rh Sat Jan 20 12:20:22 UTC 2018
#@# Relabel Hypointensities Sat Jan 20 12:20:35 UTC 2018
#@# AParc-to-ASeg aparc Sat Jan 20 12:21:23 UTC 2018
#@# AParc-to-ASeg a2009s Sat Jan 20 12:30:31 UTC 2018
#@# AParc-to-ASeg DKTatlas Sat Jan 20 12:39:41 UTC 2018
#@# APas-to-ASeg Sat Jan 20 12:48:52 UTC 2018
#@# ASeg Stats Sat Jan 20 12:49:05 UTC 2018
#@# WMParc Sat Jan 20 12:54:43 UTC 2018
#@# BA_exvivo Labels lh Sat Jan 20 13:13:27 UTC 2018
#@# BA_exvivo Labels rh Sat Jan 20 13:23:43 UTC 2018
recon-all -s 3779 finished without error at Sat Jan 20 13:34:05 UTC 2018
