status file for recon-all
Sat Jan 13 22:35:19 UTC 2018
#@# MotionCor Sat Jan 13 22:35:24 UTC 2018
#@# Talairach Sat Jan 13 22:35:49 UTC 2018
#@# Talairach Failure Detection Sat Jan 13 22:39:59 UTC 2018
#@# Nu Intensity Correction Sat Jan 13 22:39:59 UTC 2018
#@# Intensity Normalization Sat Jan 13 22:44:55 UTC 2018
#@# Skull Stripping Sat Jan 13 22:50:44 UTC 2018
#@# EM Registration Sat Jan 13 23:41:14 UTC 2018
#@# CA Normalize Sun Jan 14 00:20:14 UTC 2018
#@# CA Reg Sun Jan 14 00:23:48 UTC 2018
#@# SubCort Seg Sun Jan 14 07:42:22 UTC 2018
#@# Merge ASeg Sun Jan 14 09:58:06 UTC 2018
#@# Intensity Normalization2 Sun Jan 14 09:58:06 UTC 2018
#@# Mask BFS Sun Jan 14 10:07:03 UTC 2018
#@# WM Segmentation Sun Jan 14 10:07:08 UTC 2018
#@# Fill Sun Jan 14 10:11:53 UTC 2018
#@# Tessellate lh Sun Jan 14 10:14:03 UTC 2018
#@# Tessellate rh Sun Jan 14 10:14:16 UTC 2018
#@# Smooth1 lh Sun Jan 14 10:14:30 UTC 2018
#@# Smooth1 rh Sun Jan 14 10:14:39 UTC 2018
#@# Inflation1 lh Sun Jan 14 10:14:50 UTC 2018
#@# Inflation1 rh Sun Jan 14 10:15:52 UTC 2018
#@# QSphere lh Sun Jan 14 10:16:55 UTC 2018
#@# QSphere rh Sun Jan 14 10:23:35 UTC 2018
#@# Fix Topology Copy lh Sun Jan 14 10:30:50 UTC 2018
#@# Fix Topology Copy rh Sun Jan 14 10:30:50 UTC 2018
#@# Fix Topology lh Sun Jan 14 10:30:50 UTC 2018
#@# Fix Topology rh Sun Jan 14 10:53:15 UTC 2018
#@# Make White Surf lh Sun Jan 14 11:19:56 UTC 2018
#@# Make White Surf rh Sun Jan 14 11:30:00 UTC 2018
#@# Smooth2 lh Sun Jan 14 11:40:03 UTC 2018
#@# Smooth2 rh Sun Jan 14 11:40:13 UTC 2018
#@# Inflation2 lh Sun Jan 14 11:40:23 UTC 2018
#@# Inflation2 rh Sun Jan 14 11:41:26 UTC 2018
#@# Curv .H and .K lh Sun Jan 14 11:42:34 UTC 2018
#@# Curv .H and .K rh Sun Jan 14 11:45:00 UTC 2018
#@# Curvature Stats lh Sun Jan 14 11:47:27 UTC 2018
#@# Curvature Stats rh Sun Jan 14 11:47:34 UTC 2018
#@# Sphere lh Sun Jan 14 11:47:41 UTC 2018
#@# Sphere rh Sun Jan 14 12:38:00 UTC 2018
#@# Surf Reg lh Sun Jan 14 13:33:21 UTC 2018
#@# Surf Reg rh Sun Jan 14 14:56:43 UTC 2018
#@# Jacobian white lh Sun Jan 14 16:26:33 UTC 2018
#@# Jacobian white rh Sun Jan 14 16:26:37 UTC 2018
#@# AvgCurv lh Sun Jan 14 16:26:41 UTC 2018
#@# AvgCurv rh Sun Jan 14 16:26:45 UTC 2018
#@# Cortical Parc lh Sun Jan 14 16:26:48 UTC 2018
#@# Cortical Parc rh Sun Jan 14 16:27:21 UTC 2018
#@# Make Pial Surf lh Sun Jan 14 16:27:54 UTC 2018
#@# Make Pial Surf rh Sun Jan 14 16:55:47 UTC 2018
#@# Surf Volume lh Sun Jan 14 17:22:29 UTC 2018
#@# Surf Volume rh Sun Jan 14 17:22:35 UTC 2018
#@# Cortical ribbon mask Sun Jan 14 17:22:41 UTC 2018
#@# Parcellation Stats lh Sun Jan 14 17:42:23 UTC 2018
#@# Parcellation Stats rh Sun Jan 14 17:45:05 UTC 2018
#@# Cortical Parc 2 lh Sun Jan 14 17:47:47 UTC 2018
#@# Cortical Parc 2 rh Sun Jan 14 17:48:25 UTC 2018
#@# Parcellation Stats 2 lh Sun Jan 14 17:49:00 UTC 2018
#@# Parcellation Stats 2 rh Sun Jan 14 17:50:24 UTC 2018
#@# Cortical Parc 3 lh Sun Jan 14 17:51:44 UTC 2018
#@# Cortical Parc 3 rh Sun Jan 14 17:52:12 UTC 2018
#@# Parcellation Stats 3 lh Sun Jan 14 17:52:41 UTC 2018
#@# Parcellation Stats 3 rh Sun Jan 14 17:53:58 UTC 2018
#@# WM/GM Contrast lh Sun Jan 14 17:55:16 UTC 2018
#@# WM/GM Contrast rh Sun Jan 14 17:55:30 UTC 2018
#@# Relabel Hypointensities Sun Jan 14 17:55:43 UTC 2018
#@# AParc-to-ASeg aparc Sun Jan 14 17:56:32 UTC 2018
#@# AParc-to-ASeg a2009s Sun Jan 14 18:06:44 UTC 2018
#@# AParc-to-ASeg DKTatlas Sun Jan 14 18:17:53 UTC 2018
#@# APas-to-ASeg Sun Jan 14 18:29:16 UTC 2018
#@# ASeg Stats Sun Jan 14 18:29:33 UTC 2018
#@# WMParc Sun Jan 14 18:40:59 UTC 2018
#@# BA_exvivo Labels lh Sun Jan 14 19:08:17 UTC 2018
#@# BA_exvivo Labels rh Sun Jan 14 19:18:37 UTC 2018
recon-all -s 3527 finished without error at Sun Jan 14 19:28:51 UTC 2018
