status file for recon-all
Mon Jan 15 18:03:48 UTC 2018
#@# MotionCor Mon Jan 15 18:03:57 UTC 2018
#@# Talairach Mon Jan 15 18:04:23 UTC 2018
#@# Talairach Failure Detection Mon Jan 15 18:09:16 UTC 2018
#@# Nu Intensity Correction Mon Jan 15 18:09:16 UTC 2018
#@# Intensity Normalization Mon Jan 15 18:15:38 UTC 2018
#@# Skull Stripping Mon Jan 15 18:21:18 UTC 2018
#@# EM Registration Mon Jan 15 19:14:31 UTC 2018
#@# CA Normalize Mon Jan 15 20:16:26 UTC 2018
#@# CA Reg Mon Jan 15 20:20:50 UTC 2018
#@# SubCort Seg Tue Jan 16 03:50:57 UTC 2018
#@# Merge ASeg Tue Jan 16 05:58:37 UTC 2018
#@# Intensity Normalization2 Tue Jan 16 05:58:37 UTC 2018
#@# Mask BFS Tue Jan 16 06:06:23 UTC 2018
#@# WM Segmentation Tue Jan 16 06:06:27 UTC 2018
#@# Fill Tue Jan 16 06:11:23 UTC 2018
#@# Tessellate lh Tue Jan 16 06:13:16 UTC 2018
#@# Tessellate rh Tue Jan 16 06:13:30 UTC 2018
#@# Smooth1 lh Tue Jan 16 06:13:44 UTC 2018
#@# Smooth1 rh Tue Jan 16 06:13:53 UTC 2018
#@# Inflation1 lh Tue Jan 16 06:14:04 UTC 2018
#@# Inflation1 rh Tue Jan 16 06:15:05 UTC 2018
#@# QSphere lh Tue Jan 16 06:16:10 UTC 2018
#@# QSphere rh Tue Jan 16 06:22:54 UTC 2018
#@# Fix Topology Copy lh Tue Jan 16 06:29:39 UTC 2018
#@# Fix Topology Copy rh Tue Jan 16 06:29:39 UTC 2018
#@# Fix Topology lh Tue Jan 16 06:29:39 UTC 2018
#@# Fix Topology rh Tue Jan 16 07:25:22 UTC 2018
#@# Make White Surf lh Tue Jan 16 08:39:13 UTC 2018
#@# Make White Surf rh Tue Jan 16 08:48:27 UTC 2018
#@# Smooth2 lh Tue Jan 16 08:58:10 UTC 2018
#@# Smooth2 rh Tue Jan 16 08:58:20 UTC 2018
#@# Inflation2 lh Tue Jan 16 08:58:30 UTC 2018
#@# Inflation2 rh Tue Jan 16 08:59:32 UTC 2018
#@# Curv .H and .K lh Tue Jan 16 09:00:35 UTC 2018
#@# Curv .H and .K rh Tue Jan 16 09:03:03 UTC 2018
#@# Curvature Stats lh Tue Jan 16 09:05:32 UTC 2018
#@# Curvature Stats rh Tue Jan 16 09:05:38 UTC 2018
#@# Sphere lh Tue Jan 16 09:05:45 UTC 2018
#@# Sphere rh Tue Jan 16 10:00:59 UTC 2018
#@# Surf Reg lh Tue Jan 16 11:28:36 UTC 2018
#@# Surf Reg rh Tue Jan 16 12:55:11 UTC 2018
#@# Jacobian white lh Tue Jan 16 14:38:57 UTC 2018
#@# Jacobian white rh Tue Jan 16 14:39:01 UTC 2018
#@# AvgCurv lh Tue Jan 16 14:39:04 UTC 2018
#@# AvgCurv rh Tue Jan 16 14:39:08 UTC 2018
#@# Cortical Parc lh Tue Jan 16 14:39:11 UTC 2018
#@# Cortical Parc rh Tue Jan 16 14:39:41 UTC 2018
#@# Make Pial Surf lh Tue Jan 16 14:40:10 UTC 2018
#@# Make Pial Surf rh Tue Jan 16 15:07:04 UTC 2018
#@# Surf Volume lh Tue Jan 16 15:34:27 UTC 2018
#@# Surf Volume rh Tue Jan 16 15:34:33 UTC 2018
#@# Cortical ribbon mask Tue Jan 16 15:34:39 UTC 2018
#@# Parcellation Stats lh Tue Jan 16 15:56:08 UTC 2018
#@# Parcellation Stats rh Tue Jan 16 15:58:32 UTC 2018
#@# Cortical Parc 2 lh Tue Jan 16 16:00:56 UTC 2018
#@# Cortical Parc 2 rh Tue Jan 16 16:01:28 UTC 2018
#@# Parcellation Stats 2 lh Tue Jan 16 16:02:01 UTC 2018
#@# Parcellation Stats 2 rh Tue Jan 16 16:03:14 UTC 2018
#@# Cortical Parc 3 lh Tue Jan 16 16:04:30 UTC 2018
#@# Cortical Parc 3 rh Tue Jan 16 16:04:56 UTC 2018
#@# Parcellation Stats 3 lh Tue Jan 16 16:05:22 UTC 2018
#@# Parcellation Stats 3 rh Tue Jan 16 16:06:36 UTC 2018
#@# WM/GM Contrast lh Tue Jan 16 16:07:52 UTC 2018
#@# WM/GM Contrast rh Tue Jan 16 16:08:03 UTC 2018
#@# Relabel Hypointensities Tue Jan 16 16:08:14 UTC 2018
#@# AParc-to-ASeg aparc Tue Jan 16 16:09:00 UTC 2018
#@# AParc-to-ASeg a2009s Tue Jan 16 16:17:49 UTC 2018
#@# AParc-to-ASeg DKTatlas Tue Jan 16 16:26:57 UTC 2018
#@# APas-to-ASeg Tue Jan 16 16:35:58 UTC 2018
#@# ASeg Stats Tue Jan 16 16:36:13 UTC 2018
#@# WMParc Tue Jan 16 16:46:07 UTC 2018
#@# BA_exvivo Labels lh Tue Jan 16 17:06:56 UTC 2018
#@# BA_exvivo Labels rh Tue Jan 16 17:16:12 UTC 2018
recon-all -s 4010 finished without error at Tue Jan 16 17:25:39 UTC 2018
