status file for recon-all
Thu Jan 18 02:05:56 UTC 2018
#@# MotionCor Thu Jan 18 02:06:04 UTC 2018
#@# Talairach Thu Jan 18 02:06:34 UTC 2018
#@# Talairach Failure Detection Thu Jan 18 02:10:38 UTC 2018
#@# Nu Intensity Correction Thu Jan 18 02:10:38 UTC 2018
#@# Intensity Normalization Thu Jan 18 02:15:39 UTC 2018
#@# Skull Stripping Thu Jan 18 02:21:30 UTC 2018
#@# EM Registration Thu Jan 18 03:23:03 UTC 2018
#@# CA Normalize Thu Jan 18 04:08:46 UTC 2018
#@# CA Reg Thu Jan 18 04:12:36 UTC 2018
#@# SubCort Seg Thu Jan 18 11:41:42 UTC 2018
#@# Merge ASeg Thu Jan 18 14:26:44 UTC 2018
#@# Intensity Normalization2 Thu Jan 18 14:26:44 UTC 2018
#@# Mask BFS Thu Jan 18 14:33:58 UTC 2018
#@# WM Segmentation Thu Jan 18 14:34:02 UTC 2018
#@# Fill Thu Jan 18 14:39:29 UTC 2018
#@# Tessellate lh Thu Jan 18 14:41:07 UTC 2018
#@# Tessellate rh Thu Jan 18 14:41:20 UTC 2018
#@# Smooth1 lh Thu Jan 18 14:41:34 UTC 2018
#@# Smooth1 rh Thu Jan 18 14:41:44 UTC 2018
#@# Inflation1 lh Thu Jan 18 14:41:55 UTC 2018
#@# Inflation1 rh Thu Jan 18 14:42:56 UTC 2018
#@# QSphere lh Thu Jan 18 14:44:00 UTC 2018
#@# QSphere rh Thu Jan 18 14:51:01 UTC 2018
#@# Fix Topology Copy lh Thu Jan 18 14:57:20 UTC 2018
#@# Fix Topology Copy rh Thu Jan 18 14:57:20 UTC 2018
#@# Fix Topology lh Thu Jan 18 14:57:20 UTC 2018
#@# Fix Topology rh Thu Jan 18 16:05:58 UTC 2018
#@# Make White Surf lh Thu Jan 18 17:13:27 UTC 2018
#@# Make White Surf rh Thu Jan 18 17:21:45 UTC 2018
#@# Smooth2 lh Thu Jan 18 17:30:11 UTC 2018
#@# Smooth2 rh Thu Jan 18 17:30:21 UTC 2018
#@# Inflation2 lh Thu Jan 18 17:30:31 UTC 2018
#@# Inflation2 rh Thu Jan 18 17:31:32 UTC 2018
#@# Curv .H and .K lh Thu Jan 18 17:32:31 UTC 2018
#@# Curv .H and .K rh Thu Jan 18 17:34:56 UTC 2018
#@# Curvature Stats lh Thu Jan 18 17:37:23 UTC 2018
#@# Curvature Stats rh Thu Jan 18 17:37:30 UTC 2018
#@# Sphere lh Thu Jan 18 17:37:38 UTC 2018
#@# Sphere rh Thu Jan 18 19:05:36 UTC 2018
#@# Surf Reg lh Thu Jan 18 20:24:52 UTC 2018
#@# Surf Reg rh Thu Jan 18 21:55:41 UTC 2018
#@# Jacobian white lh Thu Jan 18 23:44:17 UTC 2018
#@# Jacobian white rh Thu Jan 18 23:44:21 UTC 2018
#@# AvgCurv lh Thu Jan 18 23:44:24 UTC 2018
#@# AvgCurv rh Thu Jan 18 23:44:27 UTC 2018
#@# Cortical Parc lh Thu Jan 18 23:44:30 UTC 2018
#@# Cortical Parc rh Thu Jan 18 23:44:59 UTC 2018
#@# Make Pial Surf lh Thu Jan 18 23:45:27 UTC 2018
#@# Make Pial Surf rh Fri Jan 19 00:11:22 UTC 2018
#@# Surf Volume lh Fri Jan 19 00:37:32 UTC 2018
#@# Surf Volume rh Fri Jan 19 00:37:38 UTC 2018
#@# Cortical ribbon mask Fri Jan 19 00:37:44 UTC 2018
#@# Parcellation Stats lh Fri Jan 19 01:00:59 UTC 2018
#@# Parcellation Stats rh Fri Jan 19 01:03:42 UTC 2018
#@# Cortical Parc 2 lh Fri Jan 19 01:06:22 UTC 2018
#@# Cortical Parc 2 rh Fri Jan 19 01:06:59 UTC 2018
#@# Parcellation Stats 2 lh Fri Jan 19 01:07:38 UTC 2018
#@# Parcellation Stats 2 rh Fri Jan 19 01:08:59 UTC 2018
#@# Cortical Parc 3 lh Fri Jan 19 01:10:21 UTC 2018
#@# Cortical Parc 3 rh Fri Jan 19 01:10:49 UTC 2018
#@# Parcellation Stats 3 lh Fri Jan 19 01:11:21 UTC 2018
#@# Parcellation Stats 3 rh Fri Jan 19 01:12:40 UTC 2018
#@# WM/GM Contrast lh Fri Jan 19 01:13:58 UTC 2018
#@# WM/GM Contrast rh Fri Jan 19 01:14:12 UTC 2018
#@# Relabel Hypointensities Fri Jan 19 01:14:24 UTC 2018
#@# AParc-to-ASeg aparc Fri Jan 19 01:15:15 UTC 2018
#@# AParc-to-ASeg a2009s Fri Jan 19 01:24:57 UTC 2018
#@# AParc-to-ASeg DKTatlas Fri Jan 19 01:34:28 UTC 2018
#@# APas-to-ASeg Fri Jan 19 01:44:14 UTC 2018
#@# ASeg Stats Fri Jan 19 01:44:30 UTC 2018
#@# WMParc Fri Jan 19 01:54:10 UTC 2018
#@# BA_exvivo Labels lh Fri Jan 19 02:14:54 UTC 2018
#@# BA_exvivo Labels rh Fri Jan 19 02:24:05 UTC 2018
recon-all -s 4101 finished without error at Fri Jan 19 02:33:22 UTC 2018
