status file for recon-all
Sun Dec 31 01:03:27 UTC 2017
#@# MotionCor Sun Dec 31 01:03:36 UTC 2017
#@# Talairach Sun Dec 31 01:04:00 UTC 2017
#@# Talairach Failure Detection Sun Dec 31 01:08:32 UTC 2017
#@# Nu Intensity Correction Sun Dec 31 01:08:32 UTC 2017
#@# Intensity Normalization Sun Dec 31 01:16:05 UTC 2017
#@# Skull Stripping Sun Dec 31 01:22:08 UTC 2017
#@# EM Registration Sun Dec 31 02:14:09 UTC 2017
#@# CA Normalize Sun Dec 31 02:57:34 UTC 2017
#@# CA Reg Sun Dec 31 03:01:44 UTC 2017
#@# SubCort Seg Sun Dec 31 10:31:50 UTC 2017
#@# Merge ASeg Sun Dec 31 12:50:31 UTC 2017
#@# Intensity Normalization2 Sun Dec 31 12:50:31 UTC 2017
#@# Mask BFS Sun Dec 31 12:59:19 UTC 2017
#@# WM Segmentation Sun Dec 31 12:59:24 UTC 2017
#@# Fill Sun Dec 31 13:04:30 UTC 2017
#@# Tessellate lh Sun Dec 31 13:06:43 UTC 2017
#@# Tessellate rh Sun Dec 31 13:06:56 UTC 2017
#@# Smooth1 lh Sun Dec 31 13:07:10 UTC 2017
#@# Smooth1 rh Sun Dec 31 13:07:23 UTC 2017
#@# Inflation1 lh Sun Dec 31 13:07:34 UTC 2017
#@# Inflation1 rh Sun Dec 31 13:08:44 UTC 2017
#@# QSphere lh Sun Dec 31 13:09:50 UTC 2017
#@# QSphere rh Sun Dec 31 13:16:49 UTC 2017
#@# Fix Topology Copy lh Sun Dec 31 13:24:11 UTC 2017
#@# Fix Topology Copy rh Sun Dec 31 13:24:11 UTC 2017
#@# Fix Topology lh Sun Dec 31 13:24:11 UTC 2017
#@# Fix Topology rh Sun Dec 31 14:15:16 UTC 2017
#@# Make White Surf lh Sun Dec 31 15:07:18 UTC 2017
#@# Make White Surf rh Sun Dec 31 15:17:34 UTC 2017
#@# Smooth2 lh Sun Dec 31 15:27:38 UTC 2017
#@# Smooth2 rh Sun Dec 31 15:27:48 UTC 2017
#@# Inflation2 lh Sun Dec 31 15:27:59 UTC 2017
#@# Inflation2 rh Sun Dec 31 15:29:12 UTC 2017
#@# Curv .H and .K lh Sun Dec 31 15:30:26 UTC 2017
#@# Curv .H and .K rh Sun Dec 31 15:33:11 UTC 2017
#@# Curvature Stats lh Sun Dec 31 15:35:57 UTC 2017
#@# Curvature Stats rh Sun Dec 31 15:36:05 UTC 2017
#@# Sphere lh Sun Dec 31 15:36:14 UTC 2017
#@# Sphere rh Sun Dec 31 17:15:52 UTC 2017
#@# Surf Reg lh Sun Dec 31 18:58:01 UTC 2017
#@# Surf Reg rh Sun Dec 31 20:20:44 UTC 2017
#@# Jacobian white lh Sun Dec 31 21:47:24 UTC 2017
#@# Jacobian white rh Sun Dec 31 21:47:28 UTC 2017
#@# AvgCurv lh Sun Dec 31 21:47:31 UTC 2017
#@# AvgCurv rh Sun Dec 31 21:47:34 UTC 2017
#@# Cortical Parc lh Sun Dec 31 21:47:37 UTC 2017
#@# Cortical Parc rh Sun Dec 31 21:48:07 UTC 2017
#@# Make Pial Surf lh Sun Dec 31 21:48:35 UTC 2017
#@# Make Pial Surf rh Sun Dec 31 22:16:21 UTC 2017
#@# Surf Volume lh Sun Dec 31 22:44:21 UTC 2017
#@# Surf Volume rh Sun Dec 31 22:44:28 UTC 2017
#@# Cortical ribbon mask Sun Dec 31 22:44:33 UTC 2017
#@# Parcellation Stats lh Sun Dec 31 23:09:24 UTC 2017
#@# Parcellation Stats rh Sun Dec 31 23:12:29 UTC 2017
#@# Cortical Parc 2 lh Sun Dec 31 23:15:38 UTC 2017
#@# Cortical Parc 2 rh Sun Dec 31 23:16:22 UTC 2017
#@# Parcellation Stats 2 lh Sun Dec 31 23:17:04 UTC 2017
#@# Parcellation Stats 2 rh Sun Dec 31 23:18:43 UTC 2017
#@# Cortical Parc 3 lh Sun Dec 31 23:20:21 UTC 2017
#@# Cortical Parc 3 rh Sun Dec 31 23:20:55 UTC 2017
#@# Parcellation Stats 3 lh Sun Dec 31 23:21:29 UTC 2017
#@# Parcellation Stats 3 rh Sun Dec 31 23:22:57 UTC 2017
#@# WM/GM Contrast lh Sun Dec 31 23:24:31 UTC 2017
#@# WM/GM Contrast rh Sun Dec 31 23:24:46 UTC 2017
#@# Relabel Hypointensities Sun Dec 31 23:24:57 UTC 2017
#@# AParc-to-ASeg aparc Sun Dec 31 23:25:58 UTC 2017
#@# AParc-to-ASeg a2009s Sun Dec 31 23:40:11 UTC 2017
#@# AParc-to-ASeg DKTatlas Sun Dec 31 23:56:20 UTC 2017
#@# APas-to-ASeg Mon Jan  1 00:09:43 UTC 2018
#@# ASeg Stats Mon Jan  1 00:10:02 UTC 2018
#@# WMParc Mon Jan  1 00:22:22 UTC 2018
#@# BA_exvivo Labels lh Mon Jan  1 00:47:40 UTC 2018
#@# BA_exvivo Labels rh Mon Jan  1 00:58:01 UTC 2018
recon-all -s 3112 finished without error at Mon Jan  1 01:08:27 UTC 2018
