status file for recon-all
Fri Jan 19 07:53:31 UTC 2018
#@# MotionCor Fri Jan 19 07:53:39 UTC 2018
#@# Talairach Fri Jan 19 07:54:05 UTC 2018
#@# Talairach Failure Detection Fri Jan 19 07:58:33 UTC 2018
#@# Nu Intensity Correction Fri Jan 19 07:58:33 UTC 2018
#@# Intensity Normalization Fri Jan 19 08:03:50 UTC 2018
#@# Skull Stripping Fri Jan 19 08:08:41 UTC 2018
#@# EM Registration Fri Jan 19 08:54:47 UTC 2018
#@# CA Normalize Fri Jan 19 09:37:42 UTC 2018
#@# CA Reg Fri Jan 19 09:41:29 UTC 2018
#@# SubCort Seg Fri Jan 19 17:19:35 UTC 2018
#@# Merge ASeg Fri Jan 19 19:35:23 UTC 2018
#@# Intensity Normalization2 Fri Jan 19 19:35:23 UTC 2018
#@# Mask BFS Fri Jan 19 19:44:03 UTC 2018
#@# WM Segmentation Fri Jan 19 19:44:08 UTC 2018
#@# Fill Fri Jan 19 19:49:21 UTC 2018
#@# Tessellate lh Fri Jan 19 19:51:23 UTC 2018
#@# Tessellate rh Fri Jan 19 19:51:37 UTC 2018
#@# Smooth1 lh Fri Jan 19 19:51:50 UTC 2018
#@# Smooth1 rh Fri Jan 19 19:52:00 UTC 2018
#@# Inflation1 lh Fri Jan 19 19:52:11 UTC 2018
#@# Inflation1 rh Fri Jan 19 19:53:22 UTC 2018
#@# QSphere lh Fri Jan 19 19:54:30 UTC 2018
#@# QSphere rh Fri Jan 19 20:01:41 UTC 2018
#@# Fix Topology Copy lh Fri Jan 19 20:08:36 UTC 2018
#@# Fix Topology Copy rh Fri Jan 19 20:08:36 UTC 2018
#@# Fix Topology lh Fri Jan 19 20:08:36 UTC 2018
#@# Fix Topology rh Fri Jan 19 21:54:17 UTC 2018
#@# Make White Surf lh Fri Jan 19 23:57:55 UTC 2018
#@# Make White Surf rh Sat Jan 20 00:07:17 UTC 2018
#@# Smooth2 lh Sat Jan 20 00:17:13 UTC 2018
#@# Smooth2 rh Sat Jan 20 00:17:24 UTC 2018
#@# Inflation2 lh Sat Jan 20 00:17:35 UTC 2018
#@# Inflation2 rh Sat Jan 20 00:18:43 UTC 2018
#@# Curv .H and .K lh Sat Jan 20 00:19:50 UTC 2018
#@# Curv .H and .K rh Sat Jan 20 00:22:40 UTC 2018
#@# Curvature Stats lh Sat Jan 20 00:25:23 UTC 2018
#@# Curvature Stats rh Sat Jan 20 00:25:31 UTC 2018
#@# Sphere lh Sat Jan 20 00:25:38 UTC 2018
#@# Sphere rh Sat Jan 20 01:52:57 UTC 2018
#@# Surf Reg lh Sat Jan 20 03:48:44 UTC 2018
#@# Surf Reg rh Sat Jan 20 05:08:56 UTC 2018
#@# Jacobian white lh Sat Jan 20 06:31:59 UTC 2018
#@# Jacobian white rh Sat Jan 20 06:32:02 UTC 2018
#@# AvgCurv lh Sat Jan 20 06:32:06 UTC 2018
#@# AvgCurv rh Sat Jan 20 06:32:08 UTC 2018
#@# Cortical Parc lh Sat Jan 20 06:32:11 UTC 2018
#@# Cortical Parc rh Sat Jan 20 06:32:39 UTC 2018
#@# Make Pial Surf lh Sat Jan 20 06:33:04 UTC 2018
#@# Make Pial Surf rh Sat Jan 20 06:59:51 UTC 2018
#@# Surf Volume lh Sat Jan 20 07:26:47 UTC 2018
#@# Surf Volume rh Sat Jan 20 07:26:54 UTC 2018
#@# Cortical ribbon mask Sat Jan 20 07:27:00 UTC 2018
#@# Parcellation Stats lh Sat Jan 20 07:53:22 UTC 2018
#@# Parcellation Stats rh Sat Jan 20 07:55:51 UTC 2018
#@# Cortical Parc 2 lh Sat Jan 20 07:58:15 UTC 2018
#@# Cortical Parc 2 rh Sat Jan 20 07:58:47 UTC 2018
#@# Parcellation Stats 2 lh Sat Jan 20 07:59:20 UTC 2018
#@# Parcellation Stats 2 rh Sat Jan 20 08:00:31 UTC 2018
#@# Cortical Parc 3 lh Sat Jan 20 08:01:42 UTC 2018
#@# Cortical Parc 3 rh Sat Jan 20 08:02:08 UTC 2018
#@# Parcellation Stats 3 lh Sat Jan 20 08:02:35 UTC 2018
#@# Parcellation Stats 3 rh Sat Jan 20 08:03:47 UTC 2018
#@# WM/GM Contrast lh Sat Jan 20 08:04:58 UTC 2018
#@# WM/GM Contrast rh Sat Jan 20 08:05:09 UTC 2018
#@# Relabel Hypointensities Sat Jan 20 08:05:20 UTC 2018
#@# AParc-to-ASeg aparc Sat Jan 20 08:06:05 UTC 2018
#@# AParc-to-ASeg a2009s Sat Jan 20 08:14:43 UTC 2018
#@# AParc-to-ASeg DKTatlas Sat Jan 20 08:23:17 UTC 2018
#@# APas-to-ASeg Sat Jan 20 08:31:50 UTC 2018
#@# ASeg Stats Sat Jan 20 08:32:04 UTC 2018
#@# WMParc Sat Jan 20 08:40:13 UTC 2018
#@# BA_exvivo Labels lh Sat Jan 20 08:59:55 UTC 2018
#@# BA_exvivo Labels rh Sat Jan 20 09:09:40 UTC 2018
recon-all -s 3780 finished without error at Sat Jan 20 09:19:19 UTC 2018
