status file for recon-all
Sun Dec 31 01:04:42 UTC 2017
#@# MotionCor Sun Dec 31 01:04:51 UTC 2017
#@# Talairach Sun Dec 31 01:05:16 UTC 2017
#@# Talairach Failure Detection Sun Dec 31 01:13:02 UTC 2017
#@# Nu Intensity Correction Sun Dec 31 01:13:05 UTC 2017
#@# Intensity Normalization Sun Dec 31 01:21:03 UTC 2017
#@# Skull Stripping Sun Dec 31 01:26:50 UTC 2017
#@# EM Registration Sun Dec 31 02:12:28 UTC 2017
#@# CA Normalize Sun Dec 31 03:02:20 UTC 2017
#@# CA Reg Sun Dec 31 03:06:39 UTC 2017
#@# SubCort Seg Sun Dec 31 11:24:25 UTC 2017
#@# Merge ASeg Sun Dec 31 13:48:48 UTC 2017
#@# Intensity Normalization2 Sun Dec 31 13:48:48 UTC 2017
#@# Mask BFS Sun Dec 31 13:58:35 UTC 2017
#@# WM Segmentation Sun Dec 31 13:58:42 UTC 2017
#@# Fill Sun Dec 31 14:04:21 UTC 2017
#@# Tessellate lh Sun Dec 31 14:06:42 UTC 2017
#@# Tessellate rh Sun Dec 31 14:07:00 UTC 2017
#@# Smooth1 lh Sun Dec 31 14:07:18 UTC 2017
#@# Smooth1 rh Sun Dec 31 14:07:29 UTC 2017
#@# Inflation1 lh Sun Dec 31 14:07:41 UTC 2017
#@# Inflation1 rh Sun Dec 31 14:08:54 UTC 2017
#@# QSphere lh Sun Dec 31 14:10:11 UTC 2017
#@# QSphere rh Sun Dec 31 14:17:36 UTC 2017
#@# Fix Topology Copy lh Sun Dec 31 14:25:26 UTC 2017
#@# Fix Topology Copy rh Sun Dec 31 14:25:26 UTC 2017
#@# Fix Topology lh Sun Dec 31 14:25:26 UTC 2017
#@# Fix Topology rh Sun Dec 31 15:52:56 UTC 2017
#@# Make White Surf lh Sun Dec 31 17:33:48 UTC 2017
#@# Make White Surf rh Sun Dec 31 17:44:12 UTC 2017
#@# Smooth2 lh Sun Dec 31 17:54:10 UTC 2017
#@# Smooth2 rh Sun Dec 31 17:54:21 UTC 2017
#@# Inflation2 lh Sun Dec 31 17:54:32 UTC 2017
#@# Inflation2 rh Sun Dec 31 17:55:40 UTC 2017
#@# Curv .H and .K lh Sun Dec 31 17:56:51 UTC 2017
#@# Curv .H and .K rh Sun Dec 31 17:59:35 UTC 2017
#@# Curvature Stats lh Sun Dec 31 18:02:20 UTC 2017
#@# Curvature Stats rh Sun Dec 31 18:02:28 UTC 2017
#@# Sphere lh Sun Dec 31 18:02:37 UTC 2017
#@# Sphere rh Sun Dec 31 19:50:50 UTC 2017
#@# Surf Reg lh Sun Dec 31 20:50:48 UTC 2017
#@# Surf Reg rh Sun Dec 31 22:16:16 UTC 2017
#@# Jacobian white lh Sun Dec 31 23:51:46 UTC 2017
#@# Jacobian white rh Sun Dec 31 23:51:51 UTC 2017
#@# AvgCurv lh Sun Dec 31 23:51:56 UTC 2017
#@# AvgCurv rh Sun Dec 31 23:52:00 UTC 2017
#@# Cortical Parc lh Sun Dec 31 23:52:03 UTC 2017
#@# Cortical Parc rh Sun Dec 31 23:52:44 UTC 2017
#@# Make Pial Surf lh Sun Dec 31 23:53:26 UTC 2017
#@# Make Pial Surf rh Mon Jan  1 00:22:03 UTC 2018
#@# Surf Volume lh Mon Jan  1 00:50:00 UTC 2018
#@# Surf Volume rh Mon Jan  1 00:50:07 UTC 2018
#@# Cortical ribbon mask Mon Jan  1 00:50:14 UTC 2018
#@# Parcellation Stats lh Mon Jan  1 01:14:56 UTC 2018
#@# Parcellation Stats rh Mon Jan  1 01:17:46 UTC 2018
#@# Cortical Parc 2 lh Mon Jan  1 01:20:42 UTC 2018
#@# Cortical Parc 2 rh Mon Jan  1 01:21:21 UTC 2018
#@# Parcellation Stats 2 lh Mon Jan  1 01:22:00 UTC 2018
#@# Parcellation Stats 2 rh Mon Jan  1 01:23:18 UTC 2018
#@# Cortical Parc 3 lh Mon Jan  1 01:24:37 UTC 2018
#@# Cortical Parc 3 rh Mon Jan  1 01:25:07 UTC 2018
#@# Parcellation Stats 3 lh Mon Jan  1 01:25:34 UTC 2018
#@# Parcellation Stats 3 rh Mon Jan  1 01:26:49 UTC 2018
#@# WM/GM Contrast lh Mon Jan  1 01:28:04 UTC 2018
#@# WM/GM Contrast rh Mon Jan  1 01:28:17 UTC 2018
#@# Relabel Hypointensities Mon Jan  1 01:28:29 UTC 2018
#@# AParc-to-ASeg aparc Mon Jan  1 01:29:17 UTC 2018
#@# AParc-to-ASeg a2009s Mon Jan  1 01:39:02 UTC 2018
#@# AParc-to-ASeg DKTatlas Mon Jan  1 01:48:46 UTC 2018
#@# APas-to-ASeg Mon Jan  1 02:00:08 UTC 2018
#@# ASeg Stats Mon Jan  1 02:00:24 UTC 2018
#@# WMParc Mon Jan  1 02:09:53 UTC 2018
#@# BA_exvivo Labels lh Mon Jan  1 02:30:55 UTC 2018
#@# BA_exvivo Labels rh Mon Jan  1 02:39:38 UTC 2018
recon-all -s 3114 finished without error at Mon Jan  1 02:48:31 UTC 2018
