status file for recon-all
Fri Jan 19 07:53:05 UTC 2018
#@# MotionCor Fri Jan 19 07:53:12 UTC 2018
#@# Talairach Fri Jan 19 07:53:37 UTC 2018
#@# Talairach Failure Detection Fri Jan 19 07:57:37 UTC 2018
#@# Nu Intensity Correction Fri Jan 19 07:57:38 UTC 2018
#@# Intensity Normalization Fri Jan 19 08:02:35 UTC 2018
#@# Skull Stripping Fri Jan 19 08:07:41 UTC 2018
#@# EM Registration Fri Jan 19 08:51:56 UTC 2018
#@# CA Normalize Fri Jan 19 09:28:15 UTC 2018
#@# CA Reg Fri Jan 19 09:31:43 UTC 2018
#@# SubCort Seg Fri Jan 19 17:07:56 UTC 2018
#@# Merge ASeg Fri Jan 19 19:17:28 UTC 2018
#@# Intensity Normalization2 Fri Jan 19 19:17:28 UTC 2018
#@# Mask BFS Fri Jan 19 19:25:59 UTC 2018
#@# WM Segmentation Fri Jan 19 19:26:04 UTC 2018
#@# Fill Fri Jan 19 19:30:57 UTC 2018
#@# Tessellate lh Fri Jan 19 19:33:01 UTC 2018
#@# Tessellate rh Fri Jan 19 19:33:14 UTC 2018
#@# Smooth1 lh Fri Jan 19 19:33:29 UTC 2018
#@# Smooth1 rh Fri Jan 19 19:33:39 UTC 2018
#@# Inflation1 lh Fri Jan 19 19:33:50 UTC 2018
#@# Inflation1 rh Fri Jan 19 19:34:51 UTC 2018
#@# QSphere lh Fri Jan 19 19:35:58 UTC 2018
#@# QSphere rh Fri Jan 19 19:42:36 UTC 2018
#@# Fix Topology Copy lh Fri Jan 19 19:49:38 UTC 2018
#@# Fix Topology Copy rh Fri Jan 19 19:49:38 UTC 2018
#@# Fix Topology lh Fri Jan 19 19:49:38 UTC 2018
#@# Fix Topology rh Fri Jan 19 21:10:59 UTC 2018
#@# Make White Surf lh Fri Jan 19 22:22:16 UTC 2018
#@# Make White Surf rh Fri Jan 19 22:30:46 UTC 2018
#@# Smooth2 lh Fri Jan 19 22:39:53 UTC 2018
#@# Smooth2 rh Fri Jan 19 22:40:04 UTC 2018
#@# Inflation2 lh Fri Jan 19 22:40:14 UTC 2018
#@# Inflation2 rh Fri Jan 19 22:41:19 UTC 2018
#@# Curv .H and .K lh Fri Jan 19 22:42:25 UTC 2018
#@# Curv .H and .K rh Fri Jan 19 22:44:56 UTC 2018
#@# Curvature Stats lh Fri Jan 19 22:47:28 UTC 2018
#@# Curvature Stats rh Fri Jan 19 22:47:35 UTC 2018
#@# Sphere lh Fri Jan 19 22:47:43 UTC 2018
#@# Sphere rh Sat Jan 20 00:03:53 UTC 2018
#@# Surf Reg lh Sat Jan 20 01:25:18 UTC 2018
#@# Surf Reg rh Sat Jan 20 02:32:00 UTC 2018
#@# Jacobian white lh Sat Jan 20 04:16:01 UTC 2018
#@# Jacobian white rh Sat Jan 20 04:16:05 UTC 2018
#@# AvgCurv lh Sat Jan 20 04:16:08 UTC 2018
#@# AvgCurv rh Sat Jan 20 04:16:11 UTC 2018
#@# Cortical Parc lh Sat Jan 20 04:16:15 UTC 2018
#@# Cortical Parc rh Sat Jan 20 04:16:40 UTC 2018
#@# Make Pial Surf lh Sat Jan 20 04:17:10 UTC 2018
#@# Make Pial Surf rh Sat Jan 20 04:43:12 UTC 2018
#@# Surf Volume lh Sat Jan 20 05:10:14 UTC 2018
#@# Surf Volume rh Sat Jan 20 05:10:20 UTC 2018
#@# Cortical ribbon mask Sat Jan 20 05:10:26 UTC 2018
#@# Parcellation Stats lh Sat Jan 20 05:34:40 UTC 2018
#@# Parcellation Stats rh Sat Jan 20 05:37:19 UTC 2018
#@# Cortical Parc 2 lh Sat Jan 20 05:39:58 UTC 2018
#@# Cortical Parc 2 rh Sat Jan 20 05:40:34 UTC 2018
#@# Parcellation Stats 2 lh Sat Jan 20 05:41:09 UTC 2018
#@# Parcellation Stats 2 rh Sat Jan 20 05:42:28 UTC 2018
#@# Cortical Parc 3 lh Sat Jan 20 05:43:50 UTC 2018
#@# Cortical Parc 3 rh Sat Jan 20 05:44:20 UTC 2018
#@# Parcellation Stats 3 lh Sat Jan 20 05:44:52 UTC 2018
#@# Parcellation Stats 3 rh Sat Jan 20 05:46:09 UTC 2018
#@# WM/GM Contrast lh Sat Jan 20 05:47:30 UTC 2018
#@# WM/GM Contrast rh Sat Jan 20 05:47:43 UTC 2018
#@# Relabel Hypointensities Sat Jan 20 05:47:54 UTC 2018
#@# AParc-to-ASeg aparc Sat Jan 20 05:48:44 UTC 2018
#@# AParc-to-ASeg a2009s Sat Jan 20 05:58:41 UTC 2018
#@# AParc-to-ASeg DKTatlas Sat Jan 20 06:08:13 UTC 2018
#@# APas-to-ASeg Sat Jan 20 06:17:10 UTC 2018
#@# ASeg Stats Sat Jan 20 06:17:23 UTC 2018
#@# WMParc Sat Jan 20 06:26:07 UTC 2018
#@# BA_exvivo Labels lh Sat Jan 20 06:45:57 UTC 2018
#@# BA_exvivo Labels rh Sat Jan 20 06:54:47 UTC 2018
recon-all -s 3778 finished without error at Sat Jan 20 07:04:03 UTC 2018
