Mon Jan  1 19:40:52 UTC 2018
/usr/local/freesurfer/subjects/3226
/usr/local/freesurfer/bin/recon-all
-all -i sMRI/3226.nii -subjid 3226 -sd /usr/local/freesurfer/subjects
subjid 3226
setenv SUBJECTS_DIR /usr/local/freesurfer/subjects
FREESURFER_HOME /usr/local/freesurfer
Actual FREESURFER_HOME /usr/local/freesurfer
build-stamp.txt: freesurfer-Linux-centos6_x86_64-stable-pub-v6.0.0-2beb96c
Linux ali-2 3.13.0-121-generic #170-Ubuntu SMP Wed Jun 14 09:04:33 UTC 2017 x86_64 x86_64 x86_64 GNU/Linux
cputime      unlimited
filesize     unlimited
datasize     unlimited
stacksize    8192 kbytes
coredumpsize 0 kbytes
memoryuse    unlimited
vmemoryuse   unlimited
descriptors  1024 
memorylocked 64 kbytes
maxproc      63798 
maxlocks     unlimited
maxsignal    63798 
maxmessage   819200 
maxnice      0 
maxrtprio    0 
maxrttime    unlimited

             total       used       free     shared    buffers     cached
Mem:       8176220    5733988    2442232         36      71412    4749164
-/+ buffers/cache:     913412    7262808
Swap:      4194300       8208    4186092

########################################
program versions used
$Id: recon-all,v 1.580.2.16 2017/01/18 14:11:24 zkaufman Exp $
$Id: mri_motion_correct.fsl,v 1.15 2016/02/16 17:17:20 zkaufman Exp $
mri_convert.bin -all-info 
ProgramName: mri_convert.bin  ProgramArguments: -all-info  ProgramVersion: $Name: stable6 $  TimeStamp: 2018/01/01-19:40:52-GMT  BuildTimeStamp: Jan 18 2017 16:38:58  CVS: $Id: mri_convert.c,v 1.226 2016/02/26 16:15:24 mreuter Exp $  User: ubuntu  Machine: ali-2  Platform: Linux  PlatformVersion: 3.13.0-121-generic  CompilerName: GCC  CompilerVersion: 40400 
FLIRT version 5.5
$Id: talairach_avi,v 1.13 2015/12/23 04:25:17 greve Exp $
mri_convert.bin --version 
stable6
ProgramName: tkregister2_cmdl  ProgramArguments: --all-info  ProgramVersion: $Name: stable6 $  TimeStamp: 2018/01/01-19:40:52-GMT  BuildTimeStamp: Jan 18 2017 16:38:58  CVS: $Id: tkregister2.c,v 1.132.2.1 2016/08/02 21:17:29 greve Exp $  User: ubuntu  Machine: ali-2  Platform: Linux  PlatformVersion: 3.13.0-121-generic  CompilerName: GCC  CompilerVersion: 40400 
Program nu_correct, built from:
Package MNI N3, version 1.12.0, compiled by nicks@terrier (x86_64-unknown-linux-gnu) on 2015-06-19 at 01:25:34
ProgramName: mri_make_uchar  ProgramArguments: -all-info  ProgramVersion: $Name: stable6 $  TimeStamp: 2018/01/01-19:40:52-GMT  BuildTimeStamp: Jan 18 2017 16:38:58  CVS: $Id: mri_make_uchar.c,v 1.4 2011/03/02 00:04:14 nicks Exp $  User: ubuntu  Machine: ali-2  Platform: Linux  PlatformVersion: 3.13.0-121-generic  CompilerName: GCC  CompilerVersion: 40400 
ProgramName: mri_normalize  ProgramArguments: -all-info  ProgramVersion: $Name:  $  TimeStamp: 2018/01/01-19:40:52-GMT  BuildTimeStamp: Jan 18 2017 16:38:58  CVS: $Id: mri_normalize.c,v 1.88.2.3 2016/12/27 16:47:13 zkaufman Exp $  User: ubuntu  Machine: ali-2  Platform: Linux  PlatformVersion: 3.13.0-121-generic  CompilerName: GCC  CompilerVersion: 40400 
ProgramName: mri_watershed  ProgramArguments: -all-info  ProgramVersion: $Name: stable6 $  TimeStamp: 2018/01/01-19:40:52-GMT  BuildTimeStamp: Jan 18 2017 16:38:58  CVS: $Id: mri_watershed.cpp,v 1.103 2016/06/17 18:00:49 zkaufman Exp $  User: ubuntu  Machine: ali-2  Platform: Linux  PlatformVersion: 3.13.0-121-generic  CompilerName: GCC  CompilerVersion: 40400 
ProgramName: mri_gcut  ProgramArguments: -all-info  ProgramVersion: $Name: stable6 $  TimeStamp: 2018/01/01-19:40:52-GMT  BuildTimeStamp: Jan 18 2017 16:38:58  CVS: $Id: mri_gcut.cpp,v 1.14 2011/03/02 00:04:16 nicks Exp $  User: ubuntu  Machine: ali-2  Platform: Linux  PlatformVersion: 3.13.0-121-generic  CompilerName: GCC  CompilerVersion: 40400 
ProgramName: mri_segment  ProgramArguments: -all-info  ProgramVersion: $Name:  $  TimeStamp: 2018/01/01-19:40:52-GMT  BuildTimeStamp: Jan 18 2017 16:38:58  CVS: $Id: mri_segment.c,v 1.43.2.1 2016/10/27 22:24:52 zkaufman Exp $  User: ubuntu  Machine: ali-2  Platform: Linux  PlatformVersion: 3.13.0-121-generic  CompilerName: GCC  CompilerVersion: 40400 
ProgramName: mri_label2label.bin  ProgramArguments: -all-info  ProgramVersion: $Name:  $  TimeStamp: 2018/01/01-19:40:52-GMT  BuildTimeStamp: Jan 18 2017 16:38:58  CVS: $Id: mri_label2label.c,v 1.48.2.2 2016/12/12 14:15:26 zkaufman Exp $  User: ubuntu  Machine: ali-2  Platform: Linux  PlatformVersion: 3.13.0-121-generic  CompilerName: GCC  CompilerVersion: 40400 
ProgramName: mri_em_register  ProgramArguments: -all-info  ProgramVersion: $Name:  $  TimeStamp: 2018/01/01-19:40:52-GMT  BuildTimeStamp: Jan 18 2017 16:38:58  CVS: $Id: mri_em_register.c,v 1.105.2.1 2016/10/27 22:25:10 zkaufman Exp $  User: ubuntu  Machine: ali-2  Platform: Linux  PlatformVersion: 3.13.0-121-generic  CompilerName: GCC  CompilerVersion: 40400 
ProgramName: mri_ca_normalize  ProgramArguments: -all-info  ProgramVersion: $Name:  $  TimeStamp: 2018/01/01-19:40:52-GMT  BuildTimeStamp: Jan 18 2017 16:38:58  CVS: $Id: mri_ca_normalize.c,v 1.67.2.2 2016/10/27 22:25:09 zkaufman Exp $  User: ubuntu  Machine: ali-2  Platform: Linux  PlatformVersion: 3.13.0-121-generic  CompilerName: GCC  CompilerVersion: 40400 
ProgramName: mri_ca_register  ProgramArguments: -all-info  ProgramVersion: $Name:  $  TimeStamp: 2018/01/01-19:40:52-GMT  BuildTimeStamp: Jan 18 2017 16:38:58  CVS: $Id: mri_ca_register.c,v 1.96.2.3 2016/10/27 22:25:10 zkaufman Exp $  User: ubuntu  Machine: ali-2  Platform: Linux  PlatformVersion: 3.13.0-121-generic  CompilerName: GCC  CompilerVersion: 40400 
ProgramName: mri_ca_label  ProgramArguments: -all-info  ProgramVersion: $Name:  $  TimeStamp: 2018/01/01-19:40:52-GMT  BuildTimeStamp: Jan 18 2017 16:38:58  CVS: $Id: mri_ca_label.c,v 1.113.2.2 2016/10/27 22:25:10 zkaufman Exp $  User: ubuntu  Machine: ali-2  Platform: Linux  PlatformVersion: 3.13.0-121-generic  CompilerName: GCC  CompilerVersion: 40400 
ProgramName: mri_pretess  ProgramArguments: -all-info  ProgramVersion: $Name: stable6 $  TimeStamp: 2018/01/01-19:40:52-GMT  BuildTimeStamp: Jan 18 2017 16:38:58  CVS: $Id: mri_pretess.c,v 1.22 2013/08/30 18:12:25 mreuter Exp $  User: ubuntu  Machine: ali-2  Platform: Linux  PlatformVersion: 3.13.0-121-generic  CompilerName: GCC  CompilerVersion: 40400 
ProgramName: mri_fill  ProgramArguments: -all-info  ProgramVersion: $Name: stable6 $  TimeStamp: 2018/01/01-19:40:52-GMT  BuildTimeStamp: Jan 18 2017 16:38:58  CVS: $Id: mri_fill.c,v 1.119 2011/10/25 14:09:58 fischl Exp $  User: ubuntu  Machine: ali-2  Platform: Linux  PlatformVersion: 3.13.0-121-generic  CompilerName: GCC  CompilerVersion: 40400 
ProgramName: mri_tessellate  ProgramArguments: -all-info  ProgramVersion: $Name:  $  TimeStamp: 2018/01/01-19:40:52-GMT  BuildTimeStamp: Jan 18 2017 16:38:58  CVS: $Id: mri_tessellate.c,v 1.38.2.1 2016/07/26 18:46:38 zkaufman Exp $  User: ubuntu  Machine: ali-2  Platform: Linux  PlatformVersion: 3.13.0-121-generic  CompilerName: GCC  CompilerVersion: 40400 
ProgramName: mri_concatenate_lta.bin  ProgramArguments: -all-info  ProgramVersion: $Name: stable6 $  TimeStamp: 2018/01/01-19:40:52-GMT  BuildTimeStamp: Jan 18 2017 16:38:58  CVS: $Id: mri_concatenate_lta.c,v 1.16 2015/11/21 00:06:20 greve Exp $  User: ubuntu  Machine: ali-2  Platform: Linux  PlatformVersion: 3.13.0-121-generic  CompilerName: GCC  CompilerVersion: 40400 
ProgramName: mri_normalize_tp2  ProgramArguments: -all-info  ProgramVersion: $Name: stable6 $  TimeStamp: 2018/01/01-19:40:52-GMT  BuildTimeStamp: Jan 18 2017 16:38:58  CVS: $Id: mri_normalize_tp2.c,v 1.8 2011/03/02 00:04:23 nicks Exp $  User: ubuntu  Machine: ali-2  Platform: Linux  PlatformVersion: 3.13.0-121-generic  CompilerName: GCC  CompilerVersion: 40400 
ProgramName: mris_smooth  ProgramArguments: -all-info  ProgramVersion: $Name: stable6 $  TimeStamp: 2018/01/01-19:40:52-GMT  BuildTimeStamp: Jan 18 2017 16:38:58  CVS: $Id: mris_smooth.c,v 1.30 2014/01/21 18:48:21 fischl Exp $  User: ubuntu  Machine: ali-2  Platform: Linux  PlatformVersion: 3.13.0-121-generic  CompilerName: GCC  CompilerVersion: 40400 
ProgramName: mris_inflate  ProgramArguments: -all-info  ProgramVersion: $Name: stable6 $  TimeStamp: 2018/01/01-19:40:52-GMT  BuildTimeStamp: Jan 18 2017 16:38:58  CVS: $Id: mris_inflate.c,v 1.45 2016/01/20 23:42:15 greve Exp $  User: ubuntu  Machine: ali-2  Platform: Linux  PlatformVersion: 3.13.0-121-generic  CompilerName: GCC  CompilerVersion: 40400 
ProgramName: mris_curvature  ProgramArguments: -all-info  ProgramVersion: $Name: stable6 $  TimeStamp: 2018/01/01-19:40:52-GMT  BuildTimeStamp: Jan 18 2017 16:38:58  CVS: $Id: mris_curvature.c,v 1.31 2011/03/02 00:04:30 nicks Exp $  User: ubuntu  Machine: ali-2  Platform: Linux  PlatformVersion: 3.13.0-121-generic  CompilerName: GCC  CompilerVersion: 40400 
ProgramName: mris_sphere  ProgramArguments: -all-info  ProgramVersion: $Name: stable6 $  TimeStamp: 2018/01/01-19:40:52-GMT  BuildTimeStamp: Jan 18 2017 16:38:58  CVS: $Id: mris_sphere.c,v 1.61 2016/01/20 23:42:15 greve Exp $  User: ubuntu  Machine: ali-2  Platform: Linux  PlatformVersion: 3.13.0-121-generic  CompilerName: GCC  CompilerVersion: 40400 
ProgramName: mris_fix_topology  ProgramArguments: -all-info  ProgramVersion: $Name:  $  TimeStamp: 2018/01/01-19:40:52-GMT  BuildTimeStamp: Jan 18 2017 16:38:58  CVS: $Id: mris_fix_topology.c,v 1.50.2.1 2016/10/27 22:25:58 zkaufman Exp $  User: ubuntu  Machine: ali-2  Platform: Linux  PlatformVersion: 3.13.0-121-generic  CompilerName: GCC  CompilerVersion: 40400 
ProgramName: mris_topo_fixer  ProgramArguments: -all-info  ProgramVersion: $Name: stable6 $  TimeStamp: 2018/01/01-19:40:52-GMT  BuildTimeStamp: Jan 18 2017 16:38:58  CVS: $Id: mris_topo_fixer.cpp,v 1.29 2011/03/02 00:04:34 nicks Exp $  User: ubuntu  Machine: ali-2  Platform: Linux  PlatformVersion: 3.13.0-121-generic  CompilerName: GCC  CompilerVersion: 40400 
ProgramName: mris_ca_label  ProgramArguments: -all-info  ProgramVersion: $Name: stable6 $  TimeStamp: 2018/01/01-19:40:52-GMT  BuildTimeStamp: Jan 18 2017 16:38:58  CVS: $Id: mris_ca_label.c,v 1.37 2014/02/04 17:46:42 fischl Exp $  User: ubuntu  Machine: ali-2  Platform: Linux  PlatformVersion: 3.13.0-121-generic  CompilerName: GCC  CompilerVersion: 40400 
ProgramName: mris_euler_number  ProgramArguments: -all-info  ProgramVersion: $Name: stable6 $  TimeStamp: 2018/01/01-19:40:52-GMT  BuildTimeStamp: Jan 18 2017 16:38:58  CVS: $Id: mris_euler_number.c,v 1.10 2013/01/14 22:39:14 greve Exp $  User: ubuntu  Machine: ali-2  Platform: Linux  PlatformVersion: 3.13.0-121-generic  CompilerName: GCC  CompilerVersion: 40400 
ProgramName: mris_make_surfaces  ProgramArguments: -all-info  ProgramVersion: $Name:  $  TimeStamp: 2018/01/01-19:40:52-GMT  BuildTimeStamp: Jan 18 2017 16:38:58  CVS: $Id: mris_make_surfaces.c,v 1.164.2.4 2016/12/13 22:26:32 zkaufman Exp $  User: ubuntu  Machine: ali-2  Platform: Linux  PlatformVersion: 3.13.0-121-generic  CompilerName: GCC  CompilerVersion: 40400 
ProgramName: mris_register  ProgramArguments: -all-info  ProgramVersion: $Name: stable6 $  TimeStamp: 2018/01/01-19:40:52-GMT  BuildTimeStamp: Jan 18 2017 16:38:58  CVS: $Id: mris_register.c,v 1.63 2016/01/20 23:43:04 greve Exp $  User: ubuntu  Machine: ali-2  Platform: Linux  PlatformVersion: 3.13.0-121-generic  CompilerName: GCC  CompilerVersion: 40400 
ProgramName: mris_volmask  ProgramArguments: --all-info  ProgramVersion: $Name:  $  TimeStamp: 2018/01/01-19:40:52-GMT  BuildTimeStamp: Jan 18 2017 16:38:58  CVS: $Id: mris_volmask.cpp,v 1.26.2.2 2016/11/18 20:05:18 zkaufman Exp $  User: ubuntu  Machine: ali-2  Platform: Linux  PlatformVersion: 3.13.0-121-generic  CompilerName: GCC  CompilerVersion: 40400 
ProgramName: mris_anatomical_stats  ProgramArguments: -all-info  ProgramVersion: $Name: stable6 $  TimeStamp: 2018/01/01-19:40:52-GMT  BuildTimeStamp: Jan 18 2017 16:38:58  CVS: $Id: mris_anatomical_stats.c,v 1.79 2016/03/14 15:15:34 greve Exp $  User: ubuntu  Machine: ali-2  Platform: Linux  PlatformVersion: 3.13.0-121-generic  CompilerName: GCC  CompilerVersion: 40400 
ProgramName: mrisp_paint  ProgramArguments: -all-info  ProgramVersion: $Name: stable6 $  TimeStamp: 2018/01/01-19:40:52-GMT  BuildTimeStamp: Jan 18 2017 16:38:58  CVS: $Id: mrisp_paint.c,v 1.12 2016/03/22 14:47:57 fischl Exp $  User: ubuntu  Machine: ali-2  Platform: Linux  PlatformVersion: 3.13.0-121-generic  CompilerName: GCC  CompilerVersion: 40400 
ProgramName: mris_curvature_stats  ProgramArguments: -all-info  ProgramVersion: $Name: stable6 $  TimeStamp: 2018/01/01-19:40:52-GMT  BuildTimeStamp: Jan 18 2017 16:38:58  CVS: $Id: mris_curvature_stats.c,v 1.65 2015/06/04 20:50:51 nicks Exp $  User: ubuntu  Machine: ali-2  Platform: Linux  PlatformVersion: 3.13.0-121-generic  CompilerName: GCC  CompilerVersion: 40400 
ProgramName: mris_calc  ProgramArguments: -all-info  ProgramVersion: $Name: stable6 $  TimeStamp: 2018/01/01-19:40:52-GMT  BuildTimeStamp: Jan 18 2017 16:38:58  CVS: $Id: mris_calc.c,v 1.54.2.1 2016/09/27 18:51:28 greve Exp $  User: ubuntu  Machine: ali-2  Platform: Linux  PlatformVersion: 3.13.0-121-generic  CompilerName: GCC  CompilerVersion: 40400 
$Id: mri_robust_register.cpp,v 1.77 2016/01/20 23:36:17 greve Exp $

ProgramName: mri_robust_register.bin  ProgramArguments: -all-info  ProgramVersion: $Name: stable6 $  TimeStamp: 2018/01/01-19:40:52-GMT  BuildTimeStamp: Jan 18 2017 16:38:58  CVS: $Id: mri_robust_register.cpp,v 1.77 2016/01/20 23:36:17 greve Exp $  User: ubuntu  Machine: ali-2  Platform: Linux  PlatformVersion: 3.13.0-121-generic  CompilerName: GCC  CompilerVersion: 40400 
$Id: mri_robust_template.cpp,v 1.54 2016/05/05 21:17:08 mreuter Exp $

ProgramName: mri_robust_template  ProgramArguments: -all-info  ProgramVersion: $Name: stable6 $  TimeStamp: 2018/01/01-19:40:52-GMT  BuildTimeStamp: Jan 18 2017 16:38:58  CVS: $Id: mri_robust_template.cpp,v 1.54 2016/05/05 21:17:08 mreuter Exp $  User: ubuntu  Machine: ali-2  Platform: Linux  PlatformVersion: 3.13.0-121-generic  CompilerName: GCC  CompilerVersion: 40400 
ProgramName: mri_and  ProgramArguments: -all-info  ProgramVersion: $Name: stable6 $  TimeStamp: 2018/01/01-19:40:52-GMT  BuildTimeStamp: Jan 18 2017 16:38:58  CVS: $Id: mri_and.c,v 1.4 2011/03/02 00:04:13 nicks Exp $  User: ubuntu  Machine: ali-2  Platform: Linux  PlatformVersion: 3.13.0-121-generic  CompilerName: GCC  CompilerVersion: 40400 
ProgramName: mri_or  ProgramArguments: -all-info  ProgramVersion: $Name: stable6 $  TimeStamp: 2018/01/01-19:40:52-GMT  BuildTimeStamp: Jan 18 2017 16:38:58  CVS: $Id: mri_or.c,v 1.5 2013/03/20 15:03:29 lzollei Exp $  User: ubuntu  Machine: ali-2  Platform: Linux  PlatformVersion: 3.13.0-121-generic  CompilerName: GCC  CompilerVersion: 40400 
ProgramName: mri_fuse_segmentations  ProgramArguments: -all-info  ProgramVersion: $Name: stable6 $  TimeStamp: 2018/01/01-19:40:52-GMT  BuildTimeStamp: Jan 18 2017 16:38:58  CVS: $Id: mri_fuse_segmentations.c,v 1.8 2011/03/02 00:04:15 nicks Exp $  User: ubuntu  Machine: ali-2  Platform: Linux  PlatformVersion: 3.13.0-121-generic  CompilerName: GCC  CompilerVersion: 40400 
ProgramName: mri_segstats  ProgramArguments: -all-info  ProgramVersion: $Name: stable6 $  TimeStamp: 2018/01/01-19:40:52-GMT  BuildTimeStamp: Jan 18 2017 16:38:58  CVS: $Id: mri_segstats.c,v 1.121 2016/05/31 17:27:11 greve Exp $  User: ubuntu  Machine: ali-2  Platform: Linux  PlatformVersion: 3.13.0-121-generic  CompilerName: GCC  CompilerVersion: 40400 
ProgramName: mri_relabel_hypointensities  ProgramArguments: -all-info  ProgramVersion: $Name: stable6 $  TimeStamp: 2018/01/01-19:40:52-GMT  BuildTimeStamp: Jan 18 2017 16:38:58  CVS: $Id: mri_relabel_hypointensities.c,v 1.13 2015/05/15 18:44:10 nicks Exp $  User: ubuntu  Machine: ali-2  Platform: Linux  PlatformVersion: 3.13.0-121-generic  CompilerName: GCC  CompilerVersion: 40400 
#######################################
GCADIR /usr/local/freesurfer/average
GCA RB_all_2016-05-10.vc700.gca
GCASkull RB_all_withskull_2016-05-10.vc700.gca
AvgCurvTif folding.atlas.acfb40.noaparc.i12.2016-08-02.tif
GCSDIR /usr/local/freesurfer/average
GCS DKaparc.atlas.acfb40.noaparc.i12.2016-08-02.gcs
#######################################
/usr/local/freesurfer/subjects/3226

 mri_convert /home/ubuntu/sMRI/3226.nii /usr/local/freesurfer/subjects/3226/mri/orig/001.mgz 

mri_convert.bin /home/ubuntu/sMRI/3226.nii /usr/local/freesurfer/subjects/3226/mri/orig/001.mgz 
INFO: using NIfTI-1 qform 
$Id: mri_convert.c,v 1.226 2016/02/26 16:15:24 mreuter Exp $
reading from /home/ubuntu/sMRI/3226.nii...
TR=0.00, TE=0.00, TI=0.00, flip angle=0.00
i_ras = (1, 0, 0)
j_ras = (0, 1, 0)
k_ras = (0, 0, 1)
writing to /usr/local/freesurfer/subjects/3226/mri/orig/001.mgz...
#--------------------------------------------
#@# MotionCor Mon Jan  1 19:41:16 UTC 2018
Found 1 runs
/usr/local/freesurfer/subjects/3226/mri/orig/001.mgz
Checking for (invalid) multi-frame inputs...
WARNING: only one run found. This is OK, but motion
correction cannot be performed on one run, so I'll
copy the run to rawavg and continue.

 cp /usr/local/freesurfer/subjects/3226/mri/orig/001.mgz /usr/local/freesurfer/subjects/3226/mri/rawavg.mgz 

/usr/local/freesurfer/subjects/3226

 mri_convert /usr/local/freesurfer/subjects/3226/mri/rawavg.mgz /usr/local/freesurfer/subjects/3226/mri/orig.mgz --conform 

mri_convert.bin /usr/local/freesurfer/subjects/3226/mri/rawavg.mgz /usr/local/freesurfer/subjects/3226/mri/orig.mgz --conform 
$Id: mri_convert.c,v 1.226 2016/02/26 16:15:24 mreuter Exp $
reading from /usr/local/freesurfer/subjects/3226/mri/rawavg.mgz...
TR=0.00, TE=0.00, TI=0.00, flip angle=0.00
i_ras = (1, 0, 0)
j_ras = (0, 1, 0)
k_ras = (0, 0, 1)
changing data type from short to uchar (noscale = 0)...
MRIchangeType: Building histogram 
Reslicing using trilinear interpolation 
writing to /usr/local/freesurfer/subjects/3226/mri/orig.mgz...

 mri_add_xform_to_header -c /usr/local/freesurfer/subjects/3226/mri/transforms/talairach.xfm /usr/local/freesurfer/subjects/3226/mri/orig.mgz /usr/local/freesurfer/subjects/3226/mri/orig.mgz 

INFO: extension is mgz
#--------------------------------------------
#@# Talairach Mon Jan  1 19:41:45 UTC 2018
/usr/local/freesurfer/subjects/3226/mri

 mri_nu_correct.mni --no-rescale --i orig.mgz --o orig_nu.mgz --n 1 --proto-iters 1000 --distance 50 

/usr/local/freesurfer/subjects/3226/mri
/usr/local/freesurfer/bin/mri_nu_correct.mni
--no-rescale --i orig.mgz --o orig_nu.mgz --n 1 --proto-iters 1000 --distance 50
nIters 1
$Id: mri_nu_correct.mni,v 1.27 2016/02/26 16:19:49 mreuter Exp $
Linux ali-2 3.13.0-121-generic #170-Ubuntu SMP Wed Jun 14 09:04:33 UTC 2017 x86_64 x86_64 x86_64 GNU/Linux
Mon Jan  1 19:41:46 UTC 2018
perl: warning: Setting locale failed.
perl: warning: Please check that your locale settings:
	LANGUAGE = (unset),
	LC_ALL = (unset),
	LC_TIME = "en_CA.UTF-8",
	LC_MONETARY = "en_CA.UTF-8",
	LC_ADDRESS = "en_CA.UTF-8",
	LC_TELEPHONE = "en_CA.UTF-8",
	LC_NAME = "en_CA.UTF-8",
	LC_MEASUREMENT = "en_CA.UTF-8",
	LC_IDENTIFICATION = "en_CA.UTF-8",
	LC_NUMERIC = "en_CA.UTF-8",
	LC_PAPER = "en_CA.UTF-8",
	LANG = "C"
    are supported and installed on your system.
perl: warning: Falling back to the standard locale ("C").
Program nu_correct, built from:
Package MNI N3, version 1.12.0, compiled by nicks@terrier (x86_64-unknown-linux-gnu) on 2015-06-19 at 01:25:34
/usr/bin/bc
tmpdir is ./tmp.mri_nu_correct.mni.14338
/usr/local/freesurfer/subjects/3226/mri
mri_convert orig.mgz ./tmp.mri_nu_correct.mni.14338/nu0.mnc -odt float
mri_convert.bin orig.mgz ./tmp.mri_nu_correct.mni.14338/nu0.mnc -odt float 
$Id: mri_convert.c,v 1.226 2016/02/26 16:15:24 mreuter Exp $
reading from orig.mgz...
TR=0.00, TE=0.00, TI=0.00, flip angle=0.00
i_ras = (-1, 0, 0)
j_ras = (0, 0, -1)
k_ras = (0, 1, 0)
changing data type from uchar to float (noscale = 0)...
writing to ./tmp.mri_nu_correct.mni.14338/nu0.mnc...
 
--------------------------------------------------------
Iteration 1 Mon Jan  1 19:41:52 UTC 2018
nu_correct -clobber ./tmp.mri_nu_correct.mni.14338/nu0.mnc ./tmp.mri_nu_correct.mni.14338/nu1.mnc -tmpdir ./tmp.mri_nu_correct.mni.14338/0/ -iterations 1000 -distance 50
perl: warning: Setting locale failed.
perl: warning: Please check that your locale settings:
	LANGUAGE = (unset),
	LC_ALL = (unset),
	LC_TIME = "en_CA.UTF-8",
	LC_MONETARY = "en_CA.UTF-8",
	LC_ADDRESS = "en_CA.UTF-8",
	LC_TELEPHONE = "en_CA.UTF-8",
	LC_NAME = "en_CA.UTF-8",
	LC_MEASUREMENT = "en_CA.UTF-8",
	LC_IDENTIFICATION = "en_CA.UTF-8",
	LC_NUMERIC = "en_CA.UTF-8",
	LC_PAPER = "en_CA.UTF-8",
	LANG = "C"
    are supported and installed on your system.
perl: warning: Falling back to the standard locale ("C").
perl: warning: Setting locale failed.
perl: warning: Please check that your locale settings:
	LANGUAGE = (unset),
	LC_ALL = (unset),
	LC_TIME = "en_CA.UTF-8",
	LC_MONETARY = "en_CA.UTF-8",
	LC_ADDRESS = "en_CA.UTF-8",
	LC_TELEPHONE = "en_CA.UTF-8",
	LC_NAME = "en_CA.UTF-8",
	LC_MEASUREMENT = "en_CA.UTF-8",
	LC_IDENTIFICATION = "en_CA.UTF-8",
	LC_NUMERIC = "en_CA.UTF-8",
	LC_PAPER = "en_CA.UTF-8",
	LANG = "C"
    are supported and installed on your system.
perl: warning: Falling back to the standard locale ("C").
[ubuntu@ali-2:/usr/local/freesurfer/subjects/3226/mri/] [2018-01-01 19:41:53] running:
  /usr/local/freesurfer/mni/bin/nu_estimate_np_and_em -parzen -log -sharpen 0.15 0.01 -iterations 1000 -stop 0.001 -shrink 4 -auto_mask -nonotify -b_spline 1.0e-7 -distance 50 -quiet -execute -clobber -nokeeptmp -tmpdir ./tmp.mri_nu_correct.mni.14338/0/ ./tmp.mri_nu_correct.mni.14338/nu0.mnc ./tmp.mri_nu_correct.mni.14338/nu1.imp

perl: warning: Setting locale failed.
perl: warning: Please check that your locale settings:
	LANGUAGE = (unset),
	LC_ALL = (unset),
	LC_TIME = "en_CA.UTF-8",
	LC_MONETARY = "en_CA.UTF-8",
	LC_ADDRESS = "en_CA.UTF-8",
	LC_TELEPHONE = "en_CA.UTF-8",
	LC_NAME = "en_CA.UTF-8",
	LC_MEASUREMENT = "en_CA.UTF-8",
	LC_IDENTIFICATION = "en_CA.UTF-8",
	LC_NUMERIC = "en_CA.UTF-8",
	LC_PAPER = "en_CA.UTF-8",
	LANG = "C"
    are supported and installed on your system.
perl: warning: Falling back to the standard locale ("C").
Processing:.................................................................Done
perl: warning: Setting locale failed.
perl: warning: Please check that your locale settings:
	LANGUAGE = (unset),
	LC_ALL = (unset),
	LC_TIME = "en_CA.UTF-8",
	LC_MONETARY = "en_CA.UTF-8",
	LC_ADDRESS = "en_CA.UTF-8",
	LC_TELEPHONE = "en_CA.UTF-8",
	LC_NAME = "en_CA.UTF-8",
	LC_MEASUREMENT = "en_CA.UTF-8",
	LC_IDENTIFICATION = "en_CA.UTF-8",
	LC_NUMERIC = "en_CA.UTF-8",
	LC_PAPER = "en_CA.UTF-8",
	LANG = "C"
    are supported and installed on your system.
perl: warning: Falling back to the standard locale ("C").
Processing:.................................................................Done
perl: warning: Setting locale failed.
perl: warning: Please check that your locale settings:
	LANGUAGE = (unset),
	LC_ALL = (unset),
	LC_TIME = "en_CA.UTF-8",
	LC_MONETARY = "en_CA.UTF-8",
	LC_ADDRESS = "en_CA.UTF-8",
	LC_TELEPHONE = "en_CA.UTF-8",
	LC_NAME = "en_CA.UTF-8",
	LC_MEASUREMENT = "en_CA.UTF-8",
	LC_IDENTIFICATION = "en_CA.UTF-8",
	LC_NUMERIC = "en_CA.UTF-8",
	LC_PAPER = "en_CA.UTF-8",
	LANG = "C"
    are supported and installed on your system.
perl: warning: Falling back to the standard locale ("C").
Processing:.................................................................Done
perl: warning: Setting locale failed.
perl: warning: Please check that your locale settings:
	LANGUAGE = (unset),
	LC_ALL = (unset),
	LC_TIME = "en_CA.UTF-8",
	LC_MONETARY = "en_CA.UTF-8",
	LC_ADDRESS = "en_CA.UTF-8",
	LC_TELEPHONE = "en_CA.UTF-8",
	LC_NAME = "en_CA.UTF-8",
	LC_MEASUREMENT = "en_CA.UTF-8",
	LC_IDENTIFICATION = "en_CA.UTF-8",
	LC_NUMERIC = "en_CA.UTF-8",
	LC_PAPER = "en_CA.UTF-8",
	LANG = "C"
    are supported and installed on your system.
perl: warning: Falling back to the standard locale ("C").
Processing:.................................................................Done
perl: warning: Setting locale failed.
perl: warning: Please check that your locale settings:
	LANGUAGE = (unset),
	LC_ALL = (unset),
	LC_TIME = "en_CA.UTF-8",
	LC_MONETARY = "en_CA.UTF-8",
	LC_ADDRESS = "en_CA.UTF-8",
	LC_TELEPHONE = "en_CA.UTF-8",
	LC_NAME = "en_CA.UTF-8",
	LC_MEASUREMENT = "en_CA.UTF-8",
	LC_IDENTIFICATION = "en_CA.UTF-8",
	LC_NUMERIC = "en_CA.UTF-8",
	LC_PAPER = "en_CA.UTF-8",
	LANG = "C"
    are supported and installed on your system.
perl: warning: Falling back to the standard locale ("C").
Processing:.................................................................Done
perl: warning: Setting locale failed.
perl: warning: Please check that your locale settings:
	LANGUAGE = (unset),
	LC_ALL = (unset),
	LC_TIME = "en_CA.UTF-8",
	LC_MONETARY = "en_CA.UTF-8",
	LC_ADDRESS = "en_CA.UTF-8",
	LC_TELEPHONE = "en_CA.UTF-8",
	LC_NAME = "en_CA.UTF-8",
	LC_MEASUREMENT = "en_CA.UTF-8",
	LC_IDENTIFICATION = "en_CA.UTF-8",
	LC_NUMERIC = "en_CA.UTF-8",
	LC_PAPER = "en_CA.UTF-8",
	LANG = "C"
    are supported and installed on your system.
perl: warning: Falling back to the standard locale ("C").
Processing:.................................................................Done
perl: warning: Setting locale failed.
perl: warning: Please check that your locale settings:
	LANGUAGE = (unset),
	LC_ALL = (unset),
	LC_TIME = "en_CA.UTF-8",
	LC_MONETARY = "en_CA.UTF-8",
	LC_ADDRESS = "en_CA.UTF-8",
	LC_TELEPHONE = "en_CA.UTF-8",
	LC_NAME = "en_CA.UTF-8",
	LC_MEASUREMENT = "en_CA.UTF-8",
	LC_IDENTIFICATION = "en_CA.UTF-8",
	LC_NUMERIC = "en_CA.UTF-8",
	LC_PAPER = "en_CA.UTF-8",
	LANG = "C"
    are supported and installed on your system.
perl: warning: Falling back to the standard locale ("C").
Processing:.................................................................Done
perl: warning: Setting locale failed.
perl: warning: Please check that your locale settings:
	LANGUAGE = (unset),
	LC_ALL = (unset),
	LC_TIME = "en_CA.UTF-8",
	LC_MONETARY = "en_CA.UTF-8",
	LC_ADDRESS = "en_CA.UTF-8",
	LC_TELEPHONE = "en_CA.UTF-8",
	LC_NAME = "en_CA.UTF-8",
	LC_MEASUREMENT = "en_CA.UTF-8",
	LC_IDENTIFICATION = "en_CA.UTF-8",
	LC_NUMERIC = "en_CA.UTF-8",
	LC_PAPER = "en_CA.UTF-8",
	LANG = "C"
    are supported and installed on your system.
perl: warning: Falling back to the standard locale ("C").
Processing:.................................................................Done
perl: warning: Setting locale failed.
perl: warning: Please check that your locale settings:
	LANGUAGE = (unset),
	LC_ALL = (unset),
	LC_TIME = "en_CA.UTF-8",
	LC_MONETARY = "en_CA.UTF-8",
	LC_ADDRESS = "en_CA.UTF-8",
	LC_TELEPHONE = "en_CA.UTF-8",
	LC_NAME = "en_CA.UTF-8",
	LC_MEASUREMENT = "en_CA.UTF-8",
	LC_IDENTIFICATION = "en_CA.UTF-8",
	LC_NUMERIC = "en_CA.UTF-8",
	LC_PAPER = "en_CA.UTF-8",
	LANG = "C"
    are supported and installed on your system.
perl: warning: Falling back to the standard locale ("C").
Processing:.................................................................Done
perl: warning: Setting locale failed.
perl: warning: Please check that your locale settings:
	LANGUAGE = (unset),
	LC_ALL = (unset),
	LC_TIME = "en_CA.UTF-8",
	LC_MONETARY = "en_CA.UTF-8",
	LC_ADDRESS = "en_CA.UTF-8",
	LC_TELEPHONE = "en_CA.UTF-8",
	LC_NAME = "en_CA.UTF-8",
	LC_MEASUREMENT = "en_CA.UTF-8",
	LC_IDENTIFICATION = "en_CA.UTF-8",
	LC_NUMERIC = "en_CA.UTF-8",
	LC_PAPER = "en_CA.UTF-8",
	LANG = "C"
    are supported and installed on your system.
perl: warning: Falling back to the standard locale ("C").
Processing:.................................................................Done
perl: warning: Setting locale failed.
perl: warning: Please check that your locale settings:
	LANGUAGE = (unset),
	LC_ALL = (unset),
	LC_TIME = "en_CA.UTF-8",
	LC_MONETARY = "en_CA.UTF-8",
	LC_ADDRESS = "en_CA.UTF-8",
	LC_TELEPHONE = "en_CA.UTF-8",
	LC_NAME = "en_CA.UTF-8",
	LC_MEASUREMENT = "en_CA.UTF-8",
	LC_IDENTIFICATION = "en_CA.UTF-8",
	LC_NUMERIC = "en_CA.UTF-8",
	LC_PAPER = "en_CA.UTF-8",
	LANG = "C"
    are supported and installed on your system.
perl: warning: Falling back to the standard locale ("C").
Processing:.................................................................Done
perl: warning: Setting locale failed.
perl: warning: Please check that your locale settings:
	LANGUAGE = (unset),
	LC_ALL = (unset),
	LC_TIME = "en_CA.UTF-8",
	LC_MONETARY = "en_CA.UTF-8",
	LC_ADDRESS = "en_CA.UTF-8",
	LC_TELEPHONE = "en_CA.UTF-8",
	LC_NAME = "en_CA.UTF-8",
	LC_MEASUREMENT = "en_CA.UTF-8",
	LC_IDENTIFICATION = "en_CA.UTF-8",
	LC_NUMERIC = "en_CA.UTF-8",
	LC_PAPER = "en_CA.UTF-8",
	LANG = "C"
    are supported and installed on your system.
perl: warning: Falling back to the standard locale ("C").
Processing:.................................................................Done
perl: warning: Setting locale failed.
perl: warning: Please check that your locale settings:
	LANGUAGE = (unset),
	LC_ALL = (unset),
	LC_TIME = "en_CA.UTF-8",
	LC_MONETARY = "en_CA.UTF-8",
	LC_ADDRESS = "en_CA.UTF-8",
	LC_TELEPHONE = "en_CA.UTF-8",
	LC_NAME = "en_CA.UTF-8",
	LC_MEASUREMENT = "en_CA.UTF-8",
	LC_IDENTIFICATION = "en_CA.UTF-8",
	LC_NUMERIC = "en_CA.UTF-8",
	LC_PAPER = "en_CA.UTF-8",
	LANG = "C"
    are supported and installed on your system.
perl: warning: Falling back to the standard locale ("C").
Processing:.................................................................Done
perl: warning: Setting locale failed.
perl: warning: Please check that your locale settings:
	LANGUAGE = (unset),
	LC_ALL = (unset),
	LC_TIME = "en_CA.UTF-8",
	LC_MONETARY = "en_CA.UTF-8",
	LC_ADDRESS = "en_CA.UTF-8",
	LC_TELEPHONE = "en_CA.UTF-8",
	LC_NAME = "en_CA.UTF-8",
	LC_MEASUREMENT = "en_CA.UTF-8",
	LC_IDENTIFICATION = "en_CA.UTF-8",
	LC_NUMERIC = "en_CA.UTF-8",
	LC_PAPER = "en_CA.UTF-8",
	LANG = "C"
    are supported and installed on your system.
perl: warning: Falling back to the standard locale ("C").
Processing:.................................................................Done
perl: warning: Setting locale failed.
perl: warning: Please check that your locale settings:
	LANGUAGE = (unset),
	LC_ALL = (unset),
	LC_TIME = "en_CA.UTF-8",
	LC_MONETARY = "en_CA.UTF-8",
	LC_ADDRESS = "en_CA.UTF-8",
	LC_TELEPHONE = "en_CA.UTF-8",
	LC_NAME = "en_CA.UTF-8",
	LC_MEASUREMENT = "en_CA.UTF-8",
	LC_IDENTIFICATION = "en_CA.UTF-8",
	LC_NUMERIC = "en_CA.UTF-8",
	LC_PAPER = "en_CA.UTF-8",
	LANG = "C"
    are supported and installed on your system.
perl: warning: Falling back to the standard locale ("C").
Processing:.................................................................Done
perl: warning: Setting locale failed.
perl: warning: Please check that your locale settings:
	LANGUAGE = (unset),
	LC_ALL = (unset),
	LC_TIME = "en_CA.UTF-8",
	LC_MONETARY = "en_CA.UTF-8",
	LC_ADDRESS = "en_CA.UTF-8",
	LC_TELEPHONE = "en_CA.UTF-8",
	LC_NAME = "en_CA.UTF-8",
	LC_MEASUREMENT = "en_CA.UTF-8",
	LC_IDENTIFICATION = "en_CA.UTF-8",
	LC_NUMERIC = "en_CA.UTF-8",
	LC_PAPER = "en_CA.UTF-8",
	LANG = "C"
    are supported and installed on your system.
perl: warning: Falling back to the standard locale ("C").
Processing:.................................................................Done
perl: warning: Setting locale failed.
perl: warning: Please check that your locale settings:
	LANGUAGE = (unset),
	LC_ALL = (unset),
	LC_TIME = "en_CA.UTF-8",
	LC_MONETARY = "en_CA.UTF-8",
	LC_ADDRESS = "en_CA.UTF-8",
	LC_TELEPHONE = "en_CA.UTF-8",
	LC_NAME = "en_CA.UTF-8",
	LC_MEASUREMENT = "en_CA.UTF-8",
	LC_IDENTIFICATION = "en_CA.UTF-8",
	LC_NUMERIC = "en_CA.UTF-8",
	LC_PAPER = "en_CA.UTF-8",
	LANG = "C"
    are supported and installed on your system.
perl: warning: Falling back to the standard locale ("C").
Processing:.................................................................Done
perl: warning: Setting locale failed.
perl: warning: Please check that your locale settings:
	LANGUAGE = (unset),
	LC_ALL = (unset),
	LC_TIME = "en_CA.UTF-8",
	LC_MONETARY = "en_CA.UTF-8",
	LC_ADDRESS = "en_CA.UTF-8",
	LC_TELEPHONE = "en_CA.UTF-8",
	LC_NAME = "en_CA.UTF-8",
	LC_MEASUREMENT = "en_CA.UTF-8",
	LC_IDENTIFICATION = "en_CA.UTF-8",
	LC_NUMERIC = "en_CA.UTF-8",
	LC_PAPER = "en_CA.UTF-8",
	LANG = "C"
    are supported and installed on your system.
perl: warning: Falling back to the standard locale ("C").
Processing:.................................................................Done
perl: warning: Setting locale failed.
perl: warning: Please check that your locale settings:
	LANGUAGE = (unset),
	LC_ALL = (unset),
	LC_TIME = "en_CA.UTF-8",
	LC_MONETARY = "en_CA.UTF-8",
	LC_ADDRESS = "en_CA.UTF-8",
	LC_TELEPHONE = "en_CA.UTF-8",
	LC_NAME = "en_CA.UTF-8",
	LC_MEASUREMENT = "en_CA.UTF-8",
	LC_IDENTIFICATION = "en_CA.UTF-8",
	LC_NUMERIC = "en_CA.UTF-8",
	LC_PAPER = "en_CA.UTF-8",
	LANG = "C"
    are supported and installed on your system.
perl: warning: Falling back to the standard locale ("C").
Processing:.................................................................Done
perl: warning: Setting locale failed.
perl: warning: Please check that your locale settings:
	LANGUAGE = (unset),
	LC_ALL = (unset),
	LC_TIME = "en_CA.UTF-8",
	LC_MONETARY = "en_CA.UTF-8",
	LC_ADDRESS = "en_CA.UTF-8",
	LC_TELEPHONE = "en_CA.UTF-8",
	LC_NAME = "en_CA.UTF-8",
	LC_MEASUREMENT = "en_CA.UTF-8",
	LC_IDENTIFICATION = "en_CA.UTF-8",
	LC_NUMERIC = "en_CA.UTF-8",
	LC_PAPER = "en_CA.UTF-8",
	LANG = "C"
    are supported and installed on your system.
perl: warning: Falling back to the standard locale ("C").
Processing:.................................................................Done
perl: warning: Setting locale failed.
perl: warning: Please check that your locale settings:
	LANGUAGE = (unset),
	LC_ALL = (unset),
	LC_TIME = "en_CA.UTF-8",
	LC_MONETARY = "en_CA.UTF-8",
	LC_ADDRESS = "en_CA.UTF-8",
	LC_TELEPHONE = "en_CA.UTF-8",
	LC_NAME = "en_CA.UTF-8",
	LC_MEASUREMENT = "en_CA.UTF-8",
	LC_IDENTIFICATION = "en_CA.UTF-8",
	LC_NUMERIC = "en_CA.UTF-8",
	LC_PAPER = "en_CA.UTF-8",
	LANG = "C"
    are supported and installed on your system.
perl: warning: Falling back to the standard locale ("C").
Processing:.................................................................Done
perl: warning: Setting locale failed.
perl: warning: Please check that your locale settings:
	LANGUAGE = (unset),
	LC_ALL = (unset),
	LC_TIME = "en_CA.UTF-8",
	LC_MONETARY = "en_CA.UTF-8",
	LC_ADDRESS = "en_CA.UTF-8",
	LC_TELEPHONE = "en_CA.UTF-8",
	LC_NAME = "en_CA.UTF-8",
	LC_MEASUREMENT = "en_CA.UTF-8",
	LC_IDENTIFICATION = "en_CA.UTF-8",
	LC_NUMERIC = "en_CA.UTF-8",
	LC_PAPER = "en_CA.UTF-8",
	LANG = "C"
    are supported and installed on your system.
perl: warning: Falling back to the standard locale ("C").
Processing:.................................................................Done
perl: warning: Setting locale failed.
perl: warning: Please check that your locale settings:
	LANGUAGE = (unset),
	LC_ALL = (unset),
	LC_TIME = "en_CA.UTF-8",
	LC_MONETARY = "en_CA.UTF-8",
	LC_ADDRESS = "en_CA.UTF-8",
	LC_TELEPHONE = "en_CA.UTF-8",
	LC_NAME = "en_CA.UTF-8",
	LC_MEASUREMENT = "en_CA.UTF-8",
	LC_IDENTIFICATION = "en_CA.UTF-8",
	LC_NUMERIC = "en_CA.UTF-8",
	LC_PAPER = "en_CA.UTF-8",
	LANG = "C"
    are supported and installed on your system.
perl: warning: Falling back to the standard locale ("C").
Processing:.................................................................Done
perl: warning: Setting locale failed.
perl: warning: Please check that your locale settings:
	LANGUAGE = (unset),
	LC_ALL = (unset),
	LC_TIME = "en_CA.UTF-8",
	LC_MONETARY = "en_CA.UTF-8",
	LC_ADDRESS = "en_CA.UTF-8",
	LC_TELEPHONE = "en_CA.UTF-8",
	LC_NAME = "en_CA.UTF-8",
	LC_MEASUREMENT = "en_CA.UTF-8",
	LC_IDENTIFICATION = "en_CA.UTF-8",
	LC_NUMERIC = "en_CA.UTF-8",
	LC_PAPER = "en_CA.UTF-8",
	LANG = "C"
    are supported and installed on your system.
perl: warning: Falling back to the standard locale ("C").
Processing:.................................................................Done
perl: warning: Setting locale failed.
perl: warning: Please check that your locale settings:
	LANGUAGE = (unset),
	LC_ALL = (unset),
	LC_TIME = "en_CA.UTF-8",
	LC_MONETARY = "en_CA.UTF-8",
	LC_ADDRESS = "en_CA.UTF-8",
	LC_TELEPHONE = "en_CA.UTF-8",
	LC_NAME = "en_CA.UTF-8",
	LC_MEASUREMENT = "en_CA.UTF-8",
	LC_IDENTIFICATION = "en_CA.UTF-8",
	LC_NUMERIC = "en_CA.UTF-8",
	LC_PAPER = "en_CA.UTF-8",
	LANG = "C"
    are supported and installed on your system.
perl: warning: Falling back to the standard locale ("C").
Processing:.................................................................Done
perl: warning: Setting locale failed.
perl: warning: Please check that your locale settings:
	LANGUAGE = (unset),
	LC_ALL = (unset),
	LC_TIME = "en_CA.UTF-8",
	LC_MONETARY = "en_CA.UTF-8",
	LC_ADDRESS = "en_CA.UTF-8",
	LC_TELEPHONE = "en_CA.UTF-8",
	LC_NAME = "en_CA.UTF-8",
	LC_MEASUREMENT = "en_CA.UTF-8",
	LC_IDENTIFICATION = "en_CA.UTF-8",
	LC_NUMERIC = "en_CA.UTF-8",
	LC_PAPER = "en_CA.UTF-8",
	LANG = "C"
    are supported and installed on your system.
perl: warning: Falling back to the standard locale ("C").
Processing:.................................................................Done
perl: warning: Setting locale failed.
perl: warning: Please check that your locale settings:
	LANGUAGE = (unset),
	LC_ALL = (unset),
	LC_TIME = "en_CA.UTF-8",
	LC_MONETARY = "en_CA.UTF-8",
	LC_ADDRESS = "en_CA.UTF-8",
	LC_TELEPHONE = "en_CA.UTF-8",
	LC_NAME = "en_CA.UTF-8",
	LC_MEASUREMENT = "en_CA.UTF-8",
	LC_IDENTIFICATION = "en_CA.UTF-8",
	LC_NUMERIC = "en_CA.UTF-8",
	LC_PAPER = "en_CA.UTF-8",
	LANG = "C"
    are supported and installed on your system.
perl: warning: Falling back to the standard locale ("C").
Processing:.................................................................Done
Number of iterations: 27 
CV of field change: 0.000976219
perl: warning: Setting locale failed.
perl: warning: Please check that your locale settings:
	LANGUAGE = (unset),
	LC_ALL = (unset),
	LC_TIME = "en_CA.UTF-8",
	LC_MONETARY = "en_CA.UTF-8",
	LC_ADDRESS = "en_CA.UTF-8",
	LC_TELEPHONE = "en_CA.UTF-8",
	LC_NAME = "en_CA.UTF-8",
	LC_MEASUREMENT = "en_CA.UTF-8",
	LC_IDENTIFICATION = "en_CA.UTF-8",
	LC_NUMERIC = "en_CA.UTF-8",
	LC_PAPER = "en_CA.UTF-8",
	LANG = "C"
    are supported and installed on your system.
perl: warning: Falling back to the standard locale ("C").
 
 
 
mri_convert ./tmp.mri_nu_correct.mni.14338/nu1.mnc orig_nu.mgz --like orig.mgz --conform
mri_convert.bin ./tmp.mri_nu_correct.mni.14338/nu1.mnc orig_nu.mgz --like orig.mgz --conform 
$Id: mri_convert.c,v 1.226 2016/02/26 16:15:24 mreuter Exp $
reading from ./tmp.mri_nu_correct.mni.14338/nu1.mnc...
TR=0.00, TE=0.00, TI=0.00, flip angle=0.00
i_ras = (-1, 0, 0)
j_ras = (0, 0, -1)
k_ras = (0, 1, 0)
INFO: transform src into the like-volume: orig.mgz
changing data type from float to uchar (noscale = 0)...
MRIchangeType: Building histogram 
writing to orig_nu.mgz...
 
 
Mon Jan  1 19:46:22 UTC 2018
mri_nu_correct.mni done

 talairach_avi --i orig_nu.mgz --xfm transforms/talairach.auto.xfm 

talairach_avi log file is transforms/talairach_avi.log...
Started at Mon Jan 1 19:46:22 UTC 2018
Ended   at Mon Jan  1 19:47:53 UTC 2018
talairach_avi done

 cp transforms/talairach.auto.xfm transforms/talairach.xfm 

#--------------------------------------------
#@# Talairach Failure Detection Mon Jan  1 19:48:03 UTC 2018
/usr/local/freesurfer/subjects/3226/mri

 talairach_afd -T 0.005 -xfm transforms/talairach.xfm 

talairach_afd: Talairach Transform: transforms/talairach.xfm OK (p=0.7719, pval=0.6675 >= threshold=0.0050)

 awk -f /usr/local/freesurfer/bin/extract_talairach_avi_QA.awk /usr/local/freesurfer/subjects/3226/mri/transforms/talairach_avi.log 


 tal_QC_AZS /usr/local/freesurfer/subjects/3226/mri/transforms/talairach_avi.log 

TalAviQA: 0.97610
z-score: 0
#--------------------------------------------
#@# Nu Intensity Correction Mon Jan  1 19:48:04 UTC 2018

 mri_nu_correct.mni --i orig.mgz --o nu.mgz --uchar transforms/talairach.xfm --n 2 

/usr/local/freesurfer/subjects/3226/mri
/usr/local/freesurfer/bin/mri_nu_correct.mni
--i orig.mgz --o nu.mgz --uchar transforms/talairach.xfm --n 2
nIters 2
$Id: mri_nu_correct.mni,v 1.27 2016/02/26 16:19:49 mreuter Exp $
Linux ali-2 3.13.0-121-generic #170-Ubuntu SMP Wed Jun 14 09:04:33 UTC 2017 x86_64 x86_64 x86_64 GNU/Linux
Mon Jan  1 19:48:04 UTC 2018
perl: warning: Setting locale failed.
perl: warning: Please check that your locale settings:
	LANGUAGE = (unset),
	LC_ALL = (unset),
	LC_TIME = "en_CA.UTF-8",
	LC_MONETARY = "en_CA.UTF-8",
	LC_ADDRESS = "en_CA.UTF-8",
	LC_TELEPHONE = "en_CA.UTF-8",
	LC_NAME = "en_CA.UTF-8",
	LC_MEASUREMENT = "en_CA.UTF-8",
	LC_IDENTIFICATION = "en_CA.UTF-8",
	LC_NUMERIC = "en_CA.UTF-8",
	LC_PAPER = "en_CA.UTF-8",
	LANG = "C"
    are supported and installed on your system.
perl: warning: Falling back to the standard locale ("C").
Program nu_correct, built from:
Package MNI N3, version 1.12.0, compiled by nicks@terrier (x86_64-unknown-linux-gnu) on 2015-06-19 at 01:25:34
/usr/bin/bc
tmpdir is ./tmp.mri_nu_correct.mni.19555
/usr/local/freesurfer/subjects/3226/mri
mri_convert orig.mgz ./tmp.mri_nu_correct.mni.19555/nu0.mnc -odt float
mri_convert.bin orig.mgz ./tmp.mri_nu_correct.mni.19555/nu0.mnc -odt float 
$Id: mri_convert.c,v 1.226 2016/02/26 16:15:24 mreuter Exp $
reading from orig.mgz...
TR=0.00, TE=0.00, TI=0.00, flip angle=0.00
i_ras = (-1, 0, 0)
j_ras = (0, 0, -1)
k_ras = (0, 1, 0)
changing data type from uchar to float (noscale = 0)...
writing to ./tmp.mri_nu_correct.mni.19555/nu0.mnc...
 
--------------------------------------------------------
Iteration 1 Mon Jan  1 19:48:08 UTC 2018
nu_correct -clobber ./tmp.mri_nu_correct.mni.19555/nu0.mnc ./tmp.mri_nu_correct.mni.19555/nu1.mnc -tmpdir ./tmp.mri_nu_correct.mni.19555/0/
perl: warning: Setting locale failed.
perl: warning: Please check that your locale settings:
	LANGUAGE = (unset),
	LC_ALL = (unset),
	LC_TIME = "en_CA.UTF-8",
	LC_MONETARY = "en_CA.UTF-8",
	LC_ADDRESS = "en_CA.UTF-8",
	LC_TELEPHONE = "en_CA.UTF-8",
	LC_NAME = "en_CA.UTF-8",
	LC_MEASUREMENT = "en_CA.UTF-8",
	LC_IDENTIFICATION = "en_CA.UTF-8",
	LC_NUMERIC = "en_CA.UTF-8",
	LC_PAPER = "en_CA.UTF-8",
	LANG = "C"
    are supported and installed on your system.
perl: warning: Falling back to the standard locale ("C").
perl: warning: Setting locale failed.
perl: warning: Please check that your locale settings:
	LANGUAGE = (unset),
	LC_ALL = (unset),
	LC_TIME = "en_CA.UTF-8",
	LC_MONETARY = "en_CA.UTF-8",
	LC_ADDRESS = "en_CA.UTF-8",
	LC_TELEPHONE = "en_CA.UTF-8",
	LC_NAME = "en_CA.UTF-8",
	LC_MEASUREMENT = "en_CA.UTF-8",
	LC_IDENTIFICATION = "en_CA.UTF-8",
	LC_NUMERIC = "en_CA.UTF-8",
	LC_PAPER = "en_CA.UTF-8",
	LANG = "C"
    are supported and installed on your system.
perl: warning: Falling back to the standard locale ("C").
[ubuntu@ali-2:/usr/local/freesurfer/subjects/3226/mri/] [2018-01-01 19:48:08] running:
  /usr/local/freesurfer/mni/bin/nu_estimate_np_and_em -parzen -log -sharpen 0.15 0.01 -iterations 50 -stop 0.001 -shrink 4 -auto_mask -nonotify -b_spline 1.0e-7 -distance 200 -quiet -execute -clobber -nokeeptmp -tmpdir ./tmp.mri_nu_correct.mni.19555/0/ ./tmp.mri_nu_correct.mni.19555/nu0.mnc ./tmp.mri_nu_correct.mni.19555/nu1.imp

perl: warning: Setting locale failed.
perl: warning: Please check that your locale settings:
	LANGUAGE = (unset),
	LC_ALL = (unset),
	LC_TIME = "en_CA.UTF-8",
	LC_MONETARY = "en_CA.UTF-8",
	LC_ADDRESS = "en_CA.UTF-8",
	LC_TELEPHONE = "en_CA.UTF-8",
	LC_NAME = "en_CA.UTF-8",
	LC_MEASUREMENT = "en_CA.UTF-8",
	LC_IDENTIFICATION = "en_CA.UTF-8",
	LC_NUMERIC = "en_CA.UTF-8",
	LC_PAPER = "en_CA.UTF-8",
	LANG = "C"
    are supported and installed on your system.
perl: warning: Falling back to the standard locale ("C").
Processing:.................................................................Done
perl: warning: Setting locale failed.
perl: warning: Please check that your locale settings:
	LANGUAGE = (unset),
	LC_ALL = (unset),
	LC_TIME = "en_CA.UTF-8",
	LC_MONETARY = "en_CA.UTF-8",
	LC_ADDRESS = "en_CA.UTF-8",
	LC_TELEPHONE = "en_CA.UTF-8",
	LC_NAME = "en_CA.UTF-8",
	LC_MEASUREMENT = "en_CA.UTF-8",
	LC_IDENTIFICATION = "en_CA.UTF-8",
	LC_NUMERIC = "en_CA.UTF-8",
	LC_PAPER = "en_CA.UTF-8",
	LANG = "C"
    are supported and installed on your system.
perl: warning: Falling back to the standard locale ("C").
Processing:.................................................................Done
perl: warning: Setting locale failed.
perl: warning: Please check that your locale settings:
	LANGUAGE = (unset),
	LC_ALL = (unset),
	LC_TIME = "en_CA.UTF-8",
	LC_MONETARY = "en_CA.UTF-8",
	LC_ADDRESS = "en_CA.UTF-8",
	LC_TELEPHONE = "en_CA.UTF-8",
	LC_NAME = "en_CA.UTF-8",
	LC_MEASUREMENT = "en_CA.UTF-8",
	LC_IDENTIFICATION = "en_CA.UTF-8",
	LC_NUMERIC = "en_CA.UTF-8",
	LC_PAPER = "en_CA.UTF-8",
	LANG = "C"
    are supported and installed on your system.
perl: warning: Falling back to the standard locale ("C").
Processing:.................................................................Done
perl: warning: Setting locale failed.
perl: warning: Please check that your locale settings:
	LANGUAGE = (unset),
	LC_ALL = (unset),
	LC_TIME = "en_CA.UTF-8",
	LC_MONETARY = "en_CA.UTF-8",
	LC_ADDRESS = "en_CA.UTF-8",
	LC_TELEPHONE = "en_CA.UTF-8",
	LC_NAME = "en_CA.UTF-8",
	LC_MEASUREMENT = "en_CA.UTF-8",
	LC_IDENTIFICATION = "en_CA.UTF-8",
	LC_NUMERIC = "en_CA.UTF-8",
	LC_PAPER = "en_CA.UTF-8",
	LANG = "C"
    are supported and installed on your system.
perl: warning: Falling back to the standard locale ("C").
Processing:.................................................................Done
perl: warning: Setting locale failed.
perl: warning: Please check that your locale settings:
	LANGUAGE = (unset),
	LC_ALL = (unset),
	LC_TIME = "en_CA.UTF-8",
	LC_MONETARY = "en_CA.UTF-8",
	LC_ADDRESS = "en_CA.UTF-8",
	LC_TELEPHONE = "en_CA.UTF-8",
	LC_NAME = "en_CA.UTF-8",
	LC_MEASUREMENT = "en_CA.UTF-8",
	LC_IDENTIFICATION = "en_CA.UTF-8",
	LC_NUMERIC = "en_CA.UTF-8",
	LC_PAPER = "en_CA.UTF-8",
	LANG = "C"
    are supported and installed on your system.
perl: warning: Falling back to the standard locale ("C").
Processing:.................................................................Done
perl: warning: Setting locale failed.
perl: warning: Please check that your locale settings:
	LANGUAGE = (unset),
	LC_ALL = (unset),
	LC_TIME = "en_CA.UTF-8",
	LC_MONETARY = "en_CA.UTF-8",
	LC_ADDRESS = "en_CA.UTF-8",
	LC_TELEPHONE = "en_CA.UTF-8",
	LC_NAME = "en_CA.UTF-8",
	LC_MEASUREMENT = "en_CA.UTF-8",
	LC_IDENTIFICATION = "en_CA.UTF-8",
	LC_NUMERIC = "en_CA.UTF-8",
	LC_PAPER = "en_CA.UTF-8",
	LANG = "C"
    are supported and installed on your system.
perl: warning: Falling back to the standard locale ("C").
Processing:.................................................................Done
perl: warning: Setting locale failed.
perl: warning: Please check that your locale settings:
	LANGUAGE = (unset),
	LC_ALL = (unset),
	LC_TIME = "en_CA.UTF-8",
	LC_MONETARY = "en_CA.UTF-8",
	LC_ADDRESS = "en_CA.UTF-8",
	LC_TELEPHONE = "en_CA.UTF-8",
	LC_NAME = "en_CA.UTF-8",
	LC_MEASUREMENT = "en_CA.UTF-8",
	LC_IDENTIFICATION = "en_CA.UTF-8",
	LC_NUMERIC = "en_CA.UTF-8",
	LC_PAPER = "en_CA.UTF-8",
	LANG = "C"
    are supported and installed on your system.
perl: warning: Falling back to the standard locale ("C").
Processing:.................................................................Done
perl: warning: Setting locale failed.
perl: warning: Please check that your locale settings:
	LANGUAGE = (unset),
	LC_ALL = (unset),
	LC_TIME = "en_CA.UTF-8",
	LC_MONETARY = "en_CA.UTF-8",
	LC_ADDRESS = "en_CA.UTF-8",
	LC_TELEPHONE = "en_CA.UTF-8",
	LC_NAME = "en_CA.UTF-8",
	LC_MEASUREMENT = "en_CA.UTF-8",
	LC_IDENTIFICATION = "en_CA.UTF-8",
	LC_NUMERIC = "en_CA.UTF-8",
	LC_PAPER = "en_CA.UTF-8",
	LANG = "C"
    are supported and installed on your system.
perl: warning: Falling back to the standard locale ("C").
Processing:.................................................................Done
perl: warning: Setting locale failed.
perl: warning: Please check that your locale settings:
	LANGUAGE = (unset),
	LC_ALL = (unset),
	LC_TIME = "en_CA.UTF-8",
	LC_MONETARY = "en_CA.UTF-8",
	LC_ADDRESS = "en_CA.UTF-8",
	LC_TELEPHONE = "en_CA.UTF-8",
	LC_NAME = "en_CA.UTF-8",
	LC_MEASUREMENT = "en_CA.UTF-8",
	LC_IDENTIFICATION = "en_CA.UTF-8",
	LC_NUMERIC = "en_CA.UTF-8",
	LC_PAPER = "en_CA.UTF-8",
	LANG = "C"
    are supported and installed on your system.
perl: warning: Falling back to the standard locale ("C").
Processing:.................................................................Done
perl: warning: Setting locale failed.
perl: warning: Please check that your locale settings:
	LANGUAGE = (unset),
	LC_ALL = (unset),
	LC_TIME = "en_CA.UTF-8",
	LC_MONETARY = "en_CA.UTF-8",
	LC_ADDRESS = "en_CA.UTF-8",
	LC_TELEPHONE = "en_CA.UTF-8",
	LC_NAME = "en_CA.UTF-8",
	LC_MEASUREMENT = "en_CA.UTF-8",
	LC_IDENTIFICATION = "en_CA.UTF-8",
	LC_NUMERIC = "en_CA.UTF-8",
	LC_PAPER = "en_CA.UTF-8",
	LANG = "C"
    are supported and installed on your system.
perl: warning: Falling back to the standard locale ("C").
Processing:.................................................................Done
perl: warning: Setting locale failed.
perl: warning: Please check that your locale settings:
	LANGUAGE = (unset),
	LC_ALL = (unset),
	LC_TIME = "en_CA.UTF-8",
	LC_MONETARY = "en_CA.UTF-8",
	LC_ADDRESS = "en_CA.UTF-8",
	LC_TELEPHONE = "en_CA.UTF-8",
	LC_NAME = "en_CA.UTF-8",
	LC_MEASUREMENT = "en_CA.UTF-8",
	LC_IDENTIFICATION = "en_CA.UTF-8",
	LC_NUMERIC = "en_CA.UTF-8",
	LC_PAPER = "en_CA.UTF-8",
	LANG = "C"
    are supported and installed on your system.
perl: warning: Falling back to the standard locale ("C").
Processing:.................................................................Done
perl: warning: Setting locale failed.
perl: warning: Please check that your locale settings:
	LANGUAGE = (unset),
	LC_ALL = (unset),
	LC_TIME = "en_CA.UTF-8",
	LC_MONETARY = "en_CA.UTF-8",
	LC_ADDRESS = "en_CA.UTF-8",
	LC_TELEPHONE = "en_CA.UTF-8",
	LC_NAME = "en_CA.UTF-8",
	LC_MEASUREMENT = "en_CA.UTF-8",
	LC_IDENTIFICATION = "en_CA.UTF-8",
	LC_NUMERIC = "en_CA.UTF-8",
	LC_PAPER = "en_CA.UTF-8",
	LANG = "C"
    are supported and installed on your system.
perl: warning: Falling back to the standard locale ("C").
Processing:.................................................................Done
perl: warning: Setting locale failed.
perl: warning: Please check that your locale settings:
	LANGUAGE = (unset),
	LC_ALL = (unset),
	LC_TIME = "en_CA.UTF-8",
	LC_MONETARY = "en_CA.UTF-8",
	LC_ADDRESS = "en_CA.UTF-8",
	LC_TELEPHONE = "en_CA.UTF-8",
	LC_NAME = "en_CA.UTF-8",
	LC_MEASUREMENT = "en_CA.UTF-8",
	LC_IDENTIFICATION = "en_CA.UTF-8",
	LC_NUMERIC = "en_CA.UTF-8",
	LC_PAPER = "en_CA.UTF-8",
	LANG = "C"
    are supported and installed on your system.
perl: warning: Falling back to the standard locale ("C").
Processing:.................................................................Done
perl: warning: Setting locale failed.
perl: warning: Please check that your locale settings:
	LANGUAGE = (unset),
	LC_ALL = (unset),
	LC_TIME = "en_CA.UTF-8",
	LC_MONETARY = "en_CA.UTF-8",
	LC_ADDRESS = "en_CA.UTF-8",
	LC_TELEPHONE = "en_CA.UTF-8",
	LC_NAME = "en_CA.UTF-8",
	LC_MEASUREMENT = "en_CA.UTF-8",
	LC_IDENTIFICATION = "en_CA.UTF-8",
	LC_NUMERIC = "en_CA.UTF-8",
	LC_PAPER = "en_CA.UTF-8",
	LANG = "C"
    are supported and installed on your system.
perl: warning: Falling back to the standard locale ("C").
Processing:.................................................................Done
perl: warning: Setting locale failed.
perl: warning: Please check that your locale settings:
	LANGUAGE = (unset),
	LC_ALL = (unset),
	LC_TIME = "en_CA.UTF-8",
	LC_MONETARY = "en_CA.UTF-8",
	LC_ADDRESS = "en_CA.UTF-8",
	LC_TELEPHONE = "en_CA.UTF-8",
	LC_NAME = "en_CA.UTF-8",
	LC_MEASUREMENT = "en_CA.UTF-8",
	LC_IDENTIFICATION = "en_CA.UTF-8",
	LC_NUMERIC = "en_CA.UTF-8",
	LC_PAPER = "en_CA.UTF-8",
	LANG = "C"
    are supported and installed on your system.
perl: warning: Falling back to the standard locale ("C").
Processing:.................................................................Done
perl: warning: Setting locale failed.
perl: warning: Please check that your locale settings:
	LANGUAGE = (unset),
	LC_ALL = (unset),
	LC_TIME = "en_CA.UTF-8",
	LC_MONETARY = "en_CA.UTF-8",
	LC_ADDRESS = "en_CA.UTF-8",
	LC_TELEPHONE = "en_CA.UTF-8",
	LC_NAME = "en_CA.UTF-8",
	LC_MEASUREMENT = "en_CA.UTF-8",
	LC_IDENTIFICATION = "en_CA.UTF-8",
	LC_NUMERIC = "en_CA.UTF-8",
	LC_PAPER = "en_CA.UTF-8",
	LANG = "C"
    are supported and installed on your system.
perl: warning: Falling back to the standard locale ("C").
Processing:.................................................................Done
perl: warning: Setting locale failed.
perl: warning: Please check that your locale settings:
	LANGUAGE = (unset),
	LC_ALL = (unset),
	LC_TIME = "en_CA.UTF-8",
	LC_MONETARY = "en_CA.UTF-8",
	LC_ADDRESS = "en_CA.UTF-8",
	LC_TELEPHONE = "en_CA.UTF-8",
	LC_NAME = "en_CA.UTF-8",
	LC_MEASUREMENT = "en_CA.UTF-8",
	LC_IDENTIFICATION = "en_CA.UTF-8",
	LC_NUMERIC = "en_CA.UTF-8",
	LC_PAPER = "en_CA.UTF-8",
	LANG = "C"
    are supported and installed on your system.
perl: warning: Falling back to the standard locale ("C").
Processing:.................................................................Done
perl: warning: Setting locale failed.
perl: warning: Please check that your locale settings:
	LANGUAGE = (unset),
	LC_ALL = (unset),
	LC_TIME = "en_CA.UTF-8",
	LC_MONETARY = "en_CA.UTF-8",
	LC_ADDRESS = "en_CA.UTF-8",
	LC_TELEPHONE = "en_CA.UTF-8",
	LC_NAME = "en_CA.UTF-8",
	LC_MEASUREMENT = "en_CA.UTF-8",
	LC_IDENTIFICATION = "en_CA.UTF-8",
	LC_NUMERIC = "en_CA.UTF-8",
	LC_PAPER = "en_CA.UTF-8",
	LANG = "C"
    are supported and installed on your system.
perl: warning: Falling back to the standard locale ("C").
Processing:.................................................................Done
perl: warning: Setting locale failed.
perl: warning: Please check that your locale settings:
	LANGUAGE = (unset),
	LC_ALL = (unset),
	LC_TIME = "en_CA.UTF-8",
	LC_MONETARY = "en_CA.UTF-8",
	LC_ADDRESS = "en_CA.UTF-8",
	LC_TELEPHONE = "en_CA.UTF-8",
	LC_NAME = "en_CA.UTF-8",
	LC_MEASUREMENT = "en_CA.UTF-8",
	LC_IDENTIFICATION = "en_CA.UTF-8",
	LC_NUMERIC = "en_CA.UTF-8",
	LC_PAPER = "en_CA.UTF-8",
	LANG = "C"
    are supported and installed on your system.
perl: warning: Falling back to the standard locale ("C").
Processing:.................................................................Done
perl: warning: Setting locale failed.
perl: warning: Please check that your locale settings:
	LANGUAGE = (unset),
	LC_ALL = (unset),
	LC_TIME = "en_CA.UTF-8",
	LC_MONETARY = "en_CA.UTF-8",
	LC_ADDRESS = "en_CA.UTF-8",
	LC_TELEPHONE = "en_CA.UTF-8",
	LC_NAME = "en_CA.UTF-8",
	LC_MEASUREMENT = "en_CA.UTF-8",
	LC_IDENTIFICATION = "en_CA.UTF-8",
	LC_NUMERIC = "en_CA.UTF-8",
	LC_PAPER = "en_CA.UTF-8",
	LANG = "C"
    are supported and installed on your system.
perl: warning: Falling back to the standard locale ("C").
Processing:.................................................................Done
Number of iterations: 20 
CV of field change: 0.000938542
perl: warning: Setting locale failed.
perl: warning: Please check that your locale settings:
	LANGUAGE = (unset),
	LC_ALL = (unset),
	LC_TIME = "en_CA.UTF-8",
	LC_MONETARY = "en_CA.UTF-8",
	LC_ADDRESS = "en_CA.UTF-8",
	LC_TELEPHONE = "en_CA.UTF-8",
	LC_NAME = "en_CA.UTF-8",
	LC_MEASUREMENT = "en_CA.UTF-8",
	LC_IDENTIFICATION = "en_CA.UTF-8",
	LC_NUMERIC = "en_CA.UTF-8",
	LC_PAPER = "en_CA.UTF-8",
	LANG = "C"
    are supported and installed on your system.
perl: warning: Falling back to the standard locale ("C").
 
 
--------------------------------------------------------
Iteration 2 Mon Jan  1 19:53:54 UTC 2018
nu_correct -clobber ./tmp.mri_nu_correct.mni.19555/nu1.mnc ./tmp.mri_nu_correct.mni.19555/nu2.mnc -tmpdir ./tmp.mri_nu_correct.mni.19555/1/
perl: warning: Setting locale failed.
perl: warning: Please check that your locale settings:
	LANGUAGE = (unset),
	LC_ALL = (unset),
	LC_TIME = "en_CA.UTF-8",
	LC_MONETARY = "en_CA.UTF-8",
	LC_ADDRESS = "en_CA.UTF-8",
	LC_TELEPHONE = "en_CA.UTF-8",
	LC_NAME = "en_CA.UTF-8",
	LC_MEASUREMENT = "en_CA.UTF-8",
	LC_IDENTIFICATION = "en_CA.UTF-8",
	LC_NUMERIC = "en_CA.UTF-8",
	LC_PAPER = "en_CA.UTF-8",
	LANG = "C"
    are supported and installed on your system.
perl: warning: Falling back to the standard locale ("C").
perl: warning: Setting locale failed.
perl: warning: Please check that your locale settings:
	LANGUAGE = (unset),
	LC_ALL = (unset),
	LC_TIME = "en_CA.UTF-8",
	LC_MONETARY = "en_CA.UTF-8",
	LC_ADDRESS = "en_CA.UTF-8",
	LC_TELEPHONE = "en_CA.UTF-8",
	LC_NAME = "en_CA.UTF-8",
	LC_MEASUREMENT = "en_CA.UTF-8",
	LC_IDENTIFICATION = "en_CA.UTF-8",
	LC_NUMERIC = "en_CA.UTF-8",
	LC_PAPER = "en_CA.UTF-8",
	LANG = "C"
    are supported and installed on your system.
perl: warning: Falling back to the standard locale ("C").
[ubuntu@ali-2:/usr/local/freesurfer/subjects/3226/mri/] [2018-01-01 19:53:55] running:
  /usr/local/freesurfer/mni/bin/nu_estimate_np_and_em -parzen -log -sharpen 0.15 0.01 -iterations 50 -stop 0.001 -shrink 4 -auto_mask -nonotify -b_spline 1.0e-7 -distance 200 -quiet -execute -clobber -nokeeptmp -tmpdir ./tmp.mri_nu_correct.mni.19555/1/ ./tmp.mri_nu_correct.mni.19555/nu1.mnc ./tmp.mri_nu_correct.mni.19555/nu2.imp

perl: warning: Setting locale failed.
perl: warning: Please check that your locale settings:
	LANGUAGE = (unset),
	LC_ALL = (unset),
	LC_TIME = "en_CA.UTF-8",
	LC_MONETARY = "en_CA.UTF-8",
	LC_ADDRESS = "en_CA.UTF-8",
	LC_TELEPHONE = "en_CA.UTF-8",
	LC_NAME = "en_CA.UTF-8",
	LC_MEASUREMENT = "en_CA.UTF-8",
	LC_IDENTIFICATION = "en_CA.UTF-8",
	LC_NUMERIC = "en_CA.UTF-8",
	LC_PAPER = "en_CA.UTF-8",
	LANG = "C"
    are supported and installed on your system.
perl: warning: Falling back to the standard locale ("C").
Processing:.................................................................Done
perl: warning: Setting locale failed.
perl: warning: Please check that your locale settings:
	LANGUAGE = (unset),
	LC_ALL = (unset),
	LC_TIME = "en_CA.UTF-8",
	LC_MONETARY = "en_CA.UTF-8",
	LC_ADDRESS = "en_CA.UTF-8",
	LC_TELEPHONE = "en_CA.UTF-8",
	LC_NAME = "en_CA.UTF-8",
	LC_MEASUREMENT = "en_CA.UTF-8",
	LC_IDENTIFICATION = "en_CA.UTF-8",
	LC_NUMERIC = "en_CA.UTF-8",
	LC_PAPER = "en_CA.UTF-8",
	LANG = "C"
    are supported and installed on your system.
perl: warning: Falling back to the standard locale ("C").
Processing:.................................................................Done
perl: warning: Setting locale failed.
perl: warning: Please check that your locale settings:
	LANGUAGE = (unset),
	LC_ALL = (unset),
	LC_TIME = "en_CA.UTF-8",
	LC_MONETARY = "en_CA.UTF-8",
	LC_ADDRESS = "en_CA.UTF-8",
	LC_TELEPHONE = "en_CA.UTF-8",
	LC_NAME = "en_CA.UTF-8",
	LC_MEASUREMENT = "en_CA.UTF-8",
	LC_IDENTIFICATION = "en_CA.UTF-8",
	LC_NUMERIC = "en_CA.UTF-8",
	LC_PAPER = "en_CA.UTF-8",
	LANG = "C"
    are supported and installed on your system.
perl: warning: Falling back to the standard locale ("C").
Processing:.................................................................Done
perl: warning: Setting locale failed.
perl: warning: Please check that your locale settings:
	LANGUAGE = (unset),
	LC_ALL = (unset),
	LC_TIME = "en_CA.UTF-8",
	LC_MONETARY = "en_CA.UTF-8",
	LC_ADDRESS = "en_CA.UTF-8",
	LC_TELEPHONE = "en_CA.UTF-8",
	LC_NAME = "en_CA.UTF-8",
	LC_MEASUREMENT = "en_CA.UTF-8",
	LC_IDENTIFICATION = "en_CA.UTF-8",
	LC_NUMERIC = "en_CA.UTF-8",
	LC_PAPER = "en_CA.UTF-8",
	LANG = "C"
    are supported and installed on your system.
perl: warning: Falling back to the standard locale ("C").
Processing:.................................................................Done
perl: warning: Setting locale failed.
perl: warning: Please check that your locale settings:
	LANGUAGE = (unset),
	LC_ALL = (unset),
	LC_TIME = "en_CA.UTF-8",
	LC_MONETARY = "en_CA.UTF-8",
	LC_ADDRESS = "en_CA.UTF-8",
	LC_TELEPHONE = "en_CA.UTF-8",
	LC_NAME = "en_CA.UTF-8",
	LC_MEASUREMENT = "en_CA.UTF-8",
	LC_IDENTIFICATION = "en_CA.UTF-8",
	LC_NUMERIC = "en_CA.UTF-8",
	LC_PAPER = "en_CA.UTF-8",
	LANG = "C"
    are supported and installed on your system.
perl: warning: Falling back to the standard locale ("C").
Processing:.................................................................Done
perl: warning: Setting locale failed.
perl: warning: Please check that your locale settings:
	LANGUAGE = (unset),
	LC_ALL = (unset),
	LC_TIME = "en_CA.UTF-8",
	LC_MONETARY = "en_CA.UTF-8",
	LC_ADDRESS = "en_CA.UTF-8",
	LC_TELEPHONE = "en_CA.UTF-8",
	LC_NAME = "en_CA.UTF-8",
	LC_MEASUREMENT = "en_CA.UTF-8",
	LC_IDENTIFICATION = "en_CA.UTF-8",
	LC_NUMERIC = "en_CA.UTF-8",
	LC_PAPER = "en_CA.UTF-8",
	LANG = "C"
    are supported and installed on your system.
perl: warning: Falling back to the standard locale ("C").
Processing:.................................................................Done
perl: warning: Setting locale failed.
perl: warning: Please check that your locale settings:
	LANGUAGE = (unset),
	LC_ALL = (unset),
	LC_TIME = "en_CA.UTF-8",
	LC_MONETARY = "en_CA.UTF-8",
	LC_ADDRESS = "en_CA.UTF-8",
	LC_TELEPHONE = "en_CA.UTF-8",
	LC_NAME = "en_CA.UTF-8",
	LC_MEASUREMENT = "en_CA.UTF-8",
	LC_IDENTIFICATION = "en_CA.UTF-8",
	LC_NUMERIC = "en_CA.UTF-8",
	LC_PAPER = "en_CA.UTF-8",
	LANG = "C"
    are supported and installed on your system.
perl: warning: Falling back to the standard locale ("C").
Processing:.................................................................Done
perl: warning: Setting locale failed.
perl: warning: Please check that your locale settings:
	LANGUAGE = (unset),
	LC_ALL = (unset),
	LC_TIME = "en_CA.UTF-8",
	LC_MONETARY = "en_CA.UTF-8",
	LC_ADDRESS = "en_CA.UTF-8",
	LC_TELEPHONE = "en_CA.UTF-8",
	LC_NAME = "en_CA.UTF-8",
	LC_MEASUREMENT = "en_CA.UTF-8",
	LC_IDENTIFICATION = "en_CA.UTF-8",
	LC_NUMERIC = "en_CA.UTF-8",
	LC_PAPER = "en_CA.UTF-8",
	LANG = "C"
    are supported and installed on your system.
perl: warning: Falling back to the standard locale ("C").
Processing:.................................................................Done
perl: warning: Setting locale failed.
perl: warning: Please check that your locale settings:
	LANGUAGE = (unset),
	LC_ALL = (unset),
	LC_TIME = "en_CA.UTF-8",
	LC_MONETARY = "en_CA.UTF-8",
	LC_ADDRESS = "en_CA.UTF-8",
	LC_TELEPHONE = "en_CA.UTF-8",
	LC_NAME = "en_CA.UTF-8",
	LC_MEASUREMENT = "en_CA.UTF-8",
	LC_IDENTIFICATION = "en_CA.UTF-8",
	LC_NUMERIC = "en_CA.UTF-8",
	LC_PAPER = "en_CA.UTF-8",
	LANG = "C"
    are supported and installed on your system.
perl: warning: Falling back to the standard locale ("C").
Processing:.................................................................Done
perl: warning: Setting locale failed.
perl: warning: Please check that your locale settings:
	LANGUAGE = (unset),
	LC_ALL = (unset),
	LC_TIME = "en_CA.UTF-8",
	LC_MONETARY = "en_CA.UTF-8",
	LC_ADDRESS = "en_CA.UTF-8",
	LC_TELEPHONE = "en_CA.UTF-8",
	LC_NAME = "en_CA.UTF-8",
	LC_MEASUREMENT = "en_CA.UTF-8",
	LC_IDENTIFICATION = "en_CA.UTF-8",
	LC_NUMERIC = "en_CA.UTF-8",
	LC_PAPER = "en_CA.UTF-8",
	LANG = "C"
    are supported and installed on your system.
perl: warning: Falling back to the standard locale ("C").
Processing:.................................................................Done
perl: warning: Setting locale failed.
perl: warning: Please check that your locale settings:
	LANGUAGE = (unset),
	LC_ALL = (unset),
	LC_TIME = "en_CA.UTF-8",
	LC_MONETARY = "en_CA.UTF-8",
	LC_ADDRESS = "en_CA.UTF-8",
	LC_TELEPHONE = "en_CA.UTF-8",
	LC_NAME = "en_CA.UTF-8",
	LC_MEASUREMENT = "en_CA.UTF-8",
	LC_IDENTIFICATION = "en_CA.UTF-8",
	LC_NUMERIC = "en_CA.UTF-8",
	LC_PAPER = "en_CA.UTF-8",
	LANG = "C"
    are supported and installed on your system.
perl: warning: Falling back to the standard locale ("C").
Processing:.................................................................Done
Number of iterations: 11 
CV of field change: 0.000953547
perl: warning: Setting locale failed.
perl: warning: Please check that your locale settings:
	LANGUAGE = (unset),
	LC_ALL = (unset),
	LC_TIME = "en_CA.UTF-8",
	LC_MONETARY = "en_CA.UTF-8",
	LC_ADDRESS = "en_CA.UTF-8",
	LC_TELEPHONE = "en_CA.UTF-8",
	LC_NAME = "en_CA.UTF-8",
	LC_MEASUREMENT = "en_CA.UTF-8",
	LC_IDENTIFICATION = "en_CA.UTF-8",
	LC_NUMERIC = "en_CA.UTF-8",
	LC_PAPER = "en_CA.UTF-8",
	LANG = "C"
    are supported and installed on your system.
perl: warning: Falling back to the standard locale ("C").
 
 
 
mri_binarize --i ./tmp.mri_nu_correct.mni.19555/nu2.mnc --min -1 --o ./tmp.mri_nu_correct.mni.19555/ones.mgz

$Id: mri_binarize.c,v 1.43 2016/06/09 20:46:21 greve Exp $
cwd /usr/local/freesurfer/subjects/3226/mri
cmdline mri_binarize.bin --i ./tmp.mri_nu_correct.mni.19555/nu2.mnc --min -1 --o ./tmp.mri_nu_correct.mni.19555/ones.mgz 
sysname  Linux
hostname ali-2
machine  x86_64
user     ubuntu

input      ./tmp.mri_nu_correct.mni.19555/nu2.mnc
frame      0
nErode3d   0
nErode2d   0
output     ./tmp.mri_nu_correct.mni.19555/ones.mgz
Binarizing based on threshold
min        -1
max        +infinity
binval        1
binvalnot     0
fstart = 0, fend = 0, nframes = 1
Found 16777216 values in range
Counting number of voxels in first frame
Found 16777216 voxels in final mask
Count: 16777216 16777216.000000 16777216 100.000000
mri_binarize done
mri_segstats --id 1 --seg ./tmp.mri_nu_correct.mni.19555/ones.mgz --i orig.mgz --sum ./tmp.mri_nu_correct.mni.19555/sum.junk --avgwf ./tmp.mri_nu_correct.mni.19555/input.mean.dat

$Id: mri_segstats.c,v 1.121 2016/05/31 17:27:11 greve Exp $
cwd 
cmdline mri_segstats --id 1 --seg ./tmp.mri_nu_correct.mni.19555/ones.mgz --i orig.mgz --sum ./tmp.mri_nu_correct.mni.19555/sum.junk --avgwf ./tmp.mri_nu_correct.mni.19555/input.mean.dat 
sysname  Linux
hostname ali-2
machine  x86_64
user     ubuntu
UseRobust  0
Loading ./tmp.mri_nu_correct.mni.19555/ones.mgz
Loading orig.mgz
Voxel Volume is 1 mm^3
Generating list of segmentation ids
Found   1 segmentations
Computing statistics for each segmentation

Reporting on   1 segmentations
Using PrintSegStat
Computing spatial average of each frame
  0
Writing to ./tmp.mri_nu_correct.mni.19555/input.mean.dat
mri_segstats done
mri_segstats --id 1 --seg ./tmp.mri_nu_correct.mni.19555/ones.mgz --i ./tmp.mri_nu_correct.mni.19555/nu2.mnc --sum ./tmp.mri_nu_correct.mni.19555/sum.junk --avgwf ./tmp.mri_nu_correct.mni.19555/output.mean.dat

$Id: mri_segstats.c,v 1.121 2016/05/31 17:27:11 greve Exp $
cwd 
cmdline mri_segstats --id 1 --seg ./tmp.mri_nu_correct.mni.19555/ones.mgz --i ./tmp.mri_nu_correct.mni.19555/nu2.mnc --sum ./tmp.mri_nu_correct.mni.19555/sum.junk --avgwf ./tmp.mri_nu_correct.mni.19555/output.mean.dat 
sysname  Linux
hostname ali-2
machine  x86_64
user     ubuntu
UseRobust  0
Loading ./tmp.mri_nu_correct.mni.19555/ones.mgz
Loading ./tmp.mri_nu_correct.mni.19555/nu2.mnc
Voxel Volume is 1 mm^3
Generating list of segmentation ids
Found   1 segmentations
Computing statistics for each segmentation

Reporting on   1 segmentations
Using PrintSegStat
Computing spatial average of each frame
  0
Writing to ./tmp.mri_nu_correct.mni.19555/output.mean.dat
mri_segstats done
mris_calc -o ./tmp.mri_nu_correct.mni.19555/nu2.mnc ./tmp.mri_nu_correct.mni.19555/nu2.mnc mul 1.02755597991387443560
Saving result to './tmp.mri_nu_correct.mni.19555/nu2.mnc' (type = MINC )                       [ ok ]
mri_convert ./tmp.mri_nu_correct.mni.19555/nu2.mnc nu.mgz --like orig.mgz
mri_convert.bin ./tmp.mri_nu_correct.mni.19555/nu2.mnc nu.mgz --like orig.mgz 
$Id: mri_convert.c,v 1.226 2016/02/26 16:15:24 mreuter Exp $
reading from ./tmp.mri_nu_correct.mni.19555/nu2.mnc...
TR=0.00, TE=0.00, TI=0.00, flip angle=0.00
i_ras = (-1, 0, 0)
j_ras = (0, 0, -1)
k_ras = (0, 1, 0)
INFO: transform src into the like-volume: orig.mgz
writing to nu.mgz...
mri_make_uchar nu.mgz transforms/talairach.xfm nu.mgz
type change took 0 minutes and 23 seconds.
mapping (15, 103) to ( 3, 110)
 
 
Mon Jan  1 20:00:24 UTC 2018
mri_nu_correct.mni done

 mri_add_xform_to_header -c /usr/local/freesurfer/subjects/3226/mri/transforms/talairach.xfm nu.mgz nu.mgz 

INFO: extension is mgz
#--------------------------------------------
#@# Intensity Normalization Mon Jan  1 20:00:28 UTC 2018
/usr/local/freesurfer/subjects/3226/mri

 mri_normalize -g 1 -mprage nu.mgz T1.mgz 

using max gradient = 1.000
assuming input volume is MGH (Van der Kouwe) MP-RAGE
reading from nu.mgz...
normalizing image...
talairach transform
 1.02331   0.04826  -0.04046  -798.26086;
-0.05980   1.02386   0.24171  -721.20532;
 0.06530  -0.17369   1.13517   110.44503;
 0.00000   0.00000   0.00000   1.00000;
processing without aseg, no1d=0
MRInormInit(): 
INFO: Modifying talairach volume c_(r,a,s) based on average_305
MRInormalize(): 
MRIsplineNormalize(): npeaks = 15
Starting OpenSpline(): npoints = 15
building Voronoi diagram...
performing soap bubble smoothing, sigma = 8...

Iterating 2 times
---------------------------------
3d normalization pass 1 of 2
white matter peak found at 110
white matter peak found at 109
gm peak at 87 (87), valley at 51 (51)
csf peak at 46, setting threshold to 73
building Voronoi diagram...
performing soap bubble smoothing, sigma = 8...
---------------------------------
3d normalization pass 2 of 2
white matter peak found at 110
white matter peak found at 110
gm peak at 83 (83), valley at 48 (48)
csf peak at 42, setting threshold to 69
building Voronoi diagram...
performing soap bubble smoothing, sigma = 8...
Done iterating ---------------------------------
writing output to T1.mgz
3D bias adjustment took 6 minutes and 20 seconds.
#--------------------------------------------
#@# Skull Stripping Mon Jan  1 20:06:50 UTC 2018
/usr/local/freesurfer/subjects/3226/mri

 mri_em_register -rusage /usr/local/freesurfer/subjects/3226/touch/rusage.mri_em_register.skull.dat -skull nu.mgz /usr/local/freesurfer/average/RB_all_withskull_2016-05-10.vc700.gca transforms/talairach_with_skull.lta 

aligning to atlas containing skull, setting unknown_nbr_spacing = 5

== Number of threads available to mri_em_register for OpenMP = 1 == 
reading 1 input volumes...
logging results to talairach_with_skull.log
reading '/usr/local/freesurfer/average/RB_all_withskull_2016-05-10.vc700.gca'...
average std = 22.9   using min determinant for regularization = 52.6
0 singular and 9002 ill-conditioned covariance matrices regularized
reading 'nu.mgz'...
freeing gibbs priors...done.
accounting for voxel sizes in initial transform
bounding unknown intensity as < 8.7 or > 569.1 
total sample mean = 77.6 (1399 zeros)
************************************************
spacing=8, using 3243 sample points, tol=1.00e-05...
************************************************
register_mri: find_optimal_transform
find_optimal_transform: nsamples 3243, passno 0, spacing 8
resetting wm mean[0]: 100 --> 108
resetting gm mean[0]: 61 --> 61
input volume #1 is the most T1-like
using real data threshold=12.0
skull bounding box = (49, 60, 26) --> (208, 218, 226)
using (102, 113, 126) as brain centroid...
mean wm in atlas = 108, using box (82,94,101) --> (121, 132,150) to find MRI wm
before smoothing, mri peak at 106
robust fit to distribution - 106 +- 6.1
after smoothing, mri peak at 106, scaling input intensities by 1.019
scaling channel 0 by 1.01887
initial log_p = -4.692
************************************************
First Search limited to translation only.
************************************************
max log p =    -4.512514 @ (-9.091, -9.091, -9.091)
max log p =    -4.439604 @ (4.545, -13.636, -4.545)
max log p =    -4.439604 @ (0.000, 0.000, 0.000)
max log p =    -4.394742 @ (1.136, 3.409, 1.136)
max log p =    -4.373143 @ (2.841, 0.568, -1.705)
max log p =    -4.373143 @ (0.000, 0.000, 0.000)
Found translation: (-0.6, -18.8, -14.2): log p = -4.373
****************************************
Nine parameter search.  iteration 0 nscales = 0 ...
****************************************
Result so far: scale 1.000: max_log_p=-4.309, old_max_log_p =-4.373 (thresh=-4.4)
 1.06580  -0.15586  -0.04176   11.88070;
 0.13053   1.10131   0.29510  -80.98009;
 0.00000  -0.29764   1.11081   12.32726;
 0.00000   0.00000   0.00000   1.00000;
****************************************
Nine parameter search.  iteration 1 nscales = 0 ...
****************************************
Result so far: scale 1.000: max_log_p=-4.299, old_max_log_p =-4.309 (thresh=-4.3)
 1.14574  -0.16755  -0.04490   3.40610;
 0.12941   1.13074   0.14758  -66.20163;
 0.01576  -0.13999   1.05434   1.05926;
 0.00000   0.00000   0.00000   1.00000;
****************************************
Nine parameter search.  iteration 2 nscales = 0 ...
****************************************
Result so far: scale 1.000: max_log_p=-4.299, old_max_log_p =-4.299 (thresh=-4.3)
 1.14574  -0.16755  -0.04490   3.40610;
 0.12941   1.13074   0.14758  -66.20163;
 0.01576  -0.13999   1.05434   1.05926;
 0.00000   0.00000   0.00000   1.00000;
reducing scale to 0.2500
****************************************
Nine parameter search.  iteration 3 nscales = 1 ...
****************************************
Result so far: scale 0.250: max_log_p=-4.239, old_max_log_p =-4.299 (thresh=-4.3)
 1.12646  -0.11946  -0.06888   3.62122;
 0.08959   1.07793   0.31045  -74.64338;
 0.03388  -0.32059   0.99464   29.90966;
 0.00000   0.00000   0.00000   1.00000;
****************************************
Nine parameter search.  iteration 4 nscales = 1 ...
****************************************
Result so far: scale 0.250: max_log_p=-4.239, old_max_log_p =-4.239 (thresh=-4.2)
 1.12646  -0.11946  -0.06888   3.62122;
 0.08959   1.07793   0.31045  -74.64338;
 0.03388  -0.32059   0.99464   29.90966;
 0.00000   0.00000   0.00000   1.00000;
reducing scale to 0.0625
****************************************
Nine parameter search.  iteration 5 nscales = 2 ...
****************************************
Result so far: scale 0.062: max_log_p=-4.219, old_max_log_p =-4.239 (thresh=-4.2)
 1.12848  -0.11078  -0.06635   2.16978;
 0.08028   1.08398   0.30360  -73.47388;
 0.03434  -0.31061   0.99367   28.90631;
 0.00000   0.00000   0.00000   1.00000;
****************************************
Nine parameter search.  iteration 6 nscales = 2 ...
****************************************
Result so far: scale 0.062: max_log_p=-4.216, old_max_log_p =-4.219 (thresh=-4.2)
 1.12777  -0.10181  -0.06372   0.55007;
 0.07141   1.08354   0.31262  -73.37885;
 0.03368  -0.31947   0.99115   30.20454;
 0.00000   0.00000   0.00000   1.00000;
min search scale 0.025000 reached
***********************************************
Computing MAP estimate using 3243 samples...
***********************************************
dt = 5.00e-06, momentum=0.80, tol=1.00e-05
l_intensity = 1.0000
Aligning input volume to GCA...
Transform matrix
 1.12777  -0.10181  -0.06372   0.55007;
 0.07141   1.08354   0.31262  -73.37885;
 0.03368  -0.31947   0.99115   30.20454;
 0.00000   0.00000   0.00000   1.00000;
nsamples 3243
Quasinewton: input matrix
 1.12777  -0.10181  -0.06372   0.55007;
 0.07141   1.08354   0.31262  -73.37885;
 0.03368  -0.31947   0.99115   30.20454;
 0.00000   0.00000   0.00000   1.00000;
outof QuasiNewtonEMA: 009: -log(p) =   -0.0  tol 0.000010
Resulting transform:
 1.12777  -0.10181  -0.06372   0.55007;
 0.07141   1.08354   0.31262  -73.37885;
 0.03368  -0.31947   0.99115   30.20454;
 0.00000   0.00000   0.00000   1.00000;

pass 1, spacing 8: log(p) = -4.216 (old=-4.692)
transform before final EM align:
 1.12777  -0.10181  -0.06372   0.55007;
 0.07141   1.08354   0.31262  -73.37885;
 0.03368  -0.31947   0.99115   30.20454;
 0.00000   0.00000   0.00000   1.00000;

**************************************************
 EM alignment process ...
 Computing final MAP estimate using 364799 samples. 
**************************************************
dt = 5.00e-06, momentum=0.80, tol=1.00e-07
l_intensity = 1.0000
Aligning input volume to GCA...
Transform matrix
 1.12777  -0.10181  -0.06372   0.55007;
 0.07141   1.08354   0.31262  -73.37885;
 0.03368  -0.31947   0.99115   30.20454;
 0.00000   0.00000   0.00000   1.00000;
nsamples 364799
Quasinewton: input matrix
 1.12777  -0.10181  -0.06372   0.55007;
 0.07141   1.08354   0.31262  -73.37885;
 0.03368  -0.31947   0.99115   30.20454;
 0.00000   0.00000   0.00000   1.00000;
outof QuasiNewtonEMA: 011: -log(p) =    4.6  tol 0.000000
final transform:
 1.12777  -0.10181  -0.06372   0.55007;
 0.07141   1.08354   0.31262  -73.37885;
 0.03368  -0.31947   0.99115   30.20454;
 0.00000   0.00000   0.00000   1.00000;

writing output transformation to transforms/talairach_with_skull.lta...
mri_em_register utimesec    3124.609603
mri_em_register stimesec    4.717552
mri_em_register ru_maxrss   609824
mri_em_register ru_ixrss    0
mri_em_register ru_idrss    0
mri_em_register ru_isrss    0
mri_em_register ru_minflt   157831
mri_em_register ru_majflt   0
mri_em_register ru_nswap    0
mri_em_register ru_inblock  0
mri_em_register ru_oublock  24
mri_em_register ru_msgsnd   0
mri_em_register ru_msgrcv   0
mri_em_register ru_nsignals 0
mri_em_register ru_nvcsw    642
mri_em_register ru_nivcsw   215317
registration took 67 minutes and 10 seconds.

 mri_watershed -rusage /usr/local/freesurfer/subjects/3226/touch/rusage.mri_watershed.dat -T1 -brain_atlas /usr/local/freesurfer/average/RB_all_withskull_2016-05-10.vc700.gca transforms/talairach_with_skull.lta T1.mgz brainmask.auto.mgz 


Mode:          T1 normalized volume
Mode:          Use the information of atlas (default parms, --help for details)

*********************************************************
The input file is T1.mgz
The output file is brainmask.auto.mgz
Weighting the input with atlas information before watershed

*************************WATERSHED**************************
Sorting...
      first estimation of the COG coord: x=130 y=130 z=122 r=72
      first estimation of the main basin volume: 1594650 voxels
      Looking for seedpoints 
        2 found in the cerebellum 
        16 found in the rest of the brain 
      global maximum in x=150, y=123, z=88, Imax=255
      CSF=19, WM_intensity=110, WM_VARIANCE=5
      WM_MIN=110, WM_HALF_MIN=110, WM_HALF_MAX=110, WM_MAX=110 
      preflooding height equal to 10 percent
done.
Analyze...

      main basin size=830018167 voxels, voxel volume =1.000 
                     = 830018167 mmm3 = 830018.176 cm3
done.
PostAnalyze...Basin Prior
 185 basins merged thanks to atlas 
      ***** 0 basin(s) merged in 1 iteration(s)
      ***** 0 voxel(s) added to the main basin
done.
Weighting the input with prior template 

****************TEMPLATE DEFORMATION****************

      second estimation of the COG coord: x=128,y=133, z=117, r=9851 iterations
^^^^^^^^ couldn't find WM with original limits - expanding ^^^^^^

 (2) Problem with the least square interpolation for CSF_MAX
   GLOBAL      CSF_MIN=1, CSF_intensity=2, CSF_MAX=13 , nb = 44324
  RIGHT_CER    CSF_MIN=1, CSF_intensity=2, CSF_MAX=53 , nb = -1028967232
  LEFT_CER     CSF_MIN=1, CSF_intensity=2, CSF_MAX=26 , nb = 1144439646
 RIGHT_BRAIN   CSF_MIN=1, CSF_intensity=2, CSF_MAX=14 , nb = 1144697635
 LEFT_BRAIN    CSF_MIN=1, CSF_intensity=2, CSF_MAX=12 , nb = 1078045712
    OTHER      CSF_MIN=0, CSF_intensity=32, CSF_MAX=36 , nb = 1070584024
   
                     CSF_MAX  TRANSITION  GM_MIN  GM
    GLOBAL     
  before analyzing :    13,      25,        51,   73
  after  analyzing :    13,      42,        51,   49
   RIGHT_CER   
  before analyzing :    53,      43,        32,   95
  after  analyzing :    24,      43,        43,   56
   LEFT_CER    
  before analyzing :    26,      30,        40,   92
  after  analyzing :    26,      36,        40,   50
  RIGHT_BRAIN  
  before analyzing :    14,      27,        51,   73
  after  analyzing :    14,      43,        51,   50
  LEFT_BRAIN   
  before analyzing :    12,      24,        52,   73
  after  analyzing :    12,      42,        52,   49
     OTHER     
  before analyzing :    36,      44,        79,   95
  after  analyzing :    36,      67,        79,   74
      mri_strip_skull: done peeling brain
      highly tesselated surface with 10242 vertices
      matching...66 iterations

*********************VALIDATION*********************
curvature mean = -0.014, std = 0.010
curvature mean = 70.896, std = 7.432

No Rigid alignment: -atlas Mode Off (basic atlas / no registration)
      before rotation: sse = 2.81, sigma = 3.84
      after  rotation: sse = 2.81, sigma = 3.84
Localization of inacurate regions: Erosion-Dilation steps
      the sse mean is  2.97, its var is  3.93   
      before Erosion-Dilatation  0.29% of inacurate vertices
      after  Erosion-Dilatation  0.00% of inacurate vertices
      Validation of the shape of the surface done.
Scaling of atlas fields onto current surface fields

********FINAL ITERATIVE TEMPLATE DEFORMATION********
Compute Local values csf/gray
Fine Segmentation...39 iterations

      mri_strip_skull: done peeling brain

Brain Size = 1704371 voxels, voxel volume = 1.000 mm3
           = 1704371 mmm3 = 1704.371 cm3


******************************
Saving brainmask.auto.mgz
done
mri_watershed utimesec    72.417029
mri_watershed stimesec    2.467869
mri_watershed ru_maxrss   828284
mri_watershed ru_ixrss    0
mri_watershed ru_idrss    0
mri_watershed ru_isrss    0
mri_watershed ru_minflt   212407
mri_watershed ru_majflt   0
mri_watershed ru_nswap    0
mri_watershed ru_inblock  0
mri_watershed ru_oublock  2776
mri_watershed ru_msgsnd   0
mri_watershed ru_msgrcv   0
mri_watershed ru_nsignals 0
mri_watershed ru_nvcsw    0
mri_watershed ru_nivcsw   5186
mri_watershed done

 cp brainmask.auto.mgz brainmask.mgz 

#-------------------------------------
#@# EM Registration Mon Jan  1 21:15:39 UTC 2018
/usr/local/freesurfer/subjects/3226/mri

 mri_em_register -rusage /usr/local/freesurfer/subjects/3226/touch/rusage.mri_em_register.dat -uns 3 -mask brainmask.mgz nu.mgz /usr/local/freesurfer/average/RB_all_2016-05-10.vc700.gca transforms/talairach.lta 

setting unknown_nbr_spacing = 3
using MR volume brainmask.mgz to mask input volume...

== Number of threads available to mri_em_register for OpenMP = 1 == 
reading 1 input volumes...
logging results to talairach.log
reading '/usr/local/freesurfer/average/RB_all_2016-05-10.vc700.gca'...
average std = 7.3   using min determinant for regularization = 5.3
0 singular and 841 ill-conditioned covariance matrices regularized
reading 'nu.mgz'...
freeing gibbs priors...done.
accounting for voxel sizes in initial transform
bounding unknown intensity as < 6.3 or > 503.7 
total sample mean = 78.8 (1011 zeros)
************************************************
spacing=8, using 2830 sample points, tol=1.00e-05...
************************************************
register_mri: find_optimal_transform
find_optimal_transform: nsamples 2830, passno 0, spacing 8
resetting wm mean[0]: 98 --> 107
resetting gm mean[0]: 61 --> 61
input volume #1 is the most T1-like
using real data threshold=23.0
skull bounding box = (60, 73, 39) --> (197, 203, 207)
using (106, 116, 123) as brain centroid...
mean wm in atlas = 107, using box (89,100,102) --> (122, 131,143) to find MRI wm
before smoothing, mri peak at 106
robust fit to distribution - 105 +- 5.8
after smoothing, mri peak at 105, scaling input intensities by 1.019
scaling channel 0 by 1.01905
initial log_p = -4.393
************************************************
First Search limited to translation only.
************************************************
max log p =    -4.073048 @ (-9.091, -9.091, -9.091)
max log p =    -3.959506 @ (4.545, -4.545, -4.545)
max log p =    -3.920366 @ (2.273, -6.818, -2.273)
max log p =    -3.861066 @ (-1.136, 3.409, 1.136)
max log p =    -3.849428 @ (-0.568, -1.705, -1.705)
max log p =    -3.849428 @ (0.000, 0.000, 0.000)
Found translation: (-4.0, -18.8, -16.5): log p = -3.849
****************************************
Nine parameter search.  iteration 0 nscales = 0 ...
****************************************
Result so far: scale 1.000: max_log_p=-3.816, old_max_log_p =-3.849 (thresh=-3.8)
 1.00000   0.00000   0.00000  -3.97727;
 0.00000   1.03837   0.27823  -57.96895;
 0.00000  -0.25882   0.96593   30.90450;
 0.00000   0.00000   0.00000   1.00000;
****************************************
Nine parameter search.  iteration 1 nscales = 0 ...
****************************************
Result so far: scale 1.000: max_log_p=-3.816, old_max_log_p =-3.816 (thresh=-3.8)
 1.00000   0.00000   0.00000  -3.97727;
 0.00000   1.03837   0.27823  -57.96895;
 0.00000  -0.25882   0.96593   30.90450;
 0.00000   0.00000   0.00000   1.00000;
reducing scale to 0.2500
****************************************
Nine parameter search.  iteration 2 nscales = 1 ...
****************************************
Result so far: scale 0.250: max_log_p=-3.722, old_max_log_p =-3.816 (thresh=-3.8)
 0.99725  -0.06350  -0.04757   12.71944;
 0.06659   1.07653   0.18393  -57.25887;
 0.03414  -0.16207   1.00512   6.72417;
 0.00000   0.00000   0.00000   1.00000;
****************************************
Nine parameter search.  iteration 3 nscales = 1 ...
****************************************
Result so far: scale 0.250: max_log_p=-3.722, old_max_log_p =-3.722 (thresh=-3.7)
 0.99725  -0.06350  -0.04757   12.71944;
 0.06659   1.07653   0.18393  -57.25887;
 0.03414  -0.16207   1.00512   6.72417;
 0.00000   0.00000   0.00000   1.00000;
reducing scale to 0.0625
****************************************
Nine parameter search.  iteration 4 nscales = 2 ...
****************************************
Result so far: scale 0.062: max_log_p=-3.669, old_max_log_p =-3.722 (thresh=-3.7)
 0.99470  -0.04578  -0.04454   9.36204;
 0.05065   1.07986   0.19355  -57.26086;
 0.03378  -0.17053   1.00121   8.38290;
 0.00000   0.00000   0.00000   1.00000;
****************************************
Nine parameter search.  iteration 5 nscales = 2 ...
****************************************
Result so far: scale 0.062: max_log_p=-3.669, old_max_log_p =-3.669 (thresh=-3.7)
 0.99470  -0.04578  -0.04454   9.36204;
 0.05071   1.08113   0.19377  -57.46775;
 0.03378  -0.17053   1.00121   8.38290;
 0.00000   0.00000   0.00000   1.00000;
min search scale 0.025000 reached
***********************************************
Computing MAP estimate using 2830 samples...
***********************************************
dt = 5.00e-06, momentum=0.80, tol=1.00e-05
l_intensity = 1.0000
Aligning input volume to GCA...
Transform matrix
 0.99470  -0.04578  -0.04454   9.36204;
 0.05071   1.08113   0.19377  -57.46775;
 0.03378  -0.17053   1.00121   8.38290;
 0.00000   0.00000   0.00000   1.00000;
nsamples 2830
Quasinewton: input matrix
 0.99470  -0.04578  -0.04454   9.36204;
 0.05071   1.08113   0.19377  -57.46775;
 0.03378  -0.17053   1.00121   8.38290;
 0.00000   0.00000   0.00000   1.00000;
outof QuasiNewtonEMA: 008: -log(p) =   -0.0  tol 0.000010
Resulting transform:
 0.99470  -0.04578  -0.04454   9.36204;
 0.05071   1.08113   0.19377  -57.46775;
 0.03378  -0.17053   1.00121   8.38290;
 0.00000   0.00000   0.00000   1.00000;

pass 1, spacing 8: log(p) = -3.669 (old=-4.393)
transform before final EM align:
 0.99470  -0.04578  -0.04454   9.36204;
 0.05071   1.08113   0.19377  -57.46775;
 0.03378  -0.17053   1.00121   8.38290;
 0.00000   0.00000   0.00000   1.00000;

**************************************************
 EM alignment process ...
 Computing final MAP estimate using 315557 samples. 
**************************************************
dt = 5.00e-06, momentum=0.80, tol=1.00e-07
l_intensity = 1.0000
Aligning input volume to GCA...
Transform matrix
 0.99470  -0.04578  -0.04454   9.36204;
 0.05071   1.08113   0.19377  -57.46775;
 0.03378  -0.17053   1.00121   8.38290;
 0.00000   0.00000   0.00000   1.00000;
nsamples 315557
Quasinewton: input matrix
 0.99470  -0.04578  -0.04454   9.36204;
 0.05071   1.08113   0.19377  -57.46775;
 0.03378  -0.17053   1.00121   8.38290;
 0.00000   0.00000   0.00000   1.00000;
outof QuasiNewtonEMA: 010: -log(p) =    4.1  tol 0.000000
final transform:
 0.99470  -0.04578  -0.04454   9.36204;
 0.05071   1.08113   0.19377  -57.46775;
 0.03378  -0.17053   1.00121   8.38290;
 0.00000   0.00000   0.00000   1.00000;

writing output transformation to transforms/talairach.lta...
mri_em_register utimesec    2202.266529
mri_em_register stimesec    4.953989
mri_em_register ru_maxrss   598948
mri_em_register ru_ixrss    0
mri_em_register ru_idrss    0
mri_em_register ru_isrss    0
mri_em_register ru_minflt   163513
mri_em_register ru_majflt   0
mri_em_register ru_nswap    0
mri_em_register ru_inblock  0
mri_em_register ru_oublock  24
mri_em_register ru_msgsnd   0
mri_em_register ru_msgrcv   0
mri_em_register ru_nsignals 0
mri_em_register ru_nvcsw    383
mri_em_register ru_nivcsw   151828
registration took 47 minutes and 42 seconds.
#--------------------------------------
#@# CA Normalize Mon Jan  1 22:03:22 UTC 2018
/usr/local/freesurfer/subjects/3226/mri

 mri_ca_normalize -c ctrl_pts.mgz -mask brainmask.mgz nu.mgz /usr/local/freesurfer/average/RB_all_2016-05-10.vc700.gca transforms/talairach.lta norm.mgz 

writing control point volume to ctrl_pts.mgz
using MR volume brainmask.mgz to mask input volume...
reading 1 input volume
reading atlas from '/usr/local/freesurfer/average/RB_all_2016-05-10.vc700.gca'...
reading transform from 'transforms/talairach.lta'...
reading input volume from nu.mgz...
resetting wm mean[0]: 98 --> 107
resetting gm mean[0]: 61 --> 61
input volume #1 is the most T1-like
using real data threshold=21.0
skull bounding box = (60, 73, 39) --> (197, 203, 207)
using (106, 116, 123) as brain centroid...
mean wm in atlas = 107, using box (89,100,102) --> (122, 131,143) to find MRI wm
before smoothing, mri peak at 106
robust fit to distribution - 105 +- 5.8
after smoothing, mri peak at 105, scaling input intensities by 1.019
scaling channel 0 by 1.01905
using 246344 sample points...
INFO: compute sample coordinates transform
 0.99470  -0.04578  -0.04454   9.36204;
 0.05071   1.08113   0.19377  -57.46775;
 0.03378  -0.17053   1.00121   8.38290;
 0.00000   0.00000   0.00000   1.00000;
INFO: transform used
finding control points in Left_Cerebral_White_Matter....
found 39915 control points for structure...
bounding box (126, 75, 39) --> (196, 179, 203)
Left_Cerebral_White_Matter: limiting intensities to 97.0 --> 132.0
0 of 610 (0.0%) samples deleted
finding control points in Right_Cerebral_White_Matter....
found 39557 control points for structure...
bounding box (63, 77, 40) --> (131, 182, 204)
Right_Cerebral_White_Matter: limiting intensities to 97.0 --> 132.0
0 of 572 (0.0%) samples deleted
finding control points in Left_Cerebellum_White_Matter....
found 3059 control points for structure...
bounding box (130, 159, 65) --> (180, 197, 119)
Left_Cerebellum_White_Matter: limiting intensities to 97.0 --> 132.0
0 of 10 (0.0%) samples deleted
finding control points in Right_Cerebellum_White_Matter....
found 2705 control points for structure...
bounding box (86, 159, 65) --> (130, 197, 121)
Right_Cerebellum_White_Matter: limiting intensities to 90.0 --> 132.0
0 of 14 (0.0%) samples deleted
finding control points in Brain_Stem....
found 3518 control points for structure...
bounding box (114, 147, 102) --> (149, 212, 131)
Brain_Stem: limiting intensities to 100.0 --> 132.0
5 of 19 (26.3%) samples deleted
using 1225 total control points for intensity normalization...
bias field = 0.941 +- 0.057
4 of 1220 control points discarded
finding control points in Left_Cerebral_White_Matter....
found 39915 control points for structure...
bounding box (126, 75, 39) --> (196, 179, 203)
Left_Cerebral_White_Matter: limiting intensities to 88.0 --> 132.0
0 of 1021 (0.0%) samples deleted
finding control points in Right_Cerebral_White_Matter....
found 39557 control points for structure...
bounding box (63, 77, 40) --> (131, 182, 204)
Right_Cerebral_White_Matter: limiting intensities to 88.0 --> 132.0
0 of 986 (0.0%) samples deleted
finding control points in Left_Cerebellum_White_Matter....
found 3059 control points for structure...
bounding box (130, 159, 65) --> (180, 197, 119)
Left_Cerebellum_White_Matter: limiting intensities to 88.0 --> 132.0
13 of 71 (18.3%) samples deleted
finding control points in Right_Cerebellum_White_Matter....
found 2705 control points for structure...
bounding box (86, 159, 65) --> (130, 197, 121)
Right_Cerebellum_White_Matter: limiting intensities to 88.0 --> 132.0
22 of 68 (32.4%) samples deleted
finding control points in Brain_Stem....
found 3518 control points for structure...
bounding box (114, 147, 102) --> (149, 212, 131)
Brain_Stem: limiting intensities to 100.0 --> 132.0
63 of 75 (84.0%) samples deleted
using 2221 total control points for intensity normalization...
bias field = 1.036 +- 0.063
11 of 2094 control points discarded
finding control points in Left_Cerebral_White_Matter....
found 39915 control points for structure...
bounding box (126, 75, 39) --> (196, 179, 203)
Left_Cerebral_White_Matter: limiting intensities to 88.0 --> 132.0
5 of 1042 (0.5%) samples deleted
finding control points in Right_Cerebral_White_Matter....
found 39557 control points for structure...
bounding box (63, 77, 40) --> (131, 182, 204)
Right_Cerebral_White_Matter: limiting intensities to 88.0 --> 132.0
4 of 1037 (0.4%) samples deleted
finding control points in Left_Cerebellum_White_Matter....
found 3059 control points for structure...
bounding box (130, 159, 65) --> (180, 197, 119)
Left_Cerebellum_White_Matter: limiting intensities to 88.0 --> 132.0
54 of 128 (42.2%) samples deleted
finding control points in Right_Cerebellum_White_Matter....
found 2705 control points for structure...
bounding box (86, 159, 65) --> (130, 197, 121)
Right_Cerebellum_White_Matter: limiting intensities to 88.0 --> 132.0
66 of 91 (72.5%) samples deleted
finding control points in Brain_Stem....
found 3518 control points for structure...
bounding box (114, 147, 102) --> (149, 212, 131)
Brain_Stem: limiting intensities to 88.0 --> 112.0
68 of 163 (41.7%) samples deleted
using 2461 total control points for intensity normalization...
bias field = 1.032 +- 0.064
17 of 2237 control points discarded
writing normalized volume to norm.mgz...
writing control points to ctrl_pts.mgz
freeing GCA...done.
normalization took 4 minutes and 33 seconds.
#--------------------------------------
#@# CA Reg Mon Jan  1 22:07:55 UTC 2018
/usr/local/freesurfer/subjects/3226/mri

 mri_ca_register -rusage /usr/local/freesurfer/subjects/3226/touch/rusage.mri_ca_register.dat -nobigventricles -T transforms/talairach.lta -align-after -mask brainmask.mgz norm.mgz /usr/local/freesurfer/average/RB_all_2016-05-10.vc700.gca transforms/talairach.m3z 

not handling expanded ventricles...
using previously computed transform transforms/talairach.lta
renormalizing sequences with structure alignment, equivalent to:
	-renormalize
	-regularize_mean 0.500
	-regularize 0.500
using MR volume brainmask.mgz to mask input volume...

== Number of threads available to mri_ca_register for OpenMP = 1 == 
reading 1 input volumes...
logging results to talairach.log
reading input volume 'norm.mgz'...
reading GCA '/usr/local/freesurfer/average/RB_all_2016-05-10.vc700.gca'...
label assignment complete, 0 changed (0.00%)
det(m_affine) = 1.11 (predicted orig area = 7.2)
label assignment complete, 0 changed (0.00%)
freeing gibbs priors...done.
average std[0] = 5.0
**************** pass 1 of 1 ************************
enabling zero nodes
setting smoothness coefficient to 0.039
blurring input image with Gaussian with sigma=2.000...
0000: dt=0.000, rms=0.887, neg=0, invalid=762
0001: dt=242.664507, rms=0.809 (8.883%), neg=0, invalid=762
0002: dt=153.050938, rms=0.792 (2.021%), neg=0, invalid=762
0003: dt=369.920000, rms=0.779 (1.624%), neg=0, invalid=762
0004: dt=96.148837, rms=0.775 (0.507%), neg=0, invalid=762
0005: dt=517.888000, rms=0.771 (0.529%), neg=0, invalid=762
0006: dt=221.952000, rms=0.767 (0.497%), neg=0, invalid=762
0007: dt=92.480000, rms=0.767 (0.094%), neg=0, invalid=762
0008: dt=92.480000, rms=0.766 (0.066%), neg=0, invalid=762
0009: dt=92.480000, rms=0.765 (0.128%), neg=0, invalid=762
0010: dt=92.480000, rms=0.764 (0.187%), neg=0, invalid=762
0011: dt=92.480000, rms=0.762 (0.234%), neg=0, invalid=762
0012: dt=92.480000, rms=0.760 (0.243%), neg=0, invalid=762
0013: dt=92.480000, rms=0.758 (0.247%), neg=0, invalid=762
0014: dt=92.480000, rms=0.757 (0.223%), neg=0, invalid=762
0015: dt=92.480000, rms=0.755 (0.202%), neg=0, invalid=762
0016: dt=92.480000, rms=0.754 (0.170%), neg=0, invalid=762
0017: dt=92.480000, rms=0.753 (0.115%), neg=0, invalid=762
0018: dt=92.480000, rms=0.752 (0.104%), neg=0, invalid=762
0019: dt=1479.680000, rms=0.750 (0.238%), neg=0, invalid=762
0020: dt=129.472000, rms=0.750 (0.110%), neg=0, invalid=762
0021: dt=129.472000, rms=0.749 (0.041%), neg=0, invalid=762
0022: dt=129.472000, rms=0.749 (0.065%), neg=0, invalid=762
0023: dt=129.472000, rms=0.748 (0.088%), neg=0, invalid=762
0024: dt=129.472000, rms=0.748 (0.078%), neg=0, invalid=762
0025: dt=129.472000, rms=0.747 (0.094%), neg=0, invalid=762
0026: dt=129.472000, rms=0.746 (0.092%), neg=0, invalid=762
blurring input image with Gaussian with sigma=0.500...
0000: dt=0.000, rms=0.747, neg=0, invalid=762
0027: dt=172.307692, rms=0.742 (0.647%), neg=0, invalid=762
0028: dt=517.888000, rms=0.741 (0.148%), neg=0, invalid=762
0029: dt=517.888000, rms=0.740 (0.090%), neg=0, invalid=762
0030: dt=517.888000, rms=0.740 (-0.902%), neg=0, invalid=762
setting smoothness coefficient to 0.154
blurring input image with Gaussian with sigma=2.000...
0000: dt=0.000, rms=0.745, neg=0, invalid=762
0031: dt=43.410853, rms=0.741 (0.532%), neg=0, invalid=762
0032: dt=132.800000, rms=0.737 (0.525%), neg=0, invalid=762
0033: dt=267.388065, rms=0.717 (2.661%), neg=0, invalid=762
0034: dt=23.255255, rms=0.715 (0.381%), neg=0, invalid=762
0035: dt=9.072000, rms=0.715 (0.020%), neg=0, invalid=762
0036: dt=9.072000, rms=0.715 (-0.001%), neg=0, invalid=762
blurring input image with Gaussian with sigma=0.500...
0000: dt=0.000, rms=0.715, neg=0, invalid=762
0037: dt=179.200000, rms=0.708 (0.942%), neg=0, invalid=762
0038: dt=72.648649, rms=0.706 (0.341%), neg=0, invalid=762
0039: dt=72.152866, rms=0.704 (0.313%), neg=0, invalid=762
0040: dt=36.288000, rms=0.703 (0.111%), neg=0, invalid=762
0041: dt=36.288000, rms=0.702 (0.091%), neg=0, invalid=762
0042: dt=36.288000, rms=0.701 (0.169%), neg=0, invalid=762
0043: dt=36.288000, rms=0.700 (0.217%), neg=0, invalid=762
0044: dt=36.288000, rms=0.698 (0.260%), neg=0, invalid=762
0045: dt=36.288000, rms=0.696 (0.284%), neg=0, invalid=762
0046: dt=36.288000, rms=0.694 (0.289%), neg=0, invalid=762
0047: dt=36.288000, rms=0.692 (0.289%), neg=0, invalid=762
