status file for recon-all
Sat Jan 13 22:34:20 UTC 2018
#@# MotionCor Sat Jan 13 22:34:26 UTC 2018
#@# Talairach Sat Jan 13 22:34:48 UTC 2018
#@# Talairach Failure Detection Sat Jan 13 22:38:33 UTC 2018
#@# Nu Intensity Correction Sat Jan 13 22:38:33 UTC 2018
#@# Intensity Normalization Sat Jan 13 22:44:22 UTC 2018
#@# Skull Stripping Sat Jan 13 22:49:54 UTC 2018
#@# EM Registration Sat Jan 13 23:33:58 UTC 2018
#@# CA Normalize Sun Jan 14 00:22:37 UTC 2018
#@# CA Reg Sun Jan 14 00:26:09 UTC 2018
#@# SubCort Seg Sun Jan 14 07:20:08 UTC 2018
#@# Merge ASeg Sun Jan 14 09:57:50 UTC 2018
#@# Intensity Normalization2 Sun Jan 14 09:57:50 UTC 2018
#@# Mask BFS Sun Jan 14 10:07:00 UTC 2018
#@# WM Segmentation Sun Jan 14 10:07:06 UTC 2018
#@# Fill Sun Jan 14 10:11:52 UTC 2018
#@# Tessellate lh Sun Jan 14 10:14:00 UTC 2018
#@# Tessellate rh Sun Jan 14 10:14:13 UTC 2018
#@# Smooth1 lh Sun Jan 14 10:14:28 UTC 2018
#@# Smooth1 rh Sun Jan 14 10:14:39 UTC 2018
#@# Inflation1 lh Sun Jan 14 10:14:51 UTC 2018
#@# Inflation1 rh Sun Jan 14 10:16:02 UTC 2018
#@# QSphere lh Sun Jan 14 10:17:13 UTC 2018
#@# QSphere rh Sun Jan 14 10:25:51 UTC 2018
#@# Fix Topology Copy lh Sun Jan 14 10:33:38 UTC 2018
#@# Fix Topology Copy rh Sun Jan 14 10:33:38 UTC 2018
#@# Fix Topology lh Sun Jan 14 10:33:38 UTC 2018
#@# Fix Topology rh Sun Jan 14 11:37:06 UTC 2018
#@# Make White Surf lh Sun Jan 14 12:12:24 UTC 2018
#@# Make White Surf rh Sun Jan 14 12:23:40 UTC 2018
#@# Smooth2 lh Sun Jan 14 12:35:11 UTC 2018
#@# Smooth2 rh Sun Jan 14 12:35:22 UTC 2018
#@# Inflation2 lh Sun Jan 14 12:35:33 UTC 2018
#@# Inflation2 rh Sun Jan 14 12:36:46 UTC 2018
#@# Curv .H and .K lh Sun Jan 14 12:37:58 UTC 2018
#@# Curv .H and .K rh Sun Jan 14 12:40:47 UTC 2018
#@# Curvature Stats lh Sun Jan 14 12:43:35 UTC 2018
#@# Curvature Stats rh Sun Jan 14 12:43:43 UTC 2018
#@# Sphere lh Sun Jan 14 12:43:52 UTC 2018
#@# Sphere rh Sun Jan 14 14:16:01 UTC 2018
#@# Surf Reg lh Sun Jan 14 16:05:42 UTC 2018
#@# Surf Reg rh Sun Jan 14 17:51:20 UTC 2018
#@# Jacobian white lh Sun Jan 14 19:44:52 UTC 2018
#@# Jacobian white rh Sun Jan 14 19:44:56 UTC 2018
#@# AvgCurv lh Sun Jan 14 19:45:00 UTC 2018
#@# AvgCurv rh Sun Jan 14 19:45:03 UTC 2018
#@# Cortical Parc lh Sun Jan 14 19:45:05 UTC 2018
#@# Cortical Parc rh Sun Jan 14 19:45:35 UTC 2018
#@# Make Pial Surf lh Sun Jan 14 19:46:05 UTC 2018
#@# Make Pial Surf rh Sun Jan 14 20:15:36 UTC 2018
#@# Surf Volume lh Sun Jan 14 20:43:49 UTC 2018
#@# Surf Volume rh Sun Jan 14 20:43:55 UTC 2018
#@# Cortical ribbon mask Sun Jan 14 20:44:00 UTC 2018
#@# Parcellation Stats lh Sun Jan 14 21:08:06 UTC 2018
#@# Parcellation Stats rh Sun Jan 14 21:10:45 UTC 2018
#@# Cortical Parc 2 lh Sun Jan 14 21:13:26 UTC 2018
#@# Cortical Parc 2 rh Sun Jan 14 21:14:00 UTC 2018
#@# Parcellation Stats 2 lh Sun Jan 14 21:14:34 UTC 2018
#@# Parcellation Stats 2 rh Sun Jan 14 21:15:56 UTC 2018
#@# Cortical Parc 3 lh Sun Jan 14 21:17:17 UTC 2018
#@# Cortical Parc 3 rh Sun Jan 14 21:17:45 UTC 2018
#@# Parcellation Stats 3 lh Sun Jan 14 21:18:13 UTC 2018
#@# Parcellation Stats 3 rh Sun Jan 14 21:19:33 UTC 2018
#@# WM/GM Contrast lh Sun Jan 14 21:20:53 UTC 2018
#@# WM/GM Contrast rh Sun Jan 14 21:21:06 UTC 2018
#@# Relabel Hypointensities Sun Jan 14 21:21:19 UTC 2018
#@# AParc-to-ASeg aparc Sun Jan 14 21:22:06 UTC 2018
#@# AParc-to-ASeg a2009s Sun Jan 14 21:31:46 UTC 2018
#@# AParc-to-ASeg DKTatlas Sun Jan 14 21:41:26 UTC 2018
#@# APas-to-ASeg Sun Jan 14 21:51:38 UTC 2018
#@# ASeg Stats Sun Jan 14 21:51:54 UTC 2018
#@# WMParc Sun Jan 14 22:00:19 UTC 2018
#@# BA_exvivo Labels lh Sun Jan 14 22:22:54 UTC 2018
#@# BA_exvivo Labels rh Sun Jan 14 22:32:47 UTC 2018
recon-all -s 3522 finished without error at Sun Jan 14 22:42:21 UTC 2018
