Mon Jan  1 19:40:34 UTC 2018
/usr/local/freesurfer/subjects/3225
/usr/local/freesurfer/bin/recon-all
-all -i sMRI/3225.nii -subjid 3225 -sd /usr/local/freesurfer/subjects
subjid 3225
setenv SUBJECTS_DIR /usr/local/freesurfer/subjects
FREESURFER_HOME /usr/local/freesurfer
Actual FREESURFER_HOME /usr/local/freesurfer
build-stamp.txt: freesurfer-Linux-centos6_x86_64-stable-pub-v6.0.0-2beb96c
Linux ali-2 3.13.0-121-generic #170-Ubuntu SMP Wed Jun 14 09:04:33 UTC 2017 x86_64 x86_64 x86_64 GNU/Linux
cputime      unlimited
filesize     unlimited
datasize     unlimited
stacksize    8192 kbytes
coredumpsize 0 kbytes
memoryuse    unlimited
vmemoryuse   unlimited
descriptors  1024 
memorylocked 64 kbytes
maxproc      63798 
maxlocks     unlimited
maxsignal    63798 
maxmessage   819200 
maxnice      0 
maxrtprio    0 
maxrttime    unlimited

             total       used       free     shared    buffers     cached
Mem:       8176220    5493520    2682700         36      71336    4599476
-/+ buffers/cache:     822708    7353512
Swap:      4194300       8208    4186092

########################################
program versions used
$Id: recon-all,v 1.580.2.16 2017/01/18 14:11:24 zkaufman Exp $
$Id: mri_motion_correct.fsl,v 1.15 2016/02/16 17:17:20 zkaufman Exp $
mri_convert.bin -all-info 
ProgramName: mri_convert.bin  ProgramArguments: -all-info  ProgramVersion: $Name: stable6 $  TimeStamp: 2018/01/01-19:40:34-GMT  BuildTimeStamp: Jan 18 2017 16:38:58  CVS: $Id: mri_convert.c,v 1.226 2016/02/26 16:15:24 mreuter Exp $  User: ubuntu  Machine: ali-2  Platform: Linux  PlatformVersion: 3.13.0-121-generic  CompilerName: GCC  CompilerVersion: 40400 
FLIRT version 5.5
$Id: talairach_avi,v 1.13 2015/12/23 04:25:17 greve Exp $
mri_convert.bin --version 
stable6
ProgramName: tkregister2_cmdl  ProgramArguments: --all-info  ProgramVersion: $Name: stable6 $  TimeStamp: 2018/01/01-19:40:34-GMT  BuildTimeStamp: Jan 18 2017 16:38:58  CVS: $Id: tkregister2.c,v 1.132.2.1 2016/08/02 21:17:29 greve Exp $  User: ubuntu  Machine: ali-2  Platform: Linux  PlatformVersion: 3.13.0-121-generic  CompilerName: GCC  CompilerVersion: 40400 
Program nu_correct, built from:
Package MNI N3, version 1.12.0, compiled by nicks@terrier (x86_64-unknown-linux-gnu) on 2015-06-19 at 01:25:34
ProgramName: mri_make_uchar  ProgramArguments: -all-info  ProgramVersion: $Name: stable6 $  TimeStamp: 2018/01/01-19:40:34-GMT  BuildTimeStamp: Jan 18 2017 16:38:58  CVS: $Id: mri_make_uchar.c,v 1.4 2011/03/02 00:04:14 nicks Exp $  User: ubuntu  Machine: ali-2  Platform: Linux  PlatformVersion: 3.13.0-121-generic  CompilerName: GCC  CompilerVersion: 40400 
ProgramName: mri_normalize  ProgramArguments: -all-info  ProgramVersion: $Name:  $  TimeStamp: 2018/01/01-19:40:34-GMT  BuildTimeStamp: Jan 18 2017 16:38:58  CVS: $Id: mri_normalize.c,v 1.88.2.3 2016/12/27 16:47:13 zkaufman Exp $  User: ubuntu  Machine: ali-2  Platform: Linux  PlatformVersion: 3.13.0-121-generic  CompilerName: GCC  CompilerVersion: 40400 
ProgramName: mri_watershed  ProgramArguments: -all-info  ProgramVersion: $Name: stable6 $  TimeStamp: 2018/01/01-19:40:34-GMT  BuildTimeStamp: Jan 18 2017 16:38:58  CVS: $Id: mri_watershed.cpp,v 1.103 2016/06/17 18:00:49 zkaufman Exp $  User: ubuntu  Machine: ali-2  Platform: Linux  PlatformVersion: 3.13.0-121-generic  CompilerName: GCC  CompilerVersion: 40400 
ProgramName: mri_gcut  ProgramArguments: -all-info  ProgramVersion: $Name: stable6 $  TimeStamp: 2018/01/01-19:40:34-GMT  BuildTimeStamp: Jan 18 2017 16:38:58  CVS: $Id: mri_gcut.cpp,v 1.14 2011/03/02 00:04:16 nicks Exp $  User: ubuntu  Machine: ali-2  Platform: Linux  PlatformVersion: 3.13.0-121-generic  CompilerName: GCC  CompilerVersion: 40400 
ProgramName: mri_segment  ProgramArguments: -all-info  ProgramVersion: $Name:  $  TimeStamp: 2018/01/01-19:40:34-GMT  BuildTimeStamp: Jan 18 2017 16:38:58  CVS: $Id: mri_segment.c,v 1.43.2.1 2016/10/27 22:24:52 zkaufman Exp $  User: ubuntu  Machine: ali-2  Platform: Linux  PlatformVersion: 3.13.0-121-generic  CompilerName: GCC  CompilerVersion: 40400 
ProgramName: mri_label2label.bin  ProgramArguments: -all-info  ProgramVersion: $Name:  $  TimeStamp: 2018/01/01-19:40:35-GMT  BuildTimeStamp: Jan 18 2017 16:38:58  CVS: $Id: mri_label2label.c,v 1.48.2.2 2016/12/12 14:15:26 zkaufman Exp $  User: ubuntu  Machine: ali-2  Platform: Linux  PlatformVersion: 3.13.0-121-generic  CompilerName: GCC  CompilerVersion: 40400 
ProgramName: mri_em_register  ProgramArguments: -all-info  ProgramVersion: $Name:  $  TimeStamp: 2018/01/01-19:40:35-GMT  BuildTimeStamp: Jan 18 2017 16:38:58  CVS: $Id: mri_em_register.c,v 1.105.2.1 2016/10/27 22:25:10 zkaufman Exp $  User: ubuntu  Machine: ali-2  Platform: Linux  PlatformVersion: 3.13.0-121-generic  CompilerName: GCC  CompilerVersion: 40400 
ProgramName: mri_ca_normalize  ProgramArguments: -all-info  ProgramVersion: $Name:  $  TimeStamp: 2018/01/01-19:40:35-GMT  BuildTimeStamp: Jan 18 2017 16:38:58  CVS: $Id: mri_ca_normalize.c,v 1.67.2.2 2016/10/27 22:25:09 zkaufman Exp $  User: ubuntu  Machine: ali-2  Platform: Linux  PlatformVersion: 3.13.0-121-generic  CompilerName: GCC  CompilerVersion: 40400 
ProgramName: mri_ca_register  ProgramArguments: -all-info  ProgramVersion: $Name:  $  TimeStamp: 2018/01/01-19:40:35-GMT  BuildTimeStamp: Jan 18 2017 16:38:58  CVS: $Id: mri_ca_register.c,v 1.96.2.3 2016/10/27 22:25:10 zkaufman Exp $  User: ubuntu  Machine: ali-2  Platform: Linux  PlatformVersion: 3.13.0-121-generic  CompilerName: GCC  CompilerVersion: 40400 
ProgramName: mri_ca_label  ProgramArguments: -all-info  ProgramVersion: $Name:  $  TimeStamp: 2018/01/01-19:40:35-GMT  BuildTimeStamp: Jan 18 2017 16:38:58  CVS: $Id: mri_ca_label.c,v 1.113.2.2 2016/10/27 22:25:10 zkaufman Exp $  User: ubuntu  Machine: ali-2  Platform: Linux  PlatformVersion: 3.13.0-121-generic  CompilerName: GCC  CompilerVersion: 40400 
ProgramName: mri_pretess  ProgramArguments: -all-info  ProgramVersion: $Name: stable6 $  TimeStamp: 2018/01/01-19:40:35-GMT  BuildTimeStamp: Jan 18 2017 16:38:58  CVS: $Id: mri_pretess.c,v 1.22 2013/08/30 18:12:25 mreuter Exp $  User: ubuntu  Machine: ali-2  Platform: Linux  PlatformVersion: 3.13.0-121-generic  CompilerName: GCC  CompilerVersion: 40400 
ProgramName: mri_fill  ProgramArguments: -all-info  ProgramVersion: $Name: stable6 $  TimeStamp: 2018/01/01-19:40:35-GMT  BuildTimeStamp: Jan 18 2017 16:38:58  CVS: $Id: mri_fill.c,v 1.119 2011/10/25 14:09:58 fischl Exp $  User: ubuntu  Machine: ali-2  Platform: Linux  PlatformVersion: 3.13.0-121-generic  CompilerName: GCC  CompilerVersion: 40400 
ProgramName: mri_tessellate  ProgramArguments: -all-info  ProgramVersion: $Name:  $  TimeStamp: 2018/01/01-19:40:35-GMT  BuildTimeStamp: Jan 18 2017 16:38:58  CVS: $Id: mri_tessellate.c,v 1.38.2.1 2016/07/26 18:46:38 zkaufman Exp $  User: ubuntu  Machine: ali-2  Platform: Linux  PlatformVersion: 3.13.0-121-generic  CompilerName: GCC  CompilerVersion: 40400 
ProgramName: mri_concatenate_lta.bin  ProgramArguments: -all-info  ProgramVersion: $Name: stable6 $  TimeStamp: 2018/01/01-19:40:35-GMT  BuildTimeStamp: Jan 18 2017 16:38:58  CVS: $Id: mri_concatenate_lta.c,v 1.16 2015/11/21 00:06:20 greve Exp $  User: ubuntu  Machine: ali-2  Platform: Linux  PlatformVersion: 3.13.0-121-generic  CompilerName: GCC  CompilerVersion: 40400 
ProgramName: mri_normalize_tp2  ProgramArguments: -all-info  ProgramVersion: $Name: stable6 $  TimeStamp: 2018/01/01-19:40:35-GMT  BuildTimeStamp: Jan 18 2017 16:38:58  CVS: $Id: mri_normalize_tp2.c,v 1.8 2011/03/02 00:04:23 nicks Exp $  User: ubuntu  Machine: ali-2  Platform: Linux  PlatformVersion: 3.13.0-121-generic  CompilerName: GCC  CompilerVersion: 40400 
ProgramName: mris_smooth  ProgramArguments: -all-info  ProgramVersion: $Name: stable6 $  TimeStamp: 2018/01/01-19:40:35-GMT  BuildTimeStamp: Jan 18 2017 16:38:58  CVS: $Id: mris_smooth.c,v 1.30 2014/01/21 18:48:21 fischl Exp $  User: ubuntu  Machine: ali-2  Platform: Linux  PlatformVersion: 3.13.0-121-generic  CompilerName: GCC  CompilerVersion: 40400 
ProgramName: mris_inflate  ProgramArguments: -all-info  ProgramVersion: $Name: stable6 $  TimeStamp: 2018/01/01-19:40:35-GMT  BuildTimeStamp: Jan 18 2017 16:38:58  CVS: $Id: mris_inflate.c,v 1.45 2016/01/20 23:42:15 greve Exp $  User: ubuntu  Machine: ali-2  Platform: Linux  PlatformVersion: 3.13.0-121-generic  CompilerName: GCC  CompilerVersion: 40400 
ProgramName: mris_curvature  ProgramArguments: -all-info  ProgramVersion: $Name: stable6 $  TimeStamp: 2018/01/01-19:40:35-GMT  BuildTimeStamp: Jan 18 2017 16:38:58  CVS: $Id: mris_curvature.c,v 1.31 2011/03/02 00:04:30 nicks Exp $  User: ubuntu  Machine: ali-2  Platform: Linux  PlatformVersion: 3.13.0-121-generic  CompilerName: GCC  CompilerVersion: 40400 
ProgramName: mris_sphere  ProgramArguments: -all-info  ProgramVersion: $Name: stable6 $  TimeStamp: 2018/01/01-19:40:35-GMT  BuildTimeStamp: Jan 18 2017 16:38:58  CVS: $Id: mris_sphere.c,v 1.61 2016/01/20 23:42:15 greve Exp $  User: ubuntu  Machine: ali-2  Platform: Linux  PlatformVersion: 3.13.0-121-generic  CompilerName: GCC  CompilerVersion: 40400 
ProgramName: mris_fix_topology  ProgramArguments: -all-info  ProgramVersion: $Name:  $  TimeStamp: 2018/01/01-19:40:35-GMT  BuildTimeStamp: Jan 18 2017 16:38:58  CVS: $Id: mris_fix_topology.c,v 1.50.2.1 2016/10/27 22:25:58 zkaufman Exp $  User: ubuntu  Machine: ali-2  Platform: Linux  PlatformVersion: 3.13.0-121-generic  CompilerName: GCC  CompilerVersion: 40400 
ProgramName: mris_topo_fixer  ProgramArguments: -all-info  ProgramVersion: $Name: stable6 $  TimeStamp: 2018/01/01-19:40:35-GMT  BuildTimeStamp: Jan 18 2017 16:38:58  CVS: $Id: mris_topo_fixer.cpp,v 1.29 2011/03/02 00:04:34 nicks Exp $  User: ubuntu  Machine: ali-2  Platform: Linux  PlatformVersion: 3.13.0-121-generic  CompilerName: GCC  CompilerVersion: 40400 
ProgramName: mris_ca_label  ProgramArguments: -all-info  ProgramVersion: $Name: stable6 $  TimeStamp: 2018/01/01-19:40:35-GMT  BuildTimeStamp: Jan 18 2017 16:38:58  CVS: $Id: mris_ca_label.c,v 1.37 2014/02/04 17:46:42 fischl Exp $  User: ubuntu  Machine: ali-2  Platform: Linux  PlatformVersion: 3.13.0-121-generic  CompilerName: GCC  CompilerVersion: 40400 
ProgramName: mris_euler_number  ProgramArguments: -all-info  ProgramVersion: $Name: stable6 $  TimeStamp: 2018/01/01-19:40:35-GMT  BuildTimeStamp: Jan 18 2017 16:38:58  CVS: $Id: mris_euler_number.c,v 1.10 2013/01/14 22:39:14 greve Exp $  User: ubuntu  Machine: ali-2  Platform: Linux  PlatformVersion: 3.13.0-121-generic  CompilerName: GCC  CompilerVersion: 40400 
ProgramName: mris_make_surfaces  ProgramArguments: -all-info  ProgramVersion: $Name:  $  TimeStamp: 2018/01/01-19:40:35-GMT  BuildTimeStamp: Jan 18 2017 16:38:58  CVS: $Id: mris_make_surfaces.c,v 1.164.2.4 2016/12/13 22:26:32 zkaufman Exp $  User: ubuntu  Machine: ali-2  Platform: Linux  PlatformVersion: 3.13.0-121-generic  CompilerName: GCC  CompilerVersion: 40400 
ProgramName: mris_register  ProgramArguments: -all-info  ProgramVersion: $Name: stable6 $  TimeStamp: 2018/01/01-19:40:35-GMT  BuildTimeStamp: Jan 18 2017 16:38:58  CVS: $Id: mris_register.c,v 1.63 2016/01/20 23:43:04 greve Exp $  User: ubuntu  Machine: ali-2  Platform: Linux  PlatformVersion: 3.13.0-121-generic  CompilerName: GCC  CompilerVersion: 40400 
ProgramName: mris_volmask  ProgramArguments: --all-info  ProgramVersion: $Name:  $  TimeStamp: 2018/01/01-19:40:35-GMT  BuildTimeStamp: Jan 18 2017 16:38:58  CVS: $Id: mris_volmask.cpp,v 1.26.2.2 2016/11/18 20:05:18 zkaufman Exp $  User: ubuntu  Machine: ali-2  Platform: Linux  PlatformVersion: 3.13.0-121-generic  CompilerName: GCC  CompilerVersion: 40400 
ProgramName: mris_anatomical_stats  ProgramArguments: -all-info  ProgramVersion: $Name: stable6 $  TimeStamp: 2018/01/01-19:40:35-GMT  BuildTimeStamp: Jan 18 2017 16:38:58  CVS: $Id: mris_anatomical_stats.c,v 1.79 2016/03/14 15:15:34 greve Exp $  User: ubuntu  Machine: ali-2  Platform: Linux  PlatformVersion: 3.13.0-121-generic  CompilerName: GCC  CompilerVersion: 40400 
ProgramName: mrisp_paint  ProgramArguments: -all-info  ProgramVersion: $Name: stable6 $  TimeStamp: 2018/01/01-19:40:35-GMT  BuildTimeStamp: Jan 18 2017 16:38:58  CVS: $Id: mrisp_paint.c,v 1.12 2016/03/22 14:47:57 fischl Exp $  User: ubuntu  Machine: ali-2  Platform: Linux  PlatformVersion: 3.13.0-121-generic  CompilerName: GCC  CompilerVersion: 40400 
ProgramName: mris_curvature_stats  ProgramArguments: -all-info  ProgramVersion: $Name: stable6 $  TimeStamp: 2018/01/01-19:40:35-GMT  BuildTimeStamp: Jan 18 2017 16:38:58  CVS: $Id: mris_curvature_stats.c,v 1.65 2015/06/04 20:50:51 nicks Exp $  User: ubuntu  Machine: ali-2  Platform: Linux  PlatformVersion: 3.13.0-121-generic  CompilerName: GCC  CompilerVersion: 40400 
ProgramName: mris_calc  ProgramArguments: -all-info  ProgramVersion: $Name: stable6 $  TimeStamp: 2018/01/01-19:40:35-GMT  BuildTimeStamp: Jan 18 2017 16:38:58  CVS: $Id: mris_calc.c,v 1.54.2.1 2016/09/27 18:51:28 greve Exp $  User: ubuntu  Machine: ali-2  Platform: Linux  PlatformVersion: 3.13.0-121-generic  CompilerName: GCC  CompilerVersion: 40400 
$Id: mri_robust_register.cpp,v 1.77 2016/01/20 23:36:17 greve Exp $

ProgramName: mri_robust_register.bin  ProgramArguments: -all-info  ProgramVersion: $Name: stable6 $  TimeStamp: 2018/01/01-19:40:35-GMT  BuildTimeStamp: Jan 18 2017 16:38:58  CVS: $Id: mri_robust_register.cpp,v 1.77 2016/01/20 23:36:17 greve Exp $  User: ubuntu  Machine: ali-2  Platform: Linux  PlatformVersion: 3.13.0-121-generic  CompilerName: GCC  CompilerVersion: 40400 
$Id: mri_robust_template.cpp,v 1.54 2016/05/05 21:17:08 mreuter Exp $

ProgramName: mri_robust_template  ProgramArguments: -all-info  ProgramVersion: $Name: stable6 $  TimeStamp: 2018/01/01-19:40:35-GMT  BuildTimeStamp: Jan 18 2017 16:38:58  CVS: $Id: mri_robust_template.cpp,v 1.54 2016/05/05 21:17:08 mreuter Exp $  User: ubuntu  Machine: ali-2  Platform: Linux  PlatformVersion: 3.13.0-121-generic  CompilerName: GCC  CompilerVersion: 40400 
ProgramName: mri_and  ProgramArguments: -all-info  ProgramVersion: $Name: stable6 $  TimeStamp: 2018/01/01-19:40:35-GMT  BuildTimeStamp: Jan 18 2017 16:38:58  CVS: $Id: mri_and.c,v 1.4 2011/03/02 00:04:13 nicks Exp $  User: ubuntu  Machine: ali-2  Platform: Linux  PlatformVersion: 3.13.0-121-generic  CompilerName: GCC  CompilerVersion: 40400 
ProgramName: mri_or  ProgramArguments: -all-info  ProgramVersion: $Name: stable6 $  TimeStamp: 2018/01/01-19:40:35-GMT  BuildTimeStamp: Jan 18 2017 16:38:58  CVS: $Id: mri_or.c,v 1.5 2013/03/20 15:03:29 lzollei Exp $  User: ubuntu  Machine: ali-2  Platform: Linux  PlatformVersion: 3.13.0-121-generic  CompilerName: GCC  CompilerVersion: 40400 
ProgramName: mri_fuse_segmentations  ProgramArguments: -all-info  ProgramVersion: $Name: stable6 $  TimeStamp: 2018/01/01-19:40:35-GMT  BuildTimeStamp: Jan 18 2017 16:38:58  CVS: $Id: mri_fuse_segmentations.c,v 1.8 2011/03/02 00:04:15 nicks Exp $  User: ubuntu  Machine: ali-2  Platform: Linux  PlatformVersion: 3.13.0-121-generic  CompilerName: GCC  CompilerVersion: 40400 
ProgramName: mri_segstats  ProgramArguments: -all-info  ProgramVersion: $Name: stable6 $  TimeStamp: 2018/01/01-19:40:35-GMT  BuildTimeStamp: Jan 18 2017 16:38:58  CVS: $Id: mri_segstats.c,v 1.121 2016/05/31 17:27:11 greve Exp $  User: ubuntu  Machine: ali-2  Platform: Linux  PlatformVersion: 3.13.0-121-generic  CompilerName: GCC  CompilerVersion: 40400 
ProgramName: mri_relabel_hypointensities  ProgramArguments: -all-info  ProgramVersion: $Name: stable6 $  TimeStamp: 2018/01/01-19:40:35-GMT  BuildTimeStamp: Jan 18 2017 16:38:58  CVS: $Id: mri_relabel_hypointensities.c,v 1.13 2015/05/15 18:44:10 nicks Exp $  User: ubuntu  Machine: ali-2  Platform: Linux  PlatformVersion: 3.13.0-121-generic  CompilerName: GCC  CompilerVersion: 40400 
#######################################
GCADIR /usr/local/freesurfer/average
GCA RB_all_2016-05-10.vc700.gca
GCASkull RB_all_withskull_2016-05-10.vc700.gca
AvgCurvTif folding.atlas.acfb40.noaparc.i12.2016-08-02.tif
GCSDIR /usr/local/freesurfer/average
GCS DKaparc.atlas.acfb40.noaparc.i12.2016-08-02.gcs
#######################################
/usr/local/freesurfer/subjects/3225

 mri_convert /home/ubuntu/sMRI/3225.nii /usr/local/freesurfer/subjects/3225/mri/orig/001.mgz 

mri_convert.bin /home/ubuntu/sMRI/3225.nii /usr/local/freesurfer/subjects/3225/mri/orig/001.mgz 
INFO: using NIfTI-1 qform 
$Id: mri_convert.c,v 1.226 2016/02/26 16:15:24 mreuter Exp $
reading from /home/ubuntu/sMRI/3225.nii...
TR=0.00, TE=0.00, TI=0.00, flip angle=0.00
i_ras = (1, 0, 0)
j_ras = (0, 1, 0)
k_ras = (0, 0, 1)
writing to /usr/local/freesurfer/subjects/3225/mri/orig/001.mgz...
#--------------------------------------------
#@# MotionCor Mon Jan  1 19:40:56 UTC 2018
Found 1 runs
/usr/local/freesurfer/subjects/3225/mri/orig/001.mgz
Checking for (invalid) multi-frame inputs...
WARNING: only one run found. This is OK, but motion
correction cannot be performed on one run, so I'll
copy the run to rawavg and continue.

 cp /usr/local/freesurfer/subjects/3225/mri/orig/001.mgz /usr/local/freesurfer/subjects/3225/mri/rawavg.mgz 

/usr/local/freesurfer/subjects/3225

 mri_convert /usr/local/freesurfer/subjects/3225/mri/rawavg.mgz /usr/local/freesurfer/subjects/3225/mri/orig.mgz --conform 

mri_convert.bin /usr/local/freesurfer/subjects/3225/mri/rawavg.mgz /usr/local/freesurfer/subjects/3225/mri/orig.mgz --conform 
$Id: mri_convert.c,v 1.226 2016/02/26 16:15:24 mreuter Exp $
reading from /usr/local/freesurfer/subjects/3225/mri/rawavg.mgz...
TR=0.00, TE=0.00, TI=0.00, flip angle=0.00
i_ras = (1, 0, 0)
j_ras = (0, 1, 0)
k_ras = (0, 0, 1)
changing data type from short to uchar (noscale = 0)...
MRIchangeType: Building histogram 
Reslicing using trilinear interpolation 
writing to /usr/local/freesurfer/subjects/3225/mri/orig.mgz...

 mri_add_xform_to_header -c /usr/local/freesurfer/subjects/3225/mri/transforms/talairach.xfm /usr/local/freesurfer/subjects/3225/mri/orig.mgz /usr/local/freesurfer/subjects/3225/mri/orig.mgz 

INFO: extension is mgz
#--------------------------------------------
#@# Talairach Mon Jan  1 19:41:29 UTC 2018
/usr/local/freesurfer/subjects/3225/mri

 mri_nu_correct.mni --no-rescale --i orig.mgz --o orig_nu.mgz --n 1 --proto-iters 1000 --distance 50 

/usr/local/freesurfer/subjects/3225/mri
/usr/local/freesurfer/bin/mri_nu_correct.mni
--no-rescale --i orig.mgz --o orig_nu.mgz --n 1 --proto-iters 1000 --distance 50
nIters 1
$Id: mri_nu_correct.mni,v 1.27 2016/02/26 16:19:49 mreuter Exp $
Linux ali-2 3.13.0-121-generic #170-Ubuntu SMP Wed Jun 14 09:04:33 UTC 2017 x86_64 x86_64 x86_64 GNU/Linux
Mon Jan  1 19:41:29 UTC 2018
perl: warning: Setting locale failed.
perl: warning: Please check that your locale settings:
	LANGUAGE = (unset),
	LC_ALL = (unset),
	LC_TIME = "en_CA.UTF-8",
	LC_MONETARY = "en_CA.UTF-8",
	LC_ADDRESS = "en_CA.UTF-8",
	LC_TELEPHONE = "en_CA.UTF-8",
	LC_NAME = "en_CA.UTF-8",
	LC_MEASUREMENT = "en_CA.UTF-8",
	LC_IDENTIFICATION = "en_CA.UTF-8",
	LC_NUMERIC = "en_CA.UTF-8",
	LC_PAPER = "en_CA.UTF-8",
	LANG = "C"
    are supported and installed on your system.
perl: warning: Falling back to the standard locale ("C").
Program nu_correct, built from:
Package MNI N3, version 1.12.0, compiled by nicks@terrier (x86_64-unknown-linux-gnu) on 2015-06-19 at 01:25:34
/usr/bin/bc
tmpdir is ./tmp.mri_nu_correct.mni.13636
/usr/local/freesurfer/subjects/3225/mri
mri_convert orig.mgz ./tmp.mri_nu_correct.mni.13636/nu0.mnc -odt float
mri_convert.bin orig.mgz ./tmp.mri_nu_correct.mni.13636/nu0.mnc -odt float 
$Id: mri_convert.c,v 1.226 2016/02/26 16:15:24 mreuter Exp $
reading from orig.mgz...
TR=0.00, TE=0.00, TI=0.00, flip angle=0.00
i_ras = (-1, 0, 0)
j_ras = (0, 0, -1)
k_ras = (0, 1, 0)
changing data type from uchar to float (noscale = 0)...
writing to ./tmp.mri_nu_correct.mni.13636/nu0.mnc...
 
--------------------------------------------------------
Iteration 1 Mon Jan  1 19:41:36 UTC 2018
nu_correct -clobber ./tmp.mri_nu_correct.mni.13636/nu0.mnc ./tmp.mri_nu_correct.mni.13636/nu1.mnc -tmpdir ./tmp.mri_nu_correct.mni.13636/0/ -iterations 1000 -distance 50
perl: warning: Setting locale failed.
perl: warning: Please check that your locale settings:
	LANGUAGE = (unset),
	LC_ALL = (unset),
	LC_TIME = "en_CA.UTF-8",
	LC_MONETARY = "en_CA.UTF-8",
	LC_ADDRESS = "en_CA.UTF-8",
	LC_TELEPHONE = "en_CA.UTF-8",
	LC_NAME = "en_CA.UTF-8",
	LC_MEASUREMENT = "en_CA.UTF-8",
	LC_IDENTIFICATION = "en_CA.UTF-8",
	LC_NUMERIC = "en_CA.UTF-8",
	LC_PAPER = "en_CA.UTF-8",
	LANG = "C"
    are supported and installed on your system.
perl: warning: Falling back to the standard locale ("C").
perl: warning: Setting locale failed.
perl: warning: Please check that your locale settings:
	LANGUAGE = (unset),
	LC_ALL = (unset),
	LC_TIME = "en_CA.UTF-8",
	LC_MONETARY = "en_CA.UTF-8",
	LC_ADDRESS = "en_CA.UTF-8",
	LC_TELEPHONE = "en_CA.UTF-8",
	LC_NAME = "en_CA.UTF-8",
	LC_MEASUREMENT = "en_CA.UTF-8",
	LC_IDENTIFICATION = "en_CA.UTF-8",
	LC_NUMERIC = "en_CA.UTF-8",
	LC_PAPER = "en_CA.UTF-8",
	LANG = "C"
    are supported and installed on your system.
perl: warning: Falling back to the standard locale ("C").
[ubuntu@ali-2:/usr/local/freesurfer/subjects/3225/mri/] [2018-01-01 19:41:36] running:
  /usr/local/freesurfer/mni/bin/nu_estimate_np_and_em -parzen -log -sharpen 0.15 0.01 -iterations 1000 -stop 0.001 -shrink 4 -auto_mask -nonotify -b_spline 1.0e-7 -distance 50 -quiet -execute -clobber -nokeeptmp -tmpdir ./tmp.mri_nu_correct.mni.13636/0/ ./tmp.mri_nu_correct.mni.13636/nu0.mnc ./tmp.mri_nu_correct.mni.13636/nu1.imp

perl: warning: Setting locale failed.
perl: warning: Please check that your locale settings:
	LANGUAGE = (unset),
	LC_ALL = (unset),
	LC_TIME = "en_CA.UTF-8",
	LC_MONETARY = "en_CA.UTF-8",
	LC_ADDRESS = "en_CA.UTF-8",
	LC_TELEPHONE = "en_CA.UTF-8",
	LC_NAME = "en_CA.UTF-8",
	LC_MEASUREMENT = "en_CA.UTF-8",
	LC_IDENTIFICATION = "en_CA.UTF-8",
	LC_NUMERIC = "en_CA.UTF-8",
	LC_PAPER = "en_CA.UTF-8",
	LANG = "C"
    are supported and installed on your system.
perl: warning: Falling back to the standard locale ("C").
Processing:.................................................................Done
perl: warning: Setting locale failed.
perl: warning: Please check that your locale settings:
	LANGUAGE = (unset),
	LC_ALL = (unset),
	LC_TIME = "en_CA.UTF-8",
	LC_MONETARY = "en_CA.UTF-8",
	LC_ADDRESS = "en_CA.UTF-8",
	LC_TELEPHONE = "en_CA.UTF-8",
	LC_NAME = "en_CA.UTF-8",
	LC_MEASUREMENT = "en_CA.UTF-8",
	LC_IDENTIFICATION = "en_CA.UTF-8",
	LC_NUMERIC = "en_CA.UTF-8",
	LC_PAPER = "en_CA.UTF-8",
	LANG = "C"
    are supported and installed on your system.
perl: warning: Falling back to the standard locale ("C").
Processing:.................................................................Done
perl: warning: Setting locale failed.
perl: warning: Please check that your locale settings:
	LANGUAGE = (unset),
	LC_ALL = (unset),
	LC_TIME = "en_CA.UTF-8",
	LC_MONETARY = "en_CA.UTF-8",
	LC_ADDRESS = "en_CA.UTF-8",
	LC_TELEPHONE = "en_CA.UTF-8",
	LC_NAME = "en_CA.UTF-8",
	LC_MEASUREMENT = "en_CA.UTF-8",
	LC_IDENTIFICATION = "en_CA.UTF-8",
	LC_NUMERIC = "en_CA.UTF-8",
	LC_PAPER = "en_CA.UTF-8",
	LANG = "C"
    are supported and installed on your system.
perl: warning: Falling back to the standard locale ("C").
Processing:.................................................................Done
perl: warning: Setting locale failed.
perl: warning: Please check that your locale settings:
	LANGUAGE = (unset),
	LC_ALL = (unset),
	LC_TIME = "en_CA.UTF-8",
	LC_MONETARY = "en_CA.UTF-8",
	LC_ADDRESS = "en_CA.UTF-8",
	LC_TELEPHONE = "en_CA.UTF-8",
	LC_NAME = "en_CA.UTF-8",
	LC_MEASUREMENT = "en_CA.UTF-8",
	LC_IDENTIFICATION = "en_CA.UTF-8",
	LC_NUMERIC = "en_CA.UTF-8",
	LC_PAPER = "en_CA.UTF-8",
	LANG = "C"
    are supported and installed on your system.
perl: warning: Falling back to the standard locale ("C").
Processing:.................................................................Done
perl: warning: Setting locale failed.
perl: warning: Please check that your locale settings:
	LANGUAGE = (unset),
	LC_ALL = (unset),
	LC_TIME = "en_CA.UTF-8",
	LC_MONETARY = "en_CA.UTF-8",
	LC_ADDRESS = "en_CA.UTF-8",
	LC_TELEPHONE = "en_CA.UTF-8",
	LC_NAME = "en_CA.UTF-8",
	LC_MEASUREMENT = "en_CA.UTF-8",
	LC_IDENTIFICATION = "en_CA.UTF-8",
	LC_NUMERIC = "en_CA.UTF-8",
	LC_PAPER = "en_CA.UTF-8",
	LANG = "C"
    are supported and installed on your system.
perl: warning: Falling back to the standard locale ("C").
Processing:.................................................................Done
perl: warning: Setting locale failed.
perl: warning: Please check that your locale settings:
	LANGUAGE = (unset),
	LC_ALL = (unset),
	LC_TIME = "en_CA.UTF-8",
	LC_MONETARY = "en_CA.UTF-8",
	LC_ADDRESS = "en_CA.UTF-8",
	LC_TELEPHONE = "en_CA.UTF-8",
	LC_NAME = "en_CA.UTF-8",
	LC_MEASUREMENT = "en_CA.UTF-8",
	LC_IDENTIFICATION = "en_CA.UTF-8",
	LC_NUMERIC = "en_CA.UTF-8",
	LC_PAPER = "en_CA.UTF-8",
	LANG = "C"
    are supported and installed on your system.
perl: warning: Falling back to the standard locale ("C").
Processing:.................................................................Done
perl: warning: Setting locale failed.
perl: warning: Please check that your locale settings:
	LANGUAGE = (unset),
	LC_ALL = (unset),
	LC_TIME = "en_CA.UTF-8",
	LC_MONETARY = "en_CA.UTF-8",
	LC_ADDRESS = "en_CA.UTF-8",
	LC_TELEPHONE = "en_CA.UTF-8",
	LC_NAME = "en_CA.UTF-8",
	LC_MEASUREMENT = "en_CA.UTF-8",
	LC_IDENTIFICATION = "en_CA.UTF-8",
	LC_NUMERIC = "en_CA.UTF-8",
	LC_PAPER = "en_CA.UTF-8",
	LANG = "C"
    are supported and installed on your system.
perl: warning: Falling back to the standard locale ("C").
Processing:.................................................................Done
perl: warning: Setting locale failed.
perl: warning: Please check that your locale settings:
	LANGUAGE = (unset),
	LC_ALL = (unset),
	LC_TIME = "en_CA.UTF-8",
	LC_MONETARY = "en_CA.UTF-8",
	LC_ADDRESS = "en_CA.UTF-8",
	LC_TELEPHONE = "en_CA.UTF-8",
	LC_NAME = "en_CA.UTF-8",
	LC_MEASUREMENT = "en_CA.UTF-8",
	LC_IDENTIFICATION = "en_CA.UTF-8",
	LC_NUMERIC = "en_CA.UTF-8",
	LC_PAPER = "en_CA.UTF-8",
	LANG = "C"
    are supported and installed on your system.
perl: warning: Falling back to the standard locale ("C").
Processing:.................................................................Done
perl: warning: Setting locale failed.
perl: warning: Please check that your locale settings:
	LANGUAGE = (unset),
	LC_ALL = (unset),
	LC_TIME = "en_CA.UTF-8",
	LC_MONETARY = "en_CA.UTF-8",
	LC_ADDRESS = "en_CA.UTF-8",
	LC_TELEPHONE = "en_CA.UTF-8",
	LC_NAME = "en_CA.UTF-8",
	LC_MEASUREMENT = "en_CA.UTF-8",
	LC_IDENTIFICATION = "en_CA.UTF-8",
	LC_NUMERIC = "en_CA.UTF-8",
	LC_PAPER = "en_CA.UTF-8",
	LANG = "C"
    are supported and installed on your system.
perl: warning: Falling back to the standard locale ("C").
Processing:.................................................................Done
perl: warning: Setting locale failed.
perl: warning: Please check that your locale settings:
	LANGUAGE = (unset),
	LC_ALL = (unset),
	LC_TIME = "en_CA.UTF-8",
	LC_MONETARY = "en_CA.UTF-8",
	LC_ADDRESS = "en_CA.UTF-8",
	LC_TELEPHONE = "en_CA.UTF-8",
	LC_NAME = "en_CA.UTF-8",
	LC_MEASUREMENT = "en_CA.UTF-8",
	LC_IDENTIFICATION = "en_CA.UTF-8",
	LC_NUMERIC = "en_CA.UTF-8",
	LC_PAPER = "en_CA.UTF-8",
	LANG = "C"
    are supported and installed on your system.
perl: warning: Falling back to the standard locale ("C").
Processing:.................................................................Done
perl: warning: Setting locale failed.
perl: warning: Please check that your locale settings:
	LANGUAGE = (unset),
	LC_ALL = (unset),
	LC_TIME = "en_CA.UTF-8",
	LC_MONETARY = "en_CA.UTF-8",
	LC_ADDRESS = "en_CA.UTF-8",
	LC_TELEPHONE = "en_CA.UTF-8",
	LC_NAME = "en_CA.UTF-8",
	LC_MEASUREMENT = "en_CA.UTF-8",
	LC_IDENTIFICATION = "en_CA.UTF-8",
	LC_NUMERIC = "en_CA.UTF-8",
	LC_PAPER = "en_CA.UTF-8",
	LANG = "C"
    are supported and installed on your system.
perl: warning: Falling back to the standard locale ("C").
Processing:.................................................................Done
perl: warning: Setting locale failed.
perl: warning: Please check that your locale settings:
	LANGUAGE = (unset),
	LC_ALL = (unset),
	LC_TIME = "en_CA.UTF-8",
	LC_MONETARY = "en_CA.UTF-8",
	LC_ADDRESS = "en_CA.UTF-8",
	LC_TELEPHONE = "en_CA.UTF-8",
	LC_NAME = "en_CA.UTF-8",
	LC_MEASUREMENT = "en_CA.UTF-8",
	LC_IDENTIFICATION = "en_CA.UTF-8",
	LC_NUMERIC = "en_CA.UTF-8",
	LC_PAPER = "en_CA.UTF-8",
	LANG = "C"
    are supported and installed on your system.
perl: warning: Falling back to the standard locale ("C").
Processing:.................................................................Done
perl: warning: Setting locale failed.
perl: warning: Please check that your locale settings:
	LANGUAGE = (unset),
	LC_ALL = (unset),
	LC_TIME = "en_CA.UTF-8",
	LC_MONETARY = "en_CA.UTF-8",
	LC_ADDRESS = "en_CA.UTF-8",
	LC_TELEPHONE = "en_CA.UTF-8",
	LC_NAME = "en_CA.UTF-8",
	LC_MEASUREMENT = "en_CA.UTF-8",
	LC_IDENTIFICATION = "en_CA.UTF-8",
	LC_NUMERIC = "en_CA.UTF-8",
	LC_PAPER = "en_CA.UTF-8",
	LANG = "C"
    are supported and installed on your system.
perl: warning: Falling back to the standard locale ("C").
Processing:.................................................................Done
perl: warning: Setting locale failed.
perl: warning: Please check that your locale settings:
	LANGUAGE = (unset),
	LC_ALL = (unset),
	LC_TIME = "en_CA.UTF-8",
	LC_MONETARY = "en_CA.UTF-8",
	LC_ADDRESS = "en_CA.UTF-8",
	LC_TELEPHONE = "en_CA.UTF-8",
	LC_NAME = "en_CA.UTF-8",
	LC_MEASUREMENT = "en_CA.UTF-8",
	LC_IDENTIFICATION = "en_CA.UTF-8",
	LC_NUMERIC = "en_CA.UTF-8",
	LC_PAPER = "en_CA.UTF-8",
	LANG = "C"
    are supported and installed on your system.
perl: warning: Falling back to the standard locale ("C").
Processing:.................................................................Done
perl: warning: Setting locale failed.
perl: warning: Please check that your locale settings:
	LANGUAGE = (unset),
	LC_ALL = (unset),
	LC_TIME = "en_CA.UTF-8",
	LC_MONETARY = "en_CA.UTF-8",
	LC_ADDRESS = "en_CA.UTF-8",
	LC_TELEPHONE = "en_CA.UTF-8",
	LC_NAME = "en_CA.UTF-8",
	LC_MEASUREMENT = "en_CA.UTF-8",
	LC_IDENTIFICATION = "en_CA.UTF-8",
	LC_NUMERIC = "en_CA.UTF-8",
	LC_PAPER = "en_CA.UTF-8",
	LANG = "C"
    are supported and installed on your system.
perl: warning: Falling back to the standard locale ("C").
Processing:.................................................................Done
perl: warning: Setting locale failed.
perl: warning: Please check that your locale settings:
	LANGUAGE = (unset),
	LC_ALL = (unset),
	LC_TIME = "en_CA.UTF-8",
	LC_MONETARY = "en_CA.UTF-8",
	LC_ADDRESS = "en_CA.UTF-8",
	LC_TELEPHONE = "en_CA.UTF-8",
	LC_NAME = "en_CA.UTF-8",
	LC_MEASUREMENT = "en_CA.UTF-8",
	LC_IDENTIFICATION = "en_CA.UTF-8",
	LC_NUMERIC = "en_CA.UTF-8",
	LC_PAPER = "en_CA.UTF-8",
	LANG = "C"
    are supported and installed on your system.
perl: warning: Falling back to the standard locale ("C").
Processing:.................................................................Done
perl: warning: Setting locale failed.
perl: warning: Please check that your locale settings:
	LANGUAGE = (unset),
	LC_ALL = (unset),
	LC_TIME = "en_CA.UTF-8",
	LC_MONETARY = "en_CA.UTF-8",
	LC_ADDRESS = "en_CA.UTF-8",
	LC_TELEPHONE = "en_CA.UTF-8",
	LC_NAME = "en_CA.UTF-8",
	LC_MEASUREMENT = "en_CA.UTF-8",
	LC_IDENTIFICATION = "en_CA.UTF-8",
	LC_NUMERIC = "en_CA.UTF-8",
	LC_PAPER = "en_CA.UTF-8",
	LANG = "C"
    are supported and installed on your system.
perl: warning: Falling back to the standard locale ("C").
Processing:.................................................................Done
perl: warning: Setting locale failed.
perl: warning: Please check that your locale settings:
	LANGUAGE = (unset),
	LC_ALL = (unset),
	LC_TIME = "en_CA.UTF-8",
	LC_MONETARY = "en_CA.UTF-8",
	LC_ADDRESS = "en_CA.UTF-8",
	LC_TELEPHONE = "en_CA.UTF-8",
	LC_NAME = "en_CA.UTF-8",
	LC_MEASUREMENT = "en_CA.UTF-8",
	LC_IDENTIFICATION = "en_CA.UTF-8",
	LC_NUMERIC = "en_CA.UTF-8",
	LC_PAPER = "en_CA.UTF-8",
	LANG = "C"
    are supported and installed on your system.
perl: warning: Falling back to the standard locale ("C").
Processing:.................................................................Done
perl: warning: Setting locale failed.
perl: warning: Please check that your locale settings:
	LANGUAGE = (unset),
	LC_ALL = (unset),
	LC_TIME = "en_CA.UTF-8",
	LC_MONETARY = "en_CA.UTF-8",
	LC_ADDRESS = "en_CA.UTF-8",
	LC_TELEPHONE = "en_CA.UTF-8",
	LC_NAME = "en_CA.UTF-8",
	LC_MEASUREMENT = "en_CA.UTF-8",
	LC_IDENTIFICATION = "en_CA.UTF-8",
	LC_NUMERIC = "en_CA.UTF-8",
	LC_PAPER = "en_CA.UTF-8",
	LANG = "C"
    are supported and installed on your system.
perl: warning: Falling back to the standard locale ("C").
Processing:.................................................................Done
perl: warning: Setting locale failed.
perl: warning: Please check that your locale settings:
	LANGUAGE = (unset),
	LC_ALL = (unset),
	LC_TIME = "en_CA.UTF-8",
	LC_MONETARY = "en_CA.UTF-8",
	LC_ADDRESS = "en_CA.UTF-8",
	LC_TELEPHONE = "en_CA.UTF-8",
	LC_NAME = "en_CA.UTF-8",
	LC_MEASUREMENT = "en_CA.UTF-8",
	LC_IDENTIFICATION = "en_CA.UTF-8",
	LC_NUMERIC = "en_CA.UTF-8",
	LC_PAPER = "en_CA.UTF-8",
	LANG = "C"
    are supported and installed on your system.
perl: warning: Falling back to the standard locale ("C").
Processing:.................................................................Done
perl: warning: Setting locale failed.
perl: warning: Please check that your locale settings:
	LANGUAGE = (unset),
	LC_ALL = (unset),
	LC_TIME = "en_CA.UTF-8",
	LC_MONETARY = "en_CA.UTF-8",
	LC_ADDRESS = "en_CA.UTF-8",
	LC_TELEPHONE = "en_CA.UTF-8",
	LC_NAME = "en_CA.UTF-8",
	LC_MEASUREMENT = "en_CA.UTF-8",
	LC_IDENTIFICATION = "en_CA.UTF-8",
	LC_NUMERIC = "en_CA.UTF-8",
	LC_PAPER = "en_CA.UTF-8",
	LANG = "C"
    are supported and installed on your system.
perl: warning: Falling back to the standard locale ("C").
Processing:.................................................................Done
perl: warning: Setting locale failed.
perl: warning: Please check that your locale settings:
	LANGUAGE = (unset),
	LC_ALL = (unset),
	LC_TIME = "en_CA.UTF-8",
	LC_MONETARY = "en_CA.UTF-8",
	LC_ADDRESS = "en_CA.UTF-8",
	LC_TELEPHONE = "en_CA.UTF-8",
	LC_NAME = "en_CA.UTF-8",
	LC_MEASUREMENT = "en_CA.UTF-8",
	LC_IDENTIFICATION = "en_CA.UTF-8",
	LC_NUMERIC = "en_CA.UTF-8",
	LC_PAPER = "en_CA.UTF-8",
	LANG = "C"
    are supported and installed on your system.
perl: warning: Falling back to the standard locale ("C").
Processing:.................................................................Done
perl: warning: Setting locale failed.
perl: warning: Please check that your locale settings:
	LANGUAGE = (unset),
	LC_ALL = (unset),
	LC_TIME = "en_CA.UTF-8",
	LC_MONETARY = "en_CA.UTF-8",
	LC_ADDRESS = "en_CA.UTF-8",
	LC_TELEPHONE = "en_CA.UTF-8",
	LC_NAME = "en_CA.UTF-8",
	LC_MEASUREMENT = "en_CA.UTF-8",
	LC_IDENTIFICATION = "en_CA.UTF-8",
	LC_NUMERIC = "en_CA.UTF-8",
	LC_PAPER = "en_CA.UTF-8",
	LANG = "C"
    are supported and installed on your system.
perl: warning: Falling back to the standard locale ("C").
Processing:.................................................................Done
perl: warning: Setting locale failed.
perl: warning: Please check that your locale settings:
	LANGUAGE = (unset),
	LC_ALL = (unset),
	LC_TIME = "en_CA.UTF-8",
	LC_MONETARY = "en_CA.UTF-8",
	LC_ADDRESS = "en_CA.UTF-8",
	LC_TELEPHONE = "en_CA.UTF-8",
	LC_NAME = "en_CA.UTF-8",
	LC_MEASUREMENT = "en_CA.UTF-8",
	LC_IDENTIFICATION = "en_CA.UTF-8",
	LC_NUMERIC = "en_CA.UTF-8",
	LC_PAPER = "en_CA.UTF-8",
	LANG = "C"
    are supported and installed on your system.
perl: warning: Falling back to the standard locale ("C").
Processing:.................................................................Done
perl: warning: Setting locale failed.
perl: warning: Please check that your locale settings:
	LANGUAGE = (unset),
	LC_ALL = (unset),
	LC_TIME = "en_CA.UTF-8",
	LC_MONETARY = "en_CA.UTF-8",
	LC_ADDRESS = "en_CA.UTF-8",
	LC_TELEPHONE = "en_CA.UTF-8",
	LC_NAME = "en_CA.UTF-8",
	LC_MEASUREMENT = "en_CA.UTF-8",
	LC_IDENTIFICATION = "en_CA.UTF-8",
	LC_NUMERIC = "en_CA.UTF-8",
	LC_PAPER = "en_CA.UTF-8",
	LANG = "C"
    are supported and installed on your system.
perl: warning: Falling back to the standard locale ("C").
Processing:.................................................................Done
perl: warning: Setting locale failed.
perl: warning: Please check that your locale settings:
	LANGUAGE = (unset),
	LC_ALL = (unset),
	LC_TIME = "en_CA.UTF-8",
	LC_MONETARY = "en_CA.UTF-8",
	LC_ADDRESS = "en_CA.UTF-8",
	LC_TELEPHONE = "en_CA.UTF-8",
	LC_NAME = "en_CA.UTF-8",
	LC_MEASUREMENT = "en_CA.UTF-8",
	LC_IDENTIFICATION = "en_CA.UTF-8",
	LC_NUMERIC = "en_CA.UTF-8",
	LC_PAPER = "en_CA.UTF-8",
	LANG = "C"
    are supported and installed on your system.
perl: warning: Falling back to the standard locale ("C").
Processing:.................................................................Done
Number of iterations: 26 
CV of field change: 0.000959666
perl: warning: Setting locale failed.
perl: warning: Please check that your locale settings:
	LANGUAGE = (unset),
	LC_ALL = (unset),
	LC_TIME = "en_CA.UTF-8",
	LC_MONETARY = "en_CA.UTF-8",
	LC_ADDRESS = "en_CA.UTF-8",
	LC_TELEPHONE = "en_CA.UTF-8",
	LC_NAME = "en_CA.UTF-8",
	LC_MEASUREMENT = "en_CA.UTF-8",
	LC_IDENTIFICATION = "en_CA.UTF-8",
	LC_NUMERIC = "en_CA.UTF-8",
	LC_PAPER = "en_CA.UTF-8",
	LANG = "C"
    are supported and installed on your system.
perl: warning: Falling back to the standard locale ("C").
 
 
 
mri_convert ./tmp.mri_nu_correct.mni.13636/nu1.mnc orig_nu.mgz --like orig.mgz --conform
mri_convert.bin ./tmp.mri_nu_correct.mni.13636/nu1.mnc orig_nu.mgz --like orig.mgz --conform 
$Id: mri_convert.c,v 1.226 2016/02/26 16:15:24 mreuter Exp $
reading from ./tmp.mri_nu_correct.mni.13636/nu1.mnc...
TR=0.00, TE=0.00, TI=0.00, flip angle=0.00
i_ras = (-1, 0, 0)
j_ras = (0, 0, -1)
k_ras = (0, 1, 0)
INFO: transform src into the like-volume: orig.mgz
changing data type from float to uchar (noscale = 0)...
MRIchangeType: Building histogram 
writing to orig_nu.mgz...
 
 
Mon Jan  1 19:45:23 UTC 2018
mri_nu_correct.mni done

 talairach_avi --i orig_nu.mgz --xfm transforms/talairach.auto.xfm 

talairach_avi log file is transforms/talairach_avi.log...
Started at Mon Jan 1 19:45:23 UTC 2018
Ended   at Mon Jan  1 19:46:44 UTC 2018
talairach_avi done

 cp transforms/talairach.auto.xfm transforms/talairach.xfm 

#--------------------------------------------
#@# Talairach Failure Detection Mon Jan  1 19:46:46 UTC 2018
/usr/local/freesurfer/subjects/3225/mri

 talairach_afd -T 0.005 -xfm transforms/talairach.xfm 

talairach_afd: Talairach Transform: transforms/talairach.xfm OK (p=0.6002, pval=0.2817 >= threshold=0.0050)

 awk -f /usr/local/freesurfer/bin/extract_talairach_avi_QA.awk /usr/local/freesurfer/subjects/3225/mri/transforms/talairach_avi.log 


 tal_QC_AZS /usr/local/freesurfer/subjects/3225/mri/transforms/talairach_avi.log 

TalAviQA: 0.97640
z-score: 0
#--------------------------------------------
#@# Nu Intensity Correction Mon Jan  1 19:46:46 UTC 2018

 mri_nu_correct.mni --i orig.mgz --o nu.mgz --uchar transforms/talairach.xfm --n 2 

/usr/local/freesurfer/subjects/3225/mri
/usr/local/freesurfer/bin/mri_nu_correct.mni
--i orig.mgz --o nu.mgz --uchar transforms/talairach.xfm --n 2
nIters 2
$Id: mri_nu_correct.mni,v 1.27 2016/02/26 16:19:49 mreuter Exp $
Linux ali-2 3.13.0-121-generic #170-Ubuntu SMP Wed Jun 14 09:04:33 UTC 2017 x86_64 x86_64 x86_64 GNU/Linux
Mon Jan  1 19:46:46 UTC 2018
perl: warning: Setting locale failed.
perl: warning: Please check that your locale settings:
	LANGUAGE = (unset),
	LC_ALL = (unset),
	LC_TIME = "en_CA.UTF-8",
	LC_MONETARY = "en_CA.UTF-8",
	LC_ADDRESS = "en_CA.UTF-8",
	LC_TELEPHONE = "en_CA.UTF-8",
	LC_NAME = "en_CA.UTF-8",
	LC_MEASUREMENT = "en_CA.UTF-8",
	LC_IDENTIFICATION = "en_CA.UTF-8",
	LC_NUMERIC = "en_CA.UTF-8",
	LC_PAPER = "en_CA.UTF-8",
	LANG = "C"
    are supported and installed on your system.
perl: warning: Falling back to the standard locale ("C").
Program nu_correct, built from:
Package MNI N3, version 1.12.0, compiled by nicks@terrier (x86_64-unknown-linux-gnu) on 2015-06-19 at 01:25:34
/usr/bin/bc
tmpdir is ./tmp.mri_nu_correct.mni.18855
/usr/local/freesurfer/subjects/3225/mri
mri_convert orig.mgz ./tmp.mri_nu_correct.mni.18855/nu0.mnc -odt float
mri_convert.bin orig.mgz ./tmp.mri_nu_correct.mni.18855/nu0.mnc -odt float 
$Id: mri_convert.c,v 1.226 2016/02/26 16:15:24 mreuter Exp $
reading from orig.mgz...
TR=0.00, TE=0.00, TI=0.00, flip angle=0.00
i_ras = (-1, 0, 0)
j_ras = (0, 0, -1)
k_ras = (0, 1, 0)
changing data type from uchar to float (noscale = 0)...
writing to ./tmp.mri_nu_correct.mni.18855/nu0.mnc...
 
--------------------------------------------------------
Iteration 1 Mon Jan  1 19:46:52 UTC 2018
nu_correct -clobber ./tmp.mri_nu_correct.mni.18855/nu0.mnc ./tmp.mri_nu_correct.mni.18855/nu1.mnc -tmpdir ./tmp.mri_nu_correct.mni.18855/0/
perl: warning: Setting locale failed.
perl: warning: Please check that your locale settings:
	LANGUAGE = (unset),
	LC_ALL = (unset),
	LC_TIME = "en_CA.UTF-8",
	LC_MONETARY = "en_CA.UTF-8",
	LC_ADDRESS = "en_CA.UTF-8",
	LC_TELEPHONE = "en_CA.UTF-8",
	LC_NAME = "en_CA.UTF-8",
	LC_MEASUREMENT = "en_CA.UTF-8",
	LC_IDENTIFICATION = "en_CA.UTF-8",
	LC_NUMERIC = "en_CA.UTF-8",
	LC_PAPER = "en_CA.UTF-8",
	LANG = "C"
    are supported and installed on your system.
perl: warning: Falling back to the standard locale ("C").
perl: warning: Setting locale failed.
perl: warning: Please check that your locale settings:
	LANGUAGE = (unset),
	LC_ALL = (unset),
	LC_TIME = "en_CA.UTF-8",
	LC_MONETARY = "en_CA.UTF-8",
	LC_ADDRESS = "en_CA.UTF-8",
	LC_TELEPHONE = "en_CA.UTF-8",
	LC_NAME = "en_CA.UTF-8",
	LC_MEASUREMENT = "en_CA.UTF-8",
	LC_IDENTIFICATION = "en_CA.UTF-8",
	LC_NUMERIC = "en_CA.UTF-8",
	LC_PAPER = "en_CA.UTF-8",
	LANG = "C"
    are supported and installed on your system.
perl: warning: Falling back to the standard locale ("C").
[ubuntu@ali-2:/usr/local/freesurfer/subjects/3225/mri/] [2018-01-01 19:46:53] running:
  /usr/local/freesurfer/mni/bin/nu_estimate_np_and_em -parzen -log -sharpen 0.15 0.01 -iterations 50 -stop 0.001 -shrink 4 -auto_mask -nonotify -b_spline 1.0e-7 -distance 200 -quiet -execute -clobber -nokeeptmp -tmpdir ./tmp.mri_nu_correct.mni.18855/0/ ./tmp.mri_nu_correct.mni.18855/nu0.mnc ./tmp.mri_nu_correct.mni.18855/nu1.imp

perl: warning: Setting locale failed.
perl: warning: Please check that your locale settings:
	LANGUAGE = (unset),
	LC_ALL = (unset),
	LC_TIME = "en_CA.UTF-8",
	LC_MONETARY = "en_CA.UTF-8",
	LC_ADDRESS = "en_CA.UTF-8",
	LC_TELEPHONE = "en_CA.UTF-8",
	LC_NAME = "en_CA.UTF-8",
	LC_MEASUREMENT = "en_CA.UTF-8",
	LC_IDENTIFICATION = "en_CA.UTF-8",
	LC_NUMERIC = "en_CA.UTF-8",
	LC_PAPER = "en_CA.UTF-8",
	LANG = "C"
    are supported and installed on your system.
perl: warning: Falling back to the standard locale ("C").
Processing:.................................................................Done
perl: warning: Setting locale failed.
perl: warning: Please check that your locale settings:
	LANGUAGE = (unset),
	LC_ALL = (unset),
	LC_TIME = "en_CA.UTF-8",
	LC_MONETARY = "en_CA.UTF-8",
	LC_ADDRESS = "en_CA.UTF-8",
	LC_TELEPHONE = "en_CA.UTF-8",
	LC_NAME = "en_CA.UTF-8",
	LC_MEASUREMENT = "en_CA.UTF-8",
	LC_IDENTIFICATION = "en_CA.UTF-8",
	LC_NUMERIC = "en_CA.UTF-8",
	LC_PAPER = "en_CA.UTF-8",
	LANG = "C"
    are supported and installed on your system.
perl: warning: Falling back to the standard locale ("C").
Processing:.................................................................Done
perl: warning: Setting locale failed.
perl: warning: Please check that your locale settings:
	LANGUAGE = (unset),
	LC_ALL = (unset),
	LC_TIME = "en_CA.UTF-8",
	LC_MONETARY = "en_CA.UTF-8",
	LC_ADDRESS = "en_CA.UTF-8",
	LC_TELEPHONE = "en_CA.UTF-8",
	LC_NAME = "en_CA.UTF-8",
	LC_MEASUREMENT = "en_CA.UTF-8",
	LC_IDENTIFICATION = "en_CA.UTF-8",
	LC_NUMERIC = "en_CA.UTF-8",
	LC_PAPER = "en_CA.UTF-8",
	LANG = "C"
    are supported and installed on your system.
perl: warning: Falling back to the standard locale ("C").
Processing:.................................................................Done
perl: warning: Setting locale failed.
perl: warning: Please check that your locale settings:
	LANGUAGE = (unset),
	LC_ALL = (unset),
	LC_TIME = "en_CA.UTF-8",
	LC_MONETARY = "en_CA.UTF-8",
	LC_ADDRESS = "en_CA.UTF-8",
	LC_TELEPHONE = "en_CA.UTF-8",
	LC_NAME = "en_CA.UTF-8",
	LC_MEASUREMENT = "en_CA.UTF-8",
	LC_IDENTIFICATION = "en_CA.UTF-8",
	LC_NUMERIC = "en_CA.UTF-8",
	LC_PAPER = "en_CA.UTF-8",
	LANG = "C"
    are supported and installed on your system.
perl: warning: Falling back to the standard locale ("C").
Processing:.................................................................Done
perl: warning: Setting locale failed.
perl: warning: Please check that your locale settings:
	LANGUAGE = (unset),
	LC_ALL = (unset),
	LC_TIME = "en_CA.UTF-8",
	LC_MONETARY = "en_CA.UTF-8",
	LC_ADDRESS = "en_CA.UTF-8",
	LC_TELEPHONE = "en_CA.UTF-8",
	LC_NAME = "en_CA.UTF-8",
	LC_MEASUREMENT = "en_CA.UTF-8",
	LC_IDENTIFICATION = "en_CA.UTF-8",
	LC_NUMERIC = "en_CA.UTF-8",
	LC_PAPER = "en_CA.UTF-8",
	LANG = "C"
    are supported and installed on your system.
perl: warning: Falling back to the standard locale ("C").
Processing:.................................................................Done
perl: warning: Setting locale failed.
perl: warning: Please check that your locale settings:
	LANGUAGE = (unset),
	LC_ALL = (unset),
	LC_TIME = "en_CA.UTF-8",
	LC_MONETARY = "en_CA.UTF-8",
	LC_ADDRESS = "en_CA.UTF-8",
	LC_TELEPHONE = "en_CA.UTF-8",
	LC_NAME = "en_CA.UTF-8",
	LC_MEASUREMENT = "en_CA.UTF-8",
	LC_IDENTIFICATION = "en_CA.UTF-8",
	LC_NUMERIC = "en_CA.UTF-8",
	LC_PAPER = "en_CA.UTF-8",
	LANG = "C"
    are supported and installed on your system.
perl: warning: Falling back to the standard locale ("C").
Processing:.................................................................Done
perl: warning: Setting locale failed.
perl: warning: Please check that your locale settings:
	LANGUAGE = (unset),
	LC_ALL = (unset),
	LC_TIME = "en_CA.UTF-8",
	LC_MONETARY = "en_CA.UTF-8",
	LC_ADDRESS = "en_CA.UTF-8",
	LC_TELEPHONE = "en_CA.UTF-8",
	LC_NAME = "en_CA.UTF-8",
	LC_MEASUREMENT = "en_CA.UTF-8",
	LC_IDENTIFICATION = "en_CA.UTF-8",
	LC_NUMERIC = "en_CA.UTF-8",
	LC_PAPER = "en_CA.UTF-8",
	LANG = "C"
    are supported and installed on your system.
perl: warning: Falling back to the standard locale ("C").
Processing:.................................................................Done
perl: warning: Setting locale failed.
perl: warning: Please check that your locale settings:
	LANGUAGE = (unset),
	LC_ALL = (unset),
	LC_TIME = "en_CA.UTF-8",
	LC_MONETARY = "en_CA.UTF-8",
	LC_ADDRESS = "en_CA.UTF-8",
	LC_TELEPHONE = "en_CA.UTF-8",
	LC_NAME = "en_CA.UTF-8",
	LC_MEASUREMENT = "en_CA.UTF-8",
	LC_IDENTIFICATION = "en_CA.UTF-8",
	LC_NUMERIC = "en_CA.UTF-8",
	LC_PAPER = "en_CA.UTF-8",
	LANG = "C"
    are supported and installed on your system.
perl: warning: Falling back to the standard locale ("C").
Processing:.................................................................Done
perl: warning: Setting locale failed.
perl: warning: Please check that your locale settings:
	LANGUAGE = (unset),
	LC_ALL = (unset),
	LC_TIME = "en_CA.UTF-8",
	LC_MONETARY = "en_CA.UTF-8",
	LC_ADDRESS = "en_CA.UTF-8",
	LC_TELEPHONE = "en_CA.UTF-8",
	LC_NAME = "en_CA.UTF-8",
	LC_MEASUREMENT = "en_CA.UTF-8",
	LC_IDENTIFICATION = "en_CA.UTF-8",
	LC_NUMERIC = "en_CA.UTF-8",
	LC_PAPER = "en_CA.UTF-8",
	LANG = "C"
    are supported and installed on your system.
perl: warning: Falling back to the standard locale ("C").
Processing:.................................................................Done
perl: warning: Setting locale failed.
perl: warning: Please check that your locale settings:
	LANGUAGE = (unset),
	LC_ALL = (unset),
	LC_TIME = "en_CA.UTF-8",
	LC_MONETARY = "en_CA.UTF-8",
	LC_ADDRESS = "en_CA.UTF-8",
	LC_TELEPHONE = "en_CA.UTF-8",
	LC_NAME = "en_CA.UTF-8",
	LC_MEASUREMENT = "en_CA.UTF-8",
	LC_IDENTIFICATION = "en_CA.UTF-8",
	LC_NUMERIC = "en_CA.UTF-8",
	LC_PAPER = "en_CA.UTF-8",
	LANG = "C"
    are supported and installed on your system.
perl: warning: Falling back to the standard locale ("C").
Processing:.................................................................Done
perl: warning: Setting locale failed.
perl: warning: Please check that your locale settings:
	LANGUAGE = (unset),
	LC_ALL = (unset),
	LC_TIME = "en_CA.UTF-8",
	LC_MONETARY = "en_CA.UTF-8",
	LC_ADDRESS = "en_CA.UTF-8",
	LC_TELEPHONE = "en_CA.UTF-8",
	LC_NAME = "en_CA.UTF-8",
	LC_MEASUREMENT = "en_CA.UTF-8",
	LC_IDENTIFICATION = "en_CA.UTF-8",
	LC_NUMERIC = "en_CA.UTF-8",
	LC_PAPER = "en_CA.UTF-8",
	LANG = "C"
    are supported and installed on your system.
perl: warning: Falling back to the standard locale ("C").
Processing:.................................................................Done
perl: warning: Setting locale failed.
perl: warning: Please check that your locale settings:
	LANGUAGE = (unset),
	LC_ALL = (unset),
	LC_TIME = "en_CA.UTF-8",
	LC_MONETARY = "en_CA.UTF-8",
	LC_ADDRESS = "en_CA.UTF-8",
	LC_TELEPHONE = "en_CA.UTF-8",
	LC_NAME = "en_CA.UTF-8",
	LC_MEASUREMENT = "en_CA.UTF-8",
	LC_IDENTIFICATION = "en_CA.UTF-8",
	LC_NUMERIC = "en_CA.UTF-8",
	LC_PAPER = "en_CA.UTF-8",
	LANG = "C"
    are supported and installed on your system.
perl: warning: Falling back to the standard locale ("C").
Processing:.................................................................Done
perl: warning: Setting locale failed.
perl: warning: Please check that your locale settings:
	LANGUAGE = (unset),
	LC_ALL = (unset),
	LC_TIME = "en_CA.UTF-8",
	LC_MONETARY = "en_CA.UTF-8",
	LC_ADDRESS = "en_CA.UTF-8",
	LC_TELEPHONE = "en_CA.UTF-8",
	LC_NAME = "en_CA.UTF-8",
	LC_MEASUREMENT = "en_CA.UTF-8",
	LC_IDENTIFICATION = "en_CA.UTF-8",
	LC_NUMERIC = "en_CA.UTF-8",
	LC_PAPER = "en_CA.UTF-8",
	LANG = "C"
    are supported and installed on your system.
perl: warning: Falling back to the standard locale ("C").
Processing:.................................................................Done
perl: warning: Setting locale failed.
perl: warning: Please check that your locale settings:
	LANGUAGE = (unset),
	LC_ALL = (unset),
	LC_TIME = "en_CA.UTF-8",
	LC_MONETARY = "en_CA.UTF-8",
	LC_ADDRESS = "en_CA.UTF-8",
	LC_TELEPHONE = "en_CA.UTF-8",
	LC_NAME = "en_CA.UTF-8",
	LC_MEASUREMENT = "en_CA.UTF-8",
	LC_IDENTIFICATION = "en_CA.UTF-8",
	LC_NUMERIC = "en_CA.UTF-8",
	LC_PAPER = "en_CA.UTF-8",
	LANG = "C"
    are supported and installed on your system.
perl: warning: Falling back to the standard locale ("C").
Processing:.................................................................Done
perl: warning: Setting locale failed.
perl: warning: Please check that your locale settings:
	LANGUAGE = (unset),
	LC_ALL = (unset),
	LC_TIME = "en_CA.UTF-8",
	LC_MONETARY = "en_CA.UTF-8",
	LC_ADDRESS = "en_CA.UTF-8",
	LC_TELEPHONE = "en_CA.UTF-8",
	LC_NAME = "en_CA.UTF-8",
	LC_MEASUREMENT = "en_CA.UTF-8",
	LC_IDENTIFICATION = "en_CA.UTF-8",
	LC_NUMERIC = "en_CA.UTF-8",
	LC_PAPER = "en_CA.UTF-8",
	LANG = "C"
    are supported and installed on your system.
perl: warning: Falling back to the standard locale ("C").
Processing:.................................................................Done
perl: warning: Setting locale failed.
perl: warning: Please check that your locale settings:
	LANGUAGE = (unset),
	LC_ALL = (unset),
	LC_TIME = "en_CA.UTF-8",
	LC_MONETARY = "en_CA.UTF-8",
	LC_ADDRESS = "en_CA.UTF-8",
	LC_TELEPHONE = "en_CA.UTF-8",
	LC_NAME = "en_CA.UTF-8",
	LC_MEASUREMENT = "en_CA.UTF-8",
	LC_IDENTIFICATION = "en_CA.UTF-8",
	LC_NUMERIC = "en_CA.UTF-8",
	LC_PAPER = "en_CA.UTF-8",
	LANG = "C"
    are supported and installed on your system.
perl: warning: Falling back to the standard locale ("C").
Processing:.................................................................Done
perl: warning: Setting locale failed.
perl: warning: Please check that your locale settings:
	LANGUAGE = (unset),
	LC_ALL = (unset),
	LC_TIME = "en_CA.UTF-8",
	LC_MONETARY = "en_CA.UTF-8",
	LC_ADDRESS = "en_CA.UTF-8",
	LC_TELEPHONE = "en_CA.UTF-8",
	LC_NAME = "en_CA.UTF-8",
	LC_MEASUREMENT = "en_CA.UTF-8",
	LC_IDENTIFICATION = "en_CA.UTF-8",
	LC_NUMERIC = "en_CA.UTF-8",
	LC_PAPER = "en_CA.UTF-8",
	LANG = "C"
    are supported and installed on your system.
perl: warning: Falling back to the standard locale ("C").
Processing:.................................................................Done
Number of iterations: 17 
CV of field change: 0.000932511
perl: warning: Setting locale failed.
perl: warning: Please check that your locale settings:
	LANGUAGE = (unset),
	LC_ALL = (unset),
	LC_TIME = "en_CA.UTF-8",
	LC_MONETARY = "en_CA.UTF-8",
	LC_ADDRESS = "en_CA.UTF-8",
	LC_TELEPHONE = "en_CA.UTF-8",
	LC_NAME = "en_CA.UTF-8",
	LC_MEASUREMENT = "en_CA.UTF-8",
	LC_IDENTIFICATION = "en_CA.UTF-8",
	LC_NUMERIC = "en_CA.UTF-8",
	LC_PAPER = "en_CA.UTF-8",
	LANG = "C"
    are supported and installed on your system.
perl: warning: Falling back to the standard locale ("C").
 
 
--------------------------------------------------------
Iteration 2 Mon Jan  1 19:53:51 UTC 2018
nu_correct -clobber ./tmp.mri_nu_correct.mni.18855/nu1.mnc ./tmp.mri_nu_correct.mni.18855/nu2.mnc -tmpdir ./tmp.mri_nu_correct.mni.18855/1/
perl: warning: Setting locale failed.
perl: warning: Please check that your locale settings:
	LANGUAGE = (unset),
	LC_ALL = (unset),
	LC_TIME = "en_CA.UTF-8",
	LC_MONETARY = "en_CA.UTF-8",
	LC_ADDRESS = "en_CA.UTF-8",
	LC_TELEPHONE = "en_CA.UTF-8",
	LC_NAME = "en_CA.UTF-8",
	LC_MEASUREMENT = "en_CA.UTF-8",
	LC_IDENTIFICATION = "en_CA.UTF-8",
	LC_NUMERIC = "en_CA.UTF-8",
	LC_PAPER = "en_CA.UTF-8",
	LANG = "C"
    are supported and installed on your system.
perl: warning: Falling back to the standard locale ("C").
perl: warning: Setting locale failed.
perl: warning: Please check that your locale settings:
	LANGUAGE = (unset),
	LC_ALL = (unset),
	LC_TIME = "en_CA.UTF-8",
	LC_MONETARY = "en_CA.UTF-8",
	LC_ADDRESS = "en_CA.UTF-8",
	LC_TELEPHONE = "en_CA.UTF-8",
	LC_NAME = "en_CA.UTF-8",
	LC_MEASUREMENT = "en_CA.UTF-8",
	LC_IDENTIFICATION = "en_CA.UTF-8",
	LC_NUMERIC = "en_CA.UTF-8",
	LC_PAPER = "en_CA.UTF-8",
	LANG = "C"
    are supported and installed on your system.
perl: warning: Falling back to the standard locale ("C").
[ubuntu@ali-2:/usr/local/freesurfer/subjects/3225/mri/] [2018-01-01 19:53:52] running:
  /usr/local/freesurfer/mni/bin/nu_estimate_np_and_em -parzen -log -sharpen 0.15 0.01 -iterations 50 -stop 0.001 -shrink 4 -auto_mask -nonotify -b_spline 1.0e-7 -distance 200 -quiet -execute -clobber -nokeeptmp -tmpdir ./tmp.mri_nu_correct.mni.18855/1/ ./tmp.mri_nu_correct.mni.18855/nu1.mnc ./tmp.mri_nu_correct.mni.18855/nu2.imp

perl: warning: Setting locale failed.
perl: warning: Please check that your locale settings:
	LANGUAGE = (unset),
	LC_ALL = (unset),
	LC_TIME = "en_CA.UTF-8",
	LC_MONETARY = "en_CA.UTF-8",
	LC_ADDRESS = "en_CA.UTF-8",
	LC_TELEPHONE = "en_CA.UTF-8",
	LC_NAME = "en_CA.UTF-8",
	LC_MEASUREMENT = "en_CA.UTF-8",
	LC_IDENTIFICATION = "en_CA.UTF-8",
	LC_NUMERIC = "en_CA.UTF-8",
	LC_PAPER = "en_CA.UTF-8",
	LANG = "C"
    are supported and installed on your system.
perl: warning: Falling back to the standard locale ("C").
Processing:.................................................................Done
perl: warning: Setting locale failed.
perl: warning: Please check that your locale settings:
	LANGUAGE = (unset),
	LC_ALL = (unset),
	LC_TIME = "en_CA.UTF-8",
	LC_MONETARY = "en_CA.UTF-8",
	LC_ADDRESS = "en_CA.UTF-8",
	LC_TELEPHONE = "en_CA.UTF-8",
	LC_NAME = "en_CA.UTF-8",
	LC_MEASUREMENT = "en_CA.UTF-8",
	LC_IDENTIFICATION = "en_CA.UTF-8",
	LC_NUMERIC = "en_CA.UTF-8",
	LC_PAPER = "en_CA.UTF-8",
	LANG = "C"
    are supported and installed on your system.
perl: warning: Falling back to the standard locale ("C").
Processing:.................................................................Done
perl: warning: Setting locale failed.
perl: warning: Please check that your locale settings:
	LANGUAGE = (unset),
	LC_ALL = (unset),
	LC_TIME = "en_CA.UTF-8",
	LC_MONETARY = "en_CA.UTF-8",
	LC_ADDRESS = "en_CA.UTF-8",
	LC_TELEPHONE = "en_CA.UTF-8",
	LC_NAME = "en_CA.UTF-8",
	LC_MEASUREMENT = "en_CA.UTF-8",
	LC_IDENTIFICATION = "en_CA.UTF-8",
	LC_NUMERIC = "en_CA.UTF-8",
	LC_PAPER = "en_CA.UTF-8",
	LANG = "C"
    are supported and installed on your system.
perl: warning: Falling back to the standard locale ("C").
Processing:.................................................................Done
perl: warning: Setting locale failed.
perl: warning: Please check that your locale settings:
	LANGUAGE = (unset),
	LC_ALL = (unset),
	LC_TIME = "en_CA.UTF-8",
	LC_MONETARY = "en_CA.UTF-8",
	LC_ADDRESS = "en_CA.UTF-8",
	LC_TELEPHONE = "en_CA.UTF-8",
	LC_NAME = "en_CA.UTF-8",
	LC_MEASUREMENT = "en_CA.UTF-8",
	LC_IDENTIFICATION = "en_CA.UTF-8",
	LC_NUMERIC = "en_CA.UTF-8",
	LC_PAPER = "en_CA.UTF-8",
	LANG = "C"
    are supported and installed on your system.
perl: warning: Falling back to the standard locale ("C").
Processing:.................................................................Done
perl: warning: Setting locale failed.
perl: warning: Please check that your locale settings:
	LANGUAGE = (unset),
	LC_ALL = (unset),
	LC_TIME = "en_CA.UTF-8",
	LC_MONETARY = "en_CA.UTF-8",
	LC_ADDRESS = "en_CA.UTF-8",
	LC_TELEPHONE = "en_CA.UTF-8",
	LC_NAME = "en_CA.UTF-8",
	LC_MEASUREMENT = "en_CA.UTF-8",
	LC_IDENTIFICATION = "en_CA.UTF-8",
	LC_NUMERIC = "en_CA.UTF-8",
	LC_PAPER = "en_CA.UTF-8",
	LANG = "C"
    are supported and installed on your system.
perl: warning: Falling back to the standard locale ("C").
Processing:.................................................................Done
perl: warning: Setting locale failed.
perl: warning: Please check that your locale settings:
	LANGUAGE = (unset),
	LC_ALL = (unset),
	LC_TIME = "en_CA.UTF-8",
	LC_MONETARY = "en_CA.UTF-8",
	LC_ADDRESS = "en_CA.UTF-8",
	LC_TELEPHONE = "en_CA.UTF-8",
	LC_NAME = "en_CA.UTF-8",
	LC_MEASUREMENT = "en_CA.UTF-8",
	LC_IDENTIFICATION = "en_CA.UTF-8",
	LC_NUMERIC = "en_CA.UTF-8",
	LC_PAPER = "en_CA.UTF-8",
	LANG = "C"
    are supported and installed on your system.
perl: warning: Falling back to the standard locale ("C").
Processing:.................................................................Done
perl: warning: Setting locale failed.
perl: warning: Please check that your locale settings:
	LANGUAGE = (unset),
	LC_ALL = (unset),
	LC_TIME = "en_CA.UTF-8",
	LC_MONETARY = "en_CA.UTF-8",
	LC_ADDRESS = "en_CA.UTF-8",
	LC_TELEPHONE = "en_CA.UTF-8",
	LC_NAME = "en_CA.UTF-8",
	LC_MEASUREMENT = "en_CA.UTF-8",
	LC_IDENTIFICATION = "en_CA.UTF-8",
	LC_NUMERIC = "en_CA.UTF-8",
	LC_PAPER = "en_CA.UTF-8",
	LANG = "C"
    are supported and installed on your system.
perl: warning: Falling back to the standard locale ("C").
Processing:.................................................................Done
perl: warning: Setting locale failed.
perl: warning: Please check that your locale settings:
	LANGUAGE = (unset),
	LC_ALL = (unset),
	LC_TIME = "en_CA.UTF-8",
	LC_MONETARY = "en_CA.UTF-8",
	LC_ADDRESS = "en_CA.UTF-8",
	LC_TELEPHONE = "en_CA.UTF-8",
	LC_NAME = "en_CA.UTF-8",
	LC_MEASUREMENT = "en_CA.UTF-8",
	LC_IDENTIFICATION = "en_CA.UTF-8",
	LC_NUMERIC = "en_CA.UTF-8",
	LC_PAPER = "en_CA.UTF-8",
	LANG = "C"
    are supported and installed on your system.
perl: warning: Falling back to the standard locale ("C").
Processing:.................................................................Done
perl: warning: Setting locale failed.
perl: warning: Please check that your locale settings:
	LANGUAGE = (unset),
	LC_ALL = (unset),
	LC_TIME = "en_CA.UTF-8",
	LC_MONETARY = "en_CA.UTF-8",
	LC_ADDRESS = "en_CA.UTF-8",
	LC_TELEPHONE = "en_CA.UTF-8",
	LC_NAME = "en_CA.UTF-8",
	LC_MEASUREMENT = "en_CA.UTF-8",
	LC_IDENTIFICATION = "en_CA.UTF-8",
	LC_NUMERIC = "en_CA.UTF-8",
	LC_PAPER = "en_CA.UTF-8",
	LANG = "C"
    are supported and installed on your system.
perl: warning: Falling back to the standard locale ("C").
Processing:.................................................................Done
Number of iterations: 9 
CV of field change: 0.000945594
perl: warning: Setting locale failed.
perl: warning: Please check that your locale settings:
	LANGUAGE = (unset),
	LC_ALL = (unset),
	LC_TIME = "en_CA.UTF-8",
	LC_MONETARY = "en_CA.UTF-8",
	LC_ADDRESS = "en_CA.UTF-8",
	LC_TELEPHONE = "en_CA.UTF-8",
	LC_NAME = "en_CA.UTF-8",
	LC_MEASUREMENT = "en_CA.UTF-8",
	LC_IDENTIFICATION = "en_CA.UTF-8",
	LC_NUMERIC = "en_CA.UTF-8",
	LC_PAPER = "en_CA.UTF-8",
	LANG = "C"
    are supported and installed on your system.
perl: warning: Falling back to the standard locale ("C").
 
 
 
mri_binarize --i ./tmp.mri_nu_correct.mni.18855/nu2.mnc --min -1 --o ./tmp.mri_nu_correct.mni.18855/ones.mgz

$Id: mri_binarize.c,v 1.43 2016/06/09 20:46:21 greve Exp $
cwd /usr/local/freesurfer/subjects/3225/mri
cmdline mri_binarize.bin --i ./tmp.mri_nu_correct.mni.18855/nu2.mnc --min -1 --o ./tmp.mri_nu_correct.mni.18855/ones.mgz 
sysname  Linux
hostname ali-2
machine  x86_64
user     ubuntu

input      ./tmp.mri_nu_correct.mni.18855/nu2.mnc
frame      0
nErode3d   0
nErode2d   0
output     ./tmp.mri_nu_correct.mni.18855/ones.mgz
Binarizing based on threshold
min        -1
max        +infinity
binval        1
binvalnot     0
fstart = 0, fend = 0, nframes = 1
Found 16777216 values in range
Counting number of voxels in first frame
Found 16777216 voxels in final mask
Count: 16777216 16777216.000000 16777216 100.000000
mri_binarize done
mri_segstats --id 1 --seg ./tmp.mri_nu_correct.mni.18855/ones.mgz --i orig.mgz --sum ./tmp.mri_nu_correct.mni.18855/sum.junk --avgwf ./tmp.mri_nu_correct.mni.18855/input.mean.dat

$Id: mri_segstats.c,v 1.121 2016/05/31 17:27:11 greve Exp $
cwd 
cmdline mri_segstats --id 1 --seg ./tmp.mri_nu_correct.mni.18855/ones.mgz --i orig.mgz --sum ./tmp.mri_nu_correct.mni.18855/sum.junk --avgwf ./tmp.mri_nu_correct.mni.18855/input.mean.dat 
sysname  Linux
hostname ali-2
machine  x86_64
user     ubuntu
UseRobust  0
Loading ./tmp.mri_nu_correct.mni.18855/ones.mgz
Loading orig.mgz
Voxel Volume is 1 mm^3
Generating list of segmentation ids
Found   1 segmentations
Computing statistics for each segmentation

Reporting on   1 segmentations
Using PrintSegStat
Computing spatial average of each frame
  0
Writing to ./tmp.mri_nu_correct.mni.18855/input.mean.dat
mri_segstats done
mri_segstats --id 1 --seg ./tmp.mri_nu_correct.mni.18855/ones.mgz --i ./tmp.mri_nu_correct.mni.18855/nu2.mnc --sum ./tmp.mri_nu_correct.mni.18855/sum.junk --avgwf ./tmp.mri_nu_correct.mni.18855/output.mean.dat

$Id: mri_segstats.c,v 1.121 2016/05/31 17:27:11 greve Exp $
cwd 
cmdline mri_segstats --id 1 --seg ./tmp.mri_nu_correct.mni.18855/ones.mgz --i ./tmp.mri_nu_correct.mni.18855/nu2.mnc --sum ./tmp.mri_nu_correct.mni.18855/sum.junk --avgwf ./tmp.mri_nu_correct.mni.18855/output.mean.dat 
sysname  Linux
hostname ali-2
machine  x86_64
user     ubuntu
UseRobust  0
Loading ./tmp.mri_nu_correct.mni.18855/ones.mgz
Loading ./tmp.mri_nu_correct.mni.18855/nu2.mnc
Voxel Volume is 1 mm^3
Generating list of segmentation ids
Found   1 segmentations
Computing statistics for each segmentation

Reporting on   1 segmentations
Using PrintSegStat
Computing spatial average of each frame
  0
Writing to ./tmp.mri_nu_correct.mni.18855/output.mean.dat
mri_segstats done
mris_calc -o ./tmp.mri_nu_correct.mni.18855/nu2.mnc ./tmp.mri_nu_correct.mni.18855/nu2.mnc mul 1.03578776069390470669
Saving result to './tmp.mri_nu_correct.mni.18855/nu2.mnc' (type = MINC )                       [ ok ]
mri_convert ./tmp.mri_nu_correct.mni.18855/nu2.mnc nu.mgz --like orig.mgz
mri_convert.bin ./tmp.mri_nu_correct.mni.18855/nu2.mnc nu.mgz --like orig.mgz 
$Id: mri_convert.c,v 1.226 2016/02/26 16:15:24 mreuter Exp $
reading from ./tmp.mri_nu_correct.mni.18855/nu2.mnc...
TR=0.00, TE=0.00, TI=0.00, flip angle=0.00
i_ras = (-1, 0, 0)
j_ras = (0, 0, -1)
k_ras = (0, 1, 0)
INFO: transform src into the like-volume: orig.mgz
writing to nu.mgz...
mri_make_uchar nu.mgz transforms/talairach.xfm nu.mgz
type change took 0 minutes and 23 seconds.
mapping (21, 113) to ( 3, 110)
 
 
Mon Jan  1 20:00:35 UTC 2018
mri_nu_correct.mni done

 mri_add_xform_to_header -c /usr/local/freesurfer/subjects/3225/mri/transforms/talairach.xfm nu.mgz nu.mgz 

INFO: extension is mgz
#--------------------------------------------
#@# Intensity Normalization Mon Jan  1 20:00:37 UTC 2018
/usr/local/freesurfer/subjects/3225/mri

 mri_normalize -g 1 -mprage nu.mgz T1.mgz 

using max gradient = 1.000
assuming input volume is MGH (Van der Kouwe) MP-RAGE
reading from nu.mgz...
normalizing image...
talairach transform
 1.01451   0.00837  -0.08264  -751.61066;
 0.00168   0.94816   0.33124  -728.20605;
 0.07388  -0.39799   1.04630   235.99004;
 0.00000   0.00000   0.00000   1.00000;
processing without aseg, no1d=0
MRInormInit(): 
INFO: Modifying talairach volume c_(r,a,s) based on average_305
MRInormalize(): 
MRIsplineNormalize(): npeaks = 17
Starting OpenSpline(): npoints = 17
building Voronoi diagram...
performing soap bubble smoothing, sigma = 8...

Iterating 2 times
---------------------------------
3d normalization pass 1 of 2
white matter peak found at 110
white matter peak found at 104
gm peak at 72 (72), valley at 16 (16)
csf peak at 15, setting threshold to 53
building Voronoi diagram...
performing soap bubble smoothing, sigma = 8...
---------------------------------
3d normalization pass 2 of 2
white matter peak found at 110
white matter peak found at 110
gm peak at 77 (77), valley at 14 (14)
csf peak at 13, setting threshold to 55
building Voronoi diagram...
performing soap bubble smoothing, sigma = 8...
Done iterating ---------------------------------
writing output to T1.mgz
3D bias adjustment took 6 minutes and 36 seconds.
#--------------------------------------------
#@# Skull Stripping Mon Jan  1 20:07:17 UTC 2018
/usr/local/freesurfer/subjects/3225/mri

 mri_em_register -rusage /usr/local/freesurfer/subjects/3225/touch/rusage.mri_em_register.skull.dat -skull nu.mgz /usr/local/freesurfer/average/RB_all_withskull_2016-05-10.vc700.gca transforms/talairach_with_skull.lta 

aligning to atlas containing skull, setting unknown_nbr_spacing = 5

== Number of threads available to mri_em_register for OpenMP = 1 == 
reading 1 input volumes...
logging results to talairach_with_skull.log
reading '/usr/local/freesurfer/average/RB_all_withskull_2016-05-10.vc700.gca'...
average std = 22.9   using min determinant for regularization = 52.6
0 singular and 9002 ill-conditioned covariance matrices regularized
reading 'nu.mgz'...
freeing gibbs priors...done.
accounting for voxel sizes in initial transform
bounding unknown intensity as < 8.7 or > 569.1 
total sample mean = 77.6 (1399 zeros)
************************************************
spacing=8, using 3243 sample points, tol=1.00e-05...
************************************************
register_mri: find_optimal_transform
find_optimal_transform: nsamples 3243, passno 0, spacing 8
resetting wm mean[0]: 100 --> 108
resetting gm mean[0]: 61 --> 61
input volume #1 is the most T1-like
using real data threshold=12.0
skull bounding box = (45, 53, 35) --> (204, 219, 236)
using (98, 108, 136) as brain centroid...
mean wm in atlas = 108, using box (78,88,111) --> (117, 128,160) to find MRI wm
before smoothing, mri peak at 104
robust fit to distribution - 105 +- 8.4
after smoothing, mri peak at 105, scaling input intensities by 1.029
scaling channel 0 by 1.02857
initial log_p = -4.718
************************************************
First Search limited to translation only.
************************************************
max log p =    -4.513483 @ (9.091, -9.091, -27.273)
max log p =    -4.499285 @ (-4.545, 4.545, -4.545)
max log p =    -4.450890 @ (-6.818, -6.818, 2.273)
max log p =    -4.426244 @ (1.136, -3.409, -3.409)
max log p =    -4.420478 @ (5.114, 3.977, 3.977)
max log p =    -4.420478 @ (0.000, 0.000, 0.000)
Found translation: (4.0, -10.8, -29.0): log p = -4.420
****************************************
Nine parameter search.  iteration 0 nscales = 0 ...
****************************************
Result so far: scale 1.000: max_log_p=-4.303, old_max_log_p =-4.420 (thresh=-4.4)
 1.00000   0.00000   0.00000   3.97727;
 0.00000   0.99317   0.41138  -67.30366;
 0.00000  -0.41138   0.99317   27.40755;
 0.00000   0.00000   0.00000   1.00000;
****************************************
Nine parameter search.  iteration 1 nscales = 0 ...
****************************************
Result so far: scale 1.000: max_log_p=-4.295, old_max_log_p =-4.303 (thresh=-4.3)
 1.06580  -0.14570  -0.03904   16.13377;
 0.14032   1.10670   0.29654  -77.02354;
 0.00000  -0.29910   1.11625   0.01891;
 0.00000   0.00000   0.00000   1.00000;
****************************************
Nine parameter search.  iteration 2 nscales = 0 ...
****************************************
Result so far: scale 1.000: max_log_p=-4.266, old_max_log_p =-4.295 (thresh=-4.3)
 0.99423  -0.00586   0.01728   4.66333;
-0.00128   1.14827   0.47411  -89.61916;
-0.01694  -0.40792   0.98789   35.67958;
 0.00000   0.00000   0.00000   1.00000;
****************************************
Nine parameter search.  iteration 3 nscales = 0 ...
****************************************
Result so far: scale 1.000: max_log_p=-4.254, old_max_log_p =-4.266 (thresh=-4.3)
 1.05952  -0.17345  -0.02944   20.12090;
 0.13071   1.18073   0.34045  -91.62365;
-0.01696  -0.25455   1.04133   6.06819;
 0.00000   0.00000   0.00000   1.00000;
****************************************
Nine parameter search.  iteration 4 nscales = 0 ...
****************************************
Result so far: scale 1.000: max_log_p=-4.254, old_max_log_p =-4.254 (thresh=-4.3)
 1.05952  -0.17345  -0.02944   20.12090;
 0.13071   1.18073   0.34045  -91.62365;
-0.01696  -0.25455   1.04133   6.06819;
 0.00000   0.00000   0.00000   1.00000;
reducing scale to 0.2500
****************************************
Nine parameter search.  iteration 5 nscales = 1 ...
****************************************
Result so far: scale 0.250: max_log_p=-4.195, old_max_log_p =-4.254 (thresh=-4.3)
 1.02562  -0.09499   0.00153   10.68671;
 0.05990   1.17044   0.40874  -92.49485;
-0.02946  -0.32445   0.99782   23.73234;
 0.00000   0.00000   0.00000   1.00000;
****************************************
Nine parameter search.  iteration 6 nscales = 1 ...
****************************************
Result so far: scale 0.250: max_log_p=-4.192, old_max_log_p =-4.195 (thresh=-4.2)
 1.02562  -0.09499   0.00153   10.68671;
 0.05878   1.14850   0.40107  -89.96980;
-0.02891  -0.31836   0.97911   23.49217;
 0.00000   0.00000   0.00000   1.00000;
reducing scale to 0.0625
****************************************
Nine parameter search.  iteration 7 nscales = 2 ...
****************************************
Result so far: scale 0.062: max_log_p=-4.180, old_max_log_p =-4.192 (thresh=-4.2)
 1.02202  -0.09466   0.00152   11.08784;
 0.05864   1.14580   0.40013  -89.42571;
-0.02894  -0.31873   0.98026   23.38995;
 0.00000   0.00000   0.00000   1.00000;
****************************************
Nine parameter search.  iteration 8 nscales = 2 ...
****************************************
Result so far: scale 0.062: max_log_p=-4.180, old_max_log_p =-4.180 (thresh=-4.2)
 1.02202  -0.09466   0.00152   11.08784;
 0.05864   1.14580   0.40013  -89.42571;
-0.02894  -0.31873   0.98026   23.38995;
 0.00000   0.00000   0.00000   1.00000;
min search scale 0.025000 reached
***********************************************
Computing MAP estimate using 3243 samples...
***********************************************
dt = 5.00e-06, momentum=0.80, tol=1.00e-05
l_intensity = 1.0000
Aligning input volume to GCA...
Transform matrix
 1.02202  -0.09466   0.00152   11.08784;
 0.05864   1.14580   0.40013  -89.42571;
-0.02894  -0.31873   0.98026   23.38995;
 0.00000   0.00000   0.00000   1.00000;
nsamples 3243
Quasinewton: input matrix
 1.02202  -0.09466   0.00152   11.08784;
 0.05864   1.14580   0.40013  -89.42571;
-0.02894  -0.31873   0.98026   23.38995;
 0.00000   0.00000   0.00000   1.00000;
outof QuasiNewtonEMA: 011: -log(p) =   -0.0  tol 0.000010
Resulting transform:
 1.02202  -0.09466   0.00152   11.08784;
 0.05864   1.14580   0.40013  -89.42571;
-0.02894  -0.31873   0.98026   23.38995;
 0.00000   0.00000   0.00000   1.00000;

pass 1, spacing 8: log(p) = -4.180 (old=-4.718)
transform before final EM align:
 1.02202  -0.09466   0.00152   11.08784;
 0.05864   1.14580   0.40013  -89.42571;
-0.02894  -0.31873   0.98026   23.38995;
 0.00000   0.00000   0.00000   1.00000;

**************************************************
 EM alignment process ...
 Computing final MAP estimate using 364799 samples. 
**************************************************
dt = 5.00e-06, momentum=0.80, tol=1.00e-07
l_intensity = 1.0000
Aligning input volume to GCA...
Transform matrix
 1.02202  -0.09466   0.00152   11.08784;
 0.05864   1.14580   0.40013  -89.42571;
-0.02894  -0.31873   0.98026   23.38995;
 0.00000   0.00000   0.00000   1.00000;
nsamples 364799
Quasinewton: input matrix
 1.02202  -0.09466   0.00152   11.08784;
 0.05864   1.14580   0.40013  -89.42571;
-0.02894  -0.31873   0.98026   23.38995;
 0.00000   0.00000   0.00000   1.00000;
outof QuasiNewtonEMA: 013: -log(p) =    4.5  tol 0.000000
final transform:
 1.02202  -0.09466   0.00152   11.08784;
 0.05864   1.14580   0.40013  -89.42571;
-0.02894  -0.31873   0.98026   23.38995;
 0.00000   0.00000   0.00000   1.00000;

writing output transformation to transforms/talairach_with_skull.lta...
mri_em_register utimesec    3945.374336
mri_em_register stimesec    5.499064
mri_em_register ru_maxrss   609824
mri_em_register ru_ixrss    0
mri_em_register ru_idrss    0
mri_em_register ru_isrss    0
mri_em_register ru_minflt   158060
mri_em_register ru_majflt   0
mri_em_register ru_nswap    0
mri_em_register ru_inblock  0
mri_em_register ru_oublock  24
mri_em_register ru_msgsnd   0
mri_em_register ru_msgrcv   0
mri_em_register ru_nsignals 0
mri_em_register ru_nvcsw    856
mri_em_register ru_nivcsw   268933
registration took 84 minutes and 28 seconds.

 mri_watershed -rusage /usr/local/freesurfer/subjects/3225/touch/rusage.mri_watershed.dat -T1 -brain_atlas /usr/local/freesurfer/average/RB_all_withskull_2016-05-10.vc700.gca transforms/talairach_with_skull.lta T1.mgz brainmask.auto.mgz 


Mode:          T1 normalized volume
Mode:          Use the information of atlas (default parms, --help for details)

*********************************************************
The input file is T1.mgz
The output file is brainmask.auto.mgz
Weighting the input with atlas information before watershed

*************************WATERSHED**************************
Sorting...
      first estimation of the COG coord: x=123 y=129 z=135 r=76
      first estimation of the main basin volume: 1892841 voxels
      Looking for seedpoints 
        2 found in the cerebellum 
        17 found in the rest of the brain 
      global maximum in x=145, y=104, z=108, Imax=255
      CSF=19, WM_intensity=110, WM_VARIANCE=5
      WM_MIN=110, WM_HALF_MIN=110, WM_HALF_MAX=110, WM_MAX=110 
      preflooding height equal to 10 percent
done.
Analyze...

      main basin size=590945746 voxels, voxel volume =1.000 
                     = 590945746 mmm3 = 590945.728 cm3
done.
PostAnalyze...Basin Prior
 68 basins merged thanks to atlas 
      ***** 0 basin(s) merged in 1 iteration(s)
      ***** 0 voxel(s) added to the main basin
done.
Weighting the input with prior template 

****************TEMPLATE DEFORMATION****************

      second estimation of the COG coord: x=123,y=130, z=129, r=10066 iterations
^^^^^^^^ couldn't find WM with original limits - expanding ^^^^^^

   GLOBAL      CSF_MIN=1, CSF_intensity=2, CSF_MAX=5 , nb = 44452
  RIGHT_CER    CSF_MIN=1, CSF_intensity=2, CSF_MAX=5 , nb = -1033381014
  LEFT_CER     CSF_MIN=1, CSF_intensity=2, CSF_MAX=38 , nb = 1144642171
 RIGHT_BRAIN   CSF_MIN=1, CSF_intensity=2, CSF_MAX=5 , nb = 1144549863
 LEFT_BRAIN    CSF_MIN=1, CSF_intensity=2, CSF_MAX=5 , nb = 1079108792
    OTHER      CSF_MIN=0, CSF_intensity=20, CSF_MAX=37 , nb = 1075724410
   
                     CSF_MAX  TRANSITION  GM_MIN  GM
    GLOBAL     
  before analyzing :    5,      7,        37,   78
  after  analyzing :    5,      27,        37,   39
   RIGHT_CER   
  before analyzing :    5,      7,        49,   93
  after  analyzing :    5,      35,        49,   49
   LEFT_CER    
  before analyzing :    38,      47,        57,   92
  after  analyzing :    38,      53,        57,   62
  RIGHT_BRAIN  
  before analyzing :    5,      7,        38,   78
  after  analyzing :    5,      27,        38,   39
  LEFT_BRAIN   
  before analyzing :    5,      6,        34,   78
  after  analyzing :    5,      24,        34,   37
     OTHER     
  before analyzing :    37,      55,        76,   95
  after  analyzing :    37,      69,        76,   75
      mri_strip_skull: done peeling brain
      highly tesselated surface with 10242 vertices
      matching...75 iterations

*********************VALIDATION*********************
curvature mean = -0.012, std = 0.012
curvature mean = 72.336, std = 9.625

No Rigid alignment: -atlas Mode Off (basic atlas / no registration)
      before rotation: sse = 3.72, sigma = 5.38
      after  rotation: sse = 3.72, sigma = 5.38
Localization of inacurate regions: Erosion-Dilation steps
      the sse mean is  3.88, its var is  5.20   
      before Erosion-Dilatation  0.49% of inacurate vertices
      after  Erosion-Dilatation  0.00% of inacurate vertices
      Validation of the shape of the surface done.
Scaling of atlas fields onto current surface fields

********FINAL ITERATIVE TEMPLATE DEFORMATION********
Compute Local values csf/gray
Fine Segmentation...39 iterations

      mri_strip_skull: done peeling brain

Brain Size = 1746735 voxels, voxel volume = 1.000 mm3
           = 1746735 mmm3 = 1746.735 cm3


******************************
Saving brainmask.auto.mgz
done
mri_watershed utimesec    55.884376
mri_watershed stimesec    1.694726
mri_watershed ru_maxrss   829360
mri_watershed ru_ixrss    0
mri_watershed ru_idrss    0
mri_watershed ru_isrss    0
mri_watershed ru_minflt   212668
mri_watershed ru_majflt   0
mri_watershed ru_nswap    0
mri_watershed ru_inblock  0
mri_watershed ru_oublock  2952
mri_watershed ru_msgsnd   0
mri_watershed ru_msgrcv   0
mri_watershed ru_nsignals 0
mri_watershed ru_nvcsw    1
mri_watershed ru_nivcsw   4272
mri_watershed done

 cp brainmask.auto.mgz brainmask.mgz 

#-------------------------------------
#@# EM Registration Mon Jan  1 21:33:02 UTC 2018
/usr/local/freesurfer/subjects/3225/mri

 mri_em_register -rusage /usr/local/freesurfer/subjects/3225/touch/rusage.mri_em_register.dat -uns 3 -mask brainmask.mgz nu.mgz /usr/local/freesurfer/average/RB_all_2016-05-10.vc700.gca transforms/talairach.lta 

setting unknown_nbr_spacing = 3
using MR volume brainmask.mgz to mask input volume...

== Number of threads available to mri_em_register for OpenMP = 1 == 
reading 1 input volumes...
logging results to talairach.log
reading '/usr/local/freesurfer/average/RB_all_2016-05-10.vc700.gca'...
average std = 7.3   using min determinant for regularization = 5.3
0 singular and 841 ill-conditioned covariance matrices regularized
reading 'nu.mgz'...
freeing gibbs priors...done.
accounting for voxel sizes in initial transform
bounding unknown intensity as < 6.3 or > 503.7 
total sample mean = 78.8 (1011 zeros)
************************************************
spacing=8, using 2830 sample points, tol=1.00e-05...
************************************************
register_mri: find_optimal_transform
find_optimal_transform: nsamples 2830, passno 0, spacing 8
resetting wm mean[0]: 98 --> 107
resetting gm mean[0]: 61 --> 61
input volume #1 is the most T1-like
using real data threshold=19.0
skull bounding box = (51, 76, 60) --> (196, 203, 216)
using (99, 118, 138) as brain centroid...
mean wm in atlas = 107, using box (81,102,119) --> (116, 133,157) to find MRI wm
before smoothing, mri peak at 104
robust fit to distribution - 104 +- 6.7
after smoothing, mri peak at 104, scaling input intensities by 1.029
scaling channel 0 by 1.02885
initial log_p = -4.501
************************************************
First Search limited to translation only.
************************************************
max log p =    -4.199991 @ (9.091, -9.091, -27.273)
max log p =    -4.113539 @ (-4.545, -4.545, 4.545)
max log p =    -4.094687 @ (-2.273, 2.273, -6.818)
max log p =    -4.043667 @ (-1.136, -1.136, 5.682)
max log p =    -4.041358 @ (-1.705, -2.841, -2.841)
max log p =    -4.040524 @ (0.284, 0.284, -0.284)
Found translation: (-0.3, -15.1, -27.0): log p = -4.041
****************************************
Nine parameter search.  iteration 0 nscales = 0 ...
****************************************
Result so far: scale 1.000: max_log_p=-3.922, old_max_log_p =-4.041 (thresh=-4.0)
 0.99144  -0.02872   0.10717  -9.53203;
 0.00000   1.11081   0.29764  -61.86203;
-0.14032  -0.23447   0.87506   38.88075;
 0.00000   0.00000   0.00000   1.00000;
****************************************
Nine parameter search.  iteration 1 nscales = 0 ...
****************************************
Result so far: scale 1.000: max_log_p=-3.917, old_max_log_p =-3.922 (thresh=-3.9)
 0.92618   0.00198  -0.00737   9.80319;
 0.00000   1.02750   0.27532  -48.27563;
-0.00971  -0.23621   0.88157   21.66352;
 0.00000   0.00000   0.00000   1.00000;
****************************************
Nine parameter search.  iteration 2 nscales = 0 ...
****************************************
Result so far: scale 1.000: max_log_p=-3.917, old_max_log_p =-3.917 (thresh=-3.9)
 0.92618   0.00198  -0.00737   9.80319;
 0.00000   1.02750   0.27532  -48.27563;
-0.00971  -0.23621   0.88157   21.66352;
 0.00000   0.00000   0.00000   1.00000;
reducing scale to 0.2500
****************************************
Nine parameter search.  iteration 3 nscales = 1 ...
****************************************
Result so far: scale 0.250: max_log_p=-3.752, old_max_log_p =-3.917 (thresh=-3.9)
 0.97688  -0.06773  -0.03075   19.16586;
 0.06299   1.05417   0.37967  -75.08434;
-0.01185  -0.34178   0.86572   41.20311;
 0.00000   0.00000   0.00000   1.00000;
****************************************
Nine parameter search.  iteration 4 nscales = 1 ...
****************************************
Result so far: scale 0.250: max_log_p=-3.751, old_max_log_p =-3.752 (thresh=-3.7)
 0.97430  -0.10218  -0.04316   25.58320;
 0.09492   1.05139   0.37846  -78.49990;
-0.01185  -0.34178   0.86572   41.20311;
 0.00000   0.00000   0.00000   1.00000;
reducing scale to 0.0625
****************************************
Nine parameter search.  iteration 5 nscales = 2 ...
****************************************
Result so far: scale 0.062: max_log_p=-3.722, old_max_log_p =-3.751 (thresh=-3.7)
 0.97834  -0.09668  -0.03304   23.06536;
 0.08678   1.04979   0.37774  -76.72678;
-0.01975  -0.34040   0.86508   42.54673;
 0.00000   0.00000   0.00000   1.00000;
****************************************
Nine parameter search.  iteration 6 nscales = 2 ...
****************************************
Result so far: scale 0.062: max_log_p=-3.710, old_max_log_p =-3.722 (thresh=-3.7)
 0.97949  -0.09679  -0.03308   22.94387;
 0.08740   1.05893   0.36481  -75.88863;
-0.01835  -0.32355   0.87216   39.27069;
 0.00000   0.00000   0.00000   1.00000;
****************************************
Nine parameter search.  iteration 7 nscales = 2 ...
****************************************
Result so far: scale 0.062: max_log_p=-3.710, old_max_log_p =-3.710 (thresh=-3.7)
 0.97949  -0.09679  -0.03308   22.94387;
 0.08740   1.05893   0.36481  -75.88863;
-0.01835  -0.32355   0.87216   39.27069;
 0.00000   0.00000   0.00000   1.00000;
min search scale 0.025000 reached
***********************************************
Computing MAP estimate using 2830 samples...
***********************************************
dt = 5.00e-06, momentum=0.80, tol=1.00e-05
l_intensity = 1.0000
Aligning input volume to GCA...
Transform matrix
 0.97949  -0.09679  -0.03308   22.94387;
 0.08740   1.05893   0.36481  -75.88863;
-0.01835  -0.32355   0.87216   39.27069;
 0.00000   0.00000   0.00000   1.00000;
nsamples 2830
Quasinewton: input matrix
 0.97949  -0.09679  -0.03308   22.94387;
 0.08740   1.05893   0.36481  -75.88863;
-0.01835  -0.32355   0.87216   39.27069;
 0.00000   0.00000   0.00000   1.00000;
outof QuasiNewtonEMA: 010: -log(p) =   -0.0  tol 0.000010
Resulting transform:
 0.97949  -0.09679  -0.03308   22.94387;
 0.08740   1.05893   0.36481  -75.88863;
-0.01835  -0.32355   0.87216   39.27069;
 0.00000   0.00000   0.00000   1.00000;

pass 1, spacing 8: log(p) = -3.710 (old=-4.501)
transform before final EM align:
 0.97949  -0.09679  -0.03308   22.94387;
 0.08740   1.05893   0.36481  -75.88863;
-0.01835  -0.32355   0.87216   39.27069;
 0.00000   0.00000   0.00000   1.00000;

**************************************************
 EM alignment process ...
 Computing final MAP estimate using 315557 samples. 
**************************************************
dt = 5.00e-06, momentum=0.80, tol=1.00e-07
l_intensity = 1.0000
Aligning input volume to GCA...
Transform matrix
 0.97949  -0.09679  -0.03308   22.94387;
 0.08740   1.05893   0.36481  -75.88863;
-0.01835  -0.32355   0.87216   39.27069;
 0.00000   0.00000   0.00000   1.00000;
nsamples 315557
Quasinewton: input matrix
 0.97949  -0.09679  -0.03308   22.94387;
 0.08740   1.05893   0.36481  -75.88863;
-0.01835  -0.32355   0.87216   39.27069;
 0.00000   0.00000   0.00000   1.00000;
outof QuasiNewtonEMA: 012: -log(p) =    4.1  tol 0.000000
final transform:
 0.97949  -0.09679  -0.03308   22.94387;
 0.08740   1.05893   0.36481  -75.88863;
-0.01835  -0.32355   0.87216   39.27069;
 0.00000   0.00000   0.00000   1.00000;

writing output transformation to transforms/talairach.lta...
mri_em_register utimesec    3040.854155
mri_em_register stimesec    40.257126
mri_em_register ru_maxrss   598952
mri_em_register ru_ixrss    0
mri_em_register ru_idrss    0
mri_em_register ru_isrss    0
mri_em_register ru_minflt   250887
mri_em_register ru_majflt   10196
mri_em_register ru_nswap    0
mri_em_register ru_inblock  643776
mri_em_register ru_oublock  32
mri_em_register ru_msgsnd   0
mri_em_register ru_msgrcv   0
mri_em_register ru_nsignals 0
mri_em_register ru_nvcsw    9780
mri_em_register ru_nivcsw   213242
registration took 68 minutes and 8 seconds.
#--------------------------------------
#@# CA Normalize Mon Jan  1 22:41:11 UTC 2018
/usr/local/freesurfer/subjects/3225/mri

 mri_ca_normalize -c ctrl_pts.mgz -mask brainmask.mgz nu.mgz /usr/local/freesurfer/average/RB_all_2016-05-10.vc700.gca transforms/talairach.lta norm.mgz 

writing control point volume to ctrl_pts.mgz
using MR volume brainmask.mgz to mask input volume...
reading 1 input volume
reading atlas from '/usr/local/freesurfer/average/RB_all_2016-05-10.vc700.gca'...
reading transform from 'transforms/talairach.lta'...
reading input volume from nu.mgz...
resetting wm mean[0]: 98 --> 107
resetting gm mean[0]: 61 --> 61
input volume #1 is the most T1-like
using real data threshold=19.0
skull bounding box = (51, 76, 60) --> (196, 203, 216)
using (99, 118, 138) as brain centroid...
mean wm in atlas = 107, using box (81,102,119) --> (116, 133,157) to find MRI wm
before smoothing, mri peak at 104
robust fit to distribution - 104 +- 6.7
after smoothing, mri peak at 104, scaling input intensities by 1.029
scaling channel 0 by 1.02885
using 246344 sample points...
INFO: compute sample coordinates transform
 0.97949  -0.09679  -0.03308   22.94387;
 0.08740   1.05893   0.36481  -75.88863;
-0.01835  -0.32355   0.87216   39.27069;
 0.00000   0.00000   0.00000   1.00000;
INFO: transform used
finding control points in Left_Cerebral_White_Matter....
found 39915 control points for structure...
bounding box (121, 69, 48) --> (191, 182, 222)
Left_Cerebral_White_Matter: limiting intensities to 99.0 --> 132.0
0 of 125 (0.0%) samples deleted
finding control points in Right_Cerebral_White_Matter....
found 39557 control points for structure...
bounding box (56, 70, 46) --> (124, 177, 222)
Right_Cerebral_White_Matter: limiting intensities to 102.0 --> 132.0
0 of 71 (0.0%) samples deleted
finding control points in Left_Cerebellum_White_Matter....
found 3059 control points for structure...
bounding box (126, 157, 81) --> (178, 194, 138)
Left_Cerebellum_White_Matter: limiting intensities to 104.0 --> 132.0
0 of 10 (0.0%) samples deleted
finding control points in Right_Cerebellum_White_Matter....
found 2705 control points for structure...
bounding box (83, 157, 78) --> (126, 196, 139)
Right_Cerebellum_White_Matter: limiting intensities to 108.0 --> 132.0
0 of 13 (0.0%) samples deleted
finding control points in Brain_Stem....
found 3518 control points for structure...
bounding box (108, 140, 117) --> (145, 203, 149)
Brain_Stem: limiting intensities to 119.0 --> 132.0
8 of 11 (72.7%) samples deleted
using 230 total control points for intensity normalization...
bias field = 0.894 +- 0.076
0 of 222 control points discarded
finding control points in Left_Cerebral_White_Matter....
found 39915 control points for structure...
bounding box (121, 69, 48) --> (191, 182, 222)
Left_Cerebral_White_Matter: limiting intensities to 88.0 --> 132.0
0 of 278 (0.0%) samples deleted
finding control points in Right_Cerebral_White_Matter....
found 39557 control points for structure...
bounding box (56, 70, 46) --> (124, 177, 222)
Right_Cerebral_White_Matter: limiting intensities to 88.0 --> 132.0
0 of 159 (0.0%) samples deleted
finding control points in Left_Cerebellum_White_Matter....
found 3059 control points for structure...
bounding box (126, 157, 81) --> (178, 194, 138)
Left_Cerebellum_White_Matter: limiting intensities to 88.0 --> 132.0
22 of 48 (45.8%) samples deleted
finding control points in Right_Cerebellum_White_Matter....
found 2705 control points for structure...
bounding box (83, 157, 78) --> (126, 196, 139)
Right_Cerebellum_White_Matter: limiting intensities to 88.0 --> 132.0
27 of 76 (35.5%) samples deleted
finding control points in Brain_Stem....
found 3518 control points for structure...
bounding box (108, 140, 117) --> (145, 203, 149)
Brain_Stem: limiting intensities to 88.0 --> 132.0
16 of 94 (17.0%) samples deleted
using 655 total control points for intensity normalization...
bias field = 0.991 +- 0.092
0 of 578 control points discarded
finding control points in Left_Cerebral_White_Matter....
found 39915 control points for structure...
bounding box (121, 69, 48) --> (191, 182, 222)
Left_Cerebral_White_Matter: limiting intensities to 88.0 --> 132.0
0 of 320 (0.0%) samples deleted
finding control points in Right_Cerebral_White_Matter....
found 39557 control points for structure...
bounding box (56, 70, 46) --> (124, 177, 222)
Right_Cerebral_White_Matter: limiting intensities to 88.0 --> 132.0
0 of 287 (0.0%) samples deleted
finding control points in Left_Cerebellum_White_Matter....
found 3059 control points for structure...
bounding box (126, 157, 81) --> (178, 194, 138)
Left_Cerebellum_White_Matter: limiting intensities to 88.0 --> 132.0
76 of 101 (75.2%) samples deleted
finding control points in Right_Cerebellum_White_Matter....
found 2705 control points for structure...
bounding box (83, 157, 78) --> (126, 196, 139)
Right_Cerebellum_White_Matter: limiting intensities to 88.0 --> 132.0
72 of 90 (80.0%) samples deleted
finding control points in Brain_Stem....
found 3518 control points for structure...
bounding box (108, 140, 117) --> (145, 203, 149)
Brain_Stem: limiting intensities to 88.0 --> 132.0
41 of 147 (27.9%) samples deleted
using 945 total control points for intensity normalization...
bias field = 1.004 +- 0.076
0 of 742 control points discarded
writing normalized volume to norm.mgz...
writing control points to ctrl_pts.mgz
freeing GCA...done.
normalization took 4 minutes and 48 seconds.
#--------------------------------------
#@# CA Reg Mon Jan  1 22:46:00 UTC 2018
/usr/local/freesurfer/subjects/3225/mri

 mri_ca_register -rusage /usr/local/freesurfer/subjects/3225/touch/rusage.mri_ca_register.dat -nobigventricles -T transforms/talairach.lta -align-after -mask brainmask.mgz norm.mgz /usr/local/freesurfer/average/RB_all_2016-05-10.vc700.gca transforms/talairach.m3z 

not handling expanded ventricles...
using previously computed transform transforms/talairach.lta
renormalizing sequences with structure alignment, equivalent to:
	-renormalize
	-regularize_mean 0.500
	-regularize 0.500
using MR volume brainmask.mgz to mask input volume...

== Number of threads available to mri_ca_register for OpenMP = 1 == 
reading 1 input volumes...
logging results to talairach.log
reading input volume 'norm.mgz'...
reading GCA '/usr/local/freesurfer/average/RB_all_2016-05-10.vc700.gca'...
label assignment complete, 0 changed (0.00%)
det(m_affine) = 1.03 (predicted orig area = 7.8)
label assignment complete, 0 changed (0.00%)
freeing gibbs priors...done.
average std[0] = 5.0
**************** pass 1 of 1 ************************
enabling zero nodes
setting smoothness coefficient to 0.039
blurring input image with Gaussian with sigma=2.000...
0000: dt=0.000, rms=0.929, neg=0, invalid=762
0001: dt=228.500062, rms=0.850 (8.487%), neg=0, invalid=762
0002: dt=335.807833, rms=0.825 (3.012%), neg=0, invalid=762
0003: dt=155.654321, rms=0.814 (1.346%), neg=0, invalid=762
0004: dt=517.888000, rms=0.800 (1.696%), neg=0, invalid=762
0005: dt=135.344262, rms=0.795 (0.622%), neg=0, invalid=762
0006: dt=1183.744000, rms=0.781 (1.694%), neg=0, invalid=762
0007: dt=129.472000, rms=0.777 (0.562%), neg=0, invalid=762
0008: dt=517.888000, rms=0.772 (0.645%), neg=0, invalid=762
0009: dt=92.480000, rms=0.771 (0.059%), neg=0, invalid=762
0010: dt=92.480000, rms=0.771 (0.045%), neg=0, invalid=762
0011: dt=92.480000, rms=0.770 (0.088%), neg=0, invalid=762
0012: dt=92.480000, rms=0.769 (0.147%), neg=0, invalid=762
0013: dt=92.480000, rms=0.768 (0.217%), neg=0, invalid=762
0014: dt=92.480000, rms=0.766 (0.255%), neg=0, invalid=762
0015: dt=92.480000, rms=0.764 (0.277%), neg=0, invalid=762
0016: dt=92.480000, rms=0.762 (0.253%), neg=0, invalid=762
