status file for recon-all
Fri Jan 19 07:52:51 UTC 2018
#@# MotionCor Fri Jan 19 07:52:59 UTC 2018
#@# Talairach Fri Jan 19 07:53:23 UTC 2018
#@# Talairach Failure Detection Fri Jan 19 07:56:59 UTC 2018
#@# Nu Intensity Correction Fri Jan 19 07:57:00 UTC 2018
#@# Intensity Normalization Fri Jan 19 08:01:42 UTC 2018
#@# Skull Stripping Fri Jan 19 08:07:02 UTC 2018
#@# EM Registration Fri Jan 19 08:52:25 UTC 2018
#@# CA Normalize Fri Jan 19 09:40:52 UTC 2018
#@# CA Reg Fri Jan 19 09:44:50 UTC 2018
#@# SubCort Seg Fri Jan 19 16:18:27 UTC 2018
#@# Merge ASeg Fri Jan 19 18:58:49 UTC 2018
#@# Intensity Normalization2 Fri Jan 19 18:58:49 UTC 2018
#@# Mask BFS Fri Jan 19 19:07:31 UTC 2018
#@# WM Segmentation Fri Jan 19 19:07:36 UTC 2018
#@# Fill Fri Jan 19 19:12:47 UTC 2018
#@# Tessellate lh Fri Jan 19 19:14:52 UTC 2018
#@# Tessellate rh Fri Jan 19 19:15:09 UTC 2018
#@# Smooth1 lh Fri Jan 19 19:15:24 UTC 2018
#@# Smooth1 rh Fri Jan 19 19:15:36 UTC 2018
#@# Inflation1 lh Fri Jan 19 19:15:48 UTC 2018
#@# Inflation1 rh Fri Jan 19 19:17:02 UTC 2018
#@# QSphere lh Fri Jan 19 19:18:18 UTC 2018
#@# QSphere rh Fri Jan 19 19:26:27 UTC 2018
#@# Fix Topology Copy lh Fri Jan 19 19:33:59 UTC 2018
#@# Fix Topology Copy rh Fri Jan 19 19:33:59 UTC 2018
#@# Fix Topology lh Fri Jan 19 19:33:59 UTC 2018
#@# Fix Topology rh Fri Jan 19 20:58:42 UTC 2018
#@# Make White Surf lh Fri Jan 19 23:15:04 UTC 2018
#@# Make White Surf rh Fri Jan 19 23:25:48 UTC 2018
#@# Smooth2 lh Fri Jan 19 23:36:42 UTC 2018
#@# Smooth2 rh Fri Jan 19 23:36:54 UTC 2018
#@# Inflation2 lh Fri Jan 19 23:37:06 UTC 2018
#@# Inflation2 rh Fri Jan 19 23:38:21 UTC 2018
#@# Curv .H and .K lh Fri Jan 19 23:39:37 UTC 2018
#@# Curv .H and .K rh Fri Jan 19 23:42:33 UTC 2018
#@# Curvature Stats lh Fri Jan 19 23:45:25 UTC 2018
#@# Curvature Stats rh Fri Jan 19 23:45:34 UTC 2018
#@# Sphere lh Fri Jan 19 23:45:41 UTC 2018
#@# Sphere rh Sat Jan 20 01:20:36 UTC 2018
#@# Surf Reg lh Sat Jan 20 02:33:05 UTC 2018
#@# Surf Reg rh Sat Jan 20 04:25:50 UTC 2018
#@# Jacobian white lh Sat Jan 20 06:13:49 UTC 2018
#@# Jacobian white rh Sat Jan 20 06:13:53 UTC 2018
#@# AvgCurv lh Sat Jan 20 06:13:57 UTC 2018
#@# AvgCurv rh Sat Jan 20 06:14:01 UTC 2018
#@# Cortical Parc lh Sat Jan 20 06:14:04 UTC 2018
#@# Cortical Parc rh Sat Jan 20 06:14:32 UTC 2018
#@# Make Pial Surf lh Sat Jan 20 06:15:01 UTC 2018
#@# Make Pial Surf rh Sat Jan 20 06:44:21 UTC 2018
#@# Surf Volume lh Sat Jan 20 07:14:13 UTC 2018
#@# Surf Volume rh Sat Jan 20 07:14:20 UTC 2018
#@# Cortical ribbon mask Sat Jan 20 07:14:26 UTC 2018
#@# Parcellation Stats lh Sat Jan 20 07:43:11 UTC 2018
#@# Parcellation Stats rh Sat Jan 20 07:45:56 UTC 2018
#@# Cortical Parc 2 lh Sat Jan 20 07:48:38 UTC 2018
#@# Cortical Parc 2 rh Sat Jan 20 07:49:16 UTC 2018
#@# Parcellation Stats 2 lh Sat Jan 20 07:49:53 UTC 2018
#@# Parcellation Stats 2 rh Sat Jan 20 07:51:16 UTC 2018
#@# Cortical Parc 3 lh Sat Jan 20 07:52:37 UTC 2018
#@# Cortical Parc 3 rh Sat Jan 20 07:53:07 UTC 2018
#@# Parcellation Stats 3 lh Sat Jan 20 07:53:37 UTC 2018
#@# Parcellation Stats 3 rh Sat Jan 20 07:54:57 UTC 2018
#@# WM/GM Contrast lh Sat Jan 20 07:56:20 UTC 2018
#@# WM/GM Contrast rh Sat Jan 20 07:56:33 UTC 2018
#@# Relabel Hypointensities Sat Jan 20 07:56:45 UTC 2018
#@# AParc-to-ASeg aparc Sat Jan 20 07:57:33 UTC 2018
#@# AParc-to-ASeg a2009s Sat Jan 20 08:06:25 UTC 2018
#@# AParc-to-ASeg DKTatlas Sat Jan 20 08:15:23 UTC 2018
#@# APas-to-ASeg Sat Jan 20 08:24:28 UTC 2018
#@# ASeg Stats Sat Jan 20 08:24:42 UTC 2018
#@# WMParc Sat Jan 20 08:32:46 UTC 2018
#@# BA_exvivo Labels lh Sat Jan 20 08:52:36 UTC 2018
#@# BA_exvivo Labels rh Sat Jan 20 09:02:51 UTC 2018
recon-all -s 3762 finished without error at Sat Jan 20 09:13:08 UTC 2018
