status file for recon-all
Tue Jan 16 21:11:00 UTC 2018
#@# MotionCor Tue Jan 16 21:11:08 UTC 2018
#@# Talairach Tue Jan 16 21:11:33 UTC 2018
#@# Talairach Failure Detection Tue Jan 16 21:15:31 UTC 2018
#@# Nu Intensity Correction Tue Jan 16 21:15:32 UTC 2018
#@# Intensity Normalization Tue Jan 16 21:20:39 UTC 2018
#@# Skull Stripping Tue Jan 16 21:25:47 UTC 2018
#@# EM Registration Tue Jan 16 22:06:45 UTC 2018
#@# CA Normalize Tue Jan 16 22:44:36 UTC 2018
#@# CA Reg Tue Jan 16 22:48:10 UTC 2018
#@# SubCort Seg Wed Jan 17 05:47:08 UTC 2018
#@# Merge ASeg Wed Jan 17 08:55:04 UTC 2018
#@# Intensity Normalization2 Wed Jan 17 08:55:04 UTC 2018
#@# Mask BFS Wed Jan 17 09:02:53 UTC 2018
#@# WM Segmentation Wed Jan 17 09:02:57 UTC 2018
#@# Fill Wed Jan 17 09:08:40 UTC 2018
#@# Tessellate lh Wed Jan 17 09:10:37 UTC 2018
#@# Tessellate rh Wed Jan 17 09:10:52 UTC 2018
#@# Smooth1 lh Wed Jan 17 09:11:06 UTC 2018
#@# Smooth1 rh Wed Jan 17 09:11:17 UTC 2018
#@# Inflation1 lh Wed Jan 17 09:11:28 UTC 2018
#@# Inflation1 rh Wed Jan 17 09:12:38 UTC 2018
#@# QSphere lh Wed Jan 17 09:13:48 UTC 2018
#@# QSphere rh Wed Jan 17 09:21:06 UTC 2018
#@# Fix Topology Copy lh Wed Jan 17 09:28:06 UTC 2018
#@# Fix Topology Copy rh Wed Jan 17 09:28:06 UTC 2018
#@# Fix Topology lh Wed Jan 17 09:28:06 UTC 2018
#@# Fix Topology rh Wed Jan 17 11:01:33 UTC 2018
#@# Make White Surf lh Wed Jan 17 12:01:55 UTC 2018
#@# Make White Surf rh Wed Jan 17 12:11:52 UTC 2018
#@# Smooth2 lh Wed Jan 17 12:21:55 UTC 2018
#@# Smooth2 rh Wed Jan 17 12:22:08 UTC 2018
#@# Inflation2 lh Wed Jan 17 12:22:18 UTC 2018
#@# Inflation2 rh Wed Jan 17 12:23:28 UTC 2018
#@# Curv .H and .K lh Wed Jan 17 12:24:37 UTC 2018
#@# Curv .H and .K rh Wed Jan 17 12:27:28 UTC 2018
#@# Curvature Stats lh Wed Jan 17 12:30:11 UTC 2018
#@# Curvature Stats rh Wed Jan 17 12:30:18 UTC 2018
#@# Sphere lh Wed Jan 17 12:30:25 UTC 2018
#@# Sphere rh Wed Jan 17 14:04:29 UTC 2018
#@# Surf Reg lh Wed Jan 17 15:47:09 UTC 2018
#@# Surf Reg rh Wed Jan 17 17:51:30 UTC 2018
#@# Jacobian white lh Wed Jan 17 20:25:45 UTC 2018
#@# Jacobian white rh Wed Jan 17 20:25:50 UTC 2018
#@# AvgCurv lh Wed Jan 17 20:25:54 UTC 2018
#@# AvgCurv rh Wed Jan 17 20:25:57 UTC 2018
#@# Cortical Parc lh Wed Jan 17 20:26:01 UTC 2018
#@# Cortical Parc rh Wed Jan 17 20:26:35 UTC 2018
#@# Make Pial Surf lh Wed Jan 17 20:27:06 UTC 2018
#@# Make Pial Surf rh Wed Jan 17 20:58:22 UTC 2018
#@# Surf Volume lh Wed Jan 17 21:29:24 UTC 2018
#@# Surf Volume rh Wed Jan 17 21:29:30 UTC 2018
#@# Cortical ribbon mask Wed Jan 17 21:29:37 UTC 2018
#@# Parcellation Stats lh Wed Jan 17 21:54:47 UTC 2018
#@# Parcellation Stats rh Wed Jan 17 21:57:57 UTC 2018
#@# Cortical Parc 2 lh Wed Jan 17 22:01:14 UTC 2018
#@# Cortical Parc 2 rh Wed Jan 17 22:01:58 UTC 2018
#@# Parcellation Stats 2 lh Wed Jan 17 22:02:42 UTC 2018
#@# Parcellation Stats 2 rh Wed Jan 17 22:04:22 UTC 2018
#@# Cortical Parc 3 lh Wed Jan 17 22:06:03 UTC 2018
#@# Cortical Parc 3 rh Wed Jan 17 22:06:37 UTC 2018
#@# Parcellation Stats 3 lh Wed Jan 17 22:07:12 UTC 2018
#@# Parcellation Stats 3 rh Wed Jan 17 22:08:48 UTC 2018
#@# WM/GM Contrast lh Wed Jan 17 22:10:22 UTC 2018
#@# WM/GM Contrast rh Wed Jan 17 22:10:36 UTC 2018
#@# Relabel Hypointensities Wed Jan 17 22:10:50 UTC 2018
#@# AParc-to-ASeg aparc Wed Jan 17 22:11:51 UTC 2018
#@# AParc-to-ASeg a2009s Wed Jan 17 22:22:10 UTC 2018
#@# AParc-to-ASeg DKTatlas Wed Jan 17 22:31:51 UTC 2018
#@# APas-to-ASeg Wed Jan 17 22:41:11 UTC 2018
#@# ASeg Stats Wed Jan 17 22:41:26 UTC 2018
#@# WMParc Wed Jan 17 22:50:36 UTC 2018
#@# BA_exvivo Labels lh Wed Jan 17 23:10:30 UTC 2018
#@# BA_exvivo Labels rh Wed Jan 17 23:20:04 UTC 2018
recon-all -s 4115 finished without error at Wed Jan 17 23:29:30 UTC 2018
